#
# A fatal error has been detected by the Java Runtime Environment:
#
#  SIGBUS (0xa) at pc=0x000000010bb794f0, pid=23793, tid=30471
#
# JRE version: OpenJDK Runtime Environment (17.0.2+8) (build 17.0.2+8-86)
# Java VM: OpenJDK 64-Bit Server VM (17.0.2+8-86, mixed mode, sharing, tiered, compressed oops, compressed class ptrs, g1 gc, bsd-aarch64)
# Problematic frame:
# v  ~StubRoutines::SafeFetchN
#
# No core dump will be written. Core dumps have been disabled. To enable core dumping, try "ulimit -c unlimited" before starting Java again
#
# If you would like to submit a bug report, please visit:
#   https://bugreport.java.com/bugreport/crash.jsp
# The crash happened outside the Java Virtual Machine in native code.
# See problematic frame for where to report the bug.
#

---------------  S U M M A R Y ------------

Command Line: -javaagent:/Applications/IntelliJ IDEA.app/Contents/lib/idea_rt.jar=54454:/Applications/IntelliJ IDEA.app/Contents/bin -Dfile.encoding=UTF-8 --module-path=/Users/pranjulsingh/IdeaProjects/OOP-Assignment2-Final/target/classes:/Users/pranjulsingh/.m2/repository/org/openjfx/javafx-fxml/17.0.1/javafx-fxml-17.0.1-mac-aarch64.jar:/Users/pranjulsingh/.m2/repository/org/openjfx/javafx-base/17.0.1/javafx-base-17.0.1-mac-aarch64.jar:/Users/pranjulsingh/.m2/repository/org/openjfx/javafx-controls/17.0.1/javafx-controls-17.0.1-mac-aarch64.jar:/Users/pranjulsingh/.m2/repository/org/openjfx/javafx-graphics/17.0.1/javafx-graphics-17.0.1-mac-aarch64.jar -Djdk.module.main=com.example.oopassignment2final com.example.oopassignment2final/com.example.oopassignment2final.Main

Host: "MacBookPro17,1" arm64 1 MHz, 8 cores, 8G, Darwin 21.4.0, macOS 12.3.1 (21E258)
Time: Wed Apr 13 19:45:04 2022 EDT elapsed time: 2.126330 seconds (0d 0h 0m 2s)

---------------  T H R E A D  ---------------

Current thread (0x0000000137911c00):  JavaThread "InvokeLaterDispatcher" daemon [_thread_in_native, id=30471, stack(0x0000000170590000,0x0000000170793000)]

Stack: [0x0000000170590000,0x0000000170793000],  sp=0x0000000170792780,  free space=2057k
Native frames: (J=compiled Java code, j=interpreted, Vv=VM code, C=native code)
v  ~StubRoutines::SafeFetchN
V  [libjvm.dylib+0x7a6bcc]  _ZN10OopStorage7releaseEPKP7oopDesc+0x20
V  [libjvm.dylib+0x4ba824]  jni_DeleteGlobalRef+0xd8
C  [libglass.dylib+0xab08]  -[GlassRunnable dealloc]+0x34
C  [Foundation+0x85618]  -[_NSThreadPerformInfo dealloc]+0x30
C  [Foundation+0x5198c]  -[NSObject(NSThreadPerformAdditions) performSelectorOnMainThread:withObject:waitUntilDone:]+0x88
C  0x1e0880010bb818ac
j  com.sun.glass.ui.mac.MacApplication.submitForLaterInvocation(Ljava/lang/Runnable;)V+2 javafx.graphics
j  com.sun.glass.ui.InvokeLaterDispatcher.run()V+82 javafx.graphics
v  ~StubRoutines::call_stub
V  [libjvm.dylib+0x461d08]  _ZN9JavaCalls11call_helperEP9JavaValueRK12methodHandleP17JavaCallArgumentsP10JavaThread+0x38c
V  [libjvm.dylib+0x460d24]  _ZN9JavaCalls12call_virtualEP9JavaValueP5KlassP6SymbolS5_P17JavaCallArgumentsP10JavaThread+0x11c
V  [libjvm.dylib+0x460df0]  _ZN9JavaCalls12call_virtualEP9JavaValue6HandleP5KlassP6SymbolS6_P10JavaThread+0x64
V  [libjvm.dylib+0x515f04]  _ZL12thread_entryP10JavaThreadS0_+0xc4
V  [libjvm.dylib+0x9071ac]  _ZN10JavaThread17thread_main_innerEv+0x13c
V  [libjvm.dylib+0x9058c0]  _ZN6Thread8call_runEv+0x128
V  [libjvm.dylib+0x7ad7c8]  _ZL19thread_native_entryP6Thread+0x158
C  [libsystem_pthread.dylib+0x726c]  _pthread_start+0x94

Java frames: (J=compiled Java code, j=interpreted, Vv=VM code)
j  com.sun.glass.ui.mac.MacApplication._submitForLaterInvocation(Ljava/lang/Runnable;)V+0 javafx.graphics
j  com.sun.glass.ui.mac.MacApplication.submitForLaterInvocation(Ljava/lang/Runnable;)V+2 javafx.graphics
j  com.sun.glass.ui.InvokeLaterDispatcher.run()V+82 javafx.graphics
v  ~StubRoutines::call_stub

siginfo: si_signo: 10 (SIGBUS), si_code: 1 (BUS_ADRALN), si_addr: 0x000000010bb794f0

Register to memory mapping:

 x0=0x0000000126e050c8 is a global jni handle
 x1=0x0 is NULL
 x2=0x0000000786201a98 is an oop: com.sun.glass.ui.InvokeLaterDispatcher$Future 
{0x0000000786201a98} - klass: 'com/sun/glass/ui/InvokeLaterDispatcher$Future'
 - ---- fields (total size 3 words):
 - private 'done' 'Z' @12  true
 - private final 'runnable' 'Ljava/lang/Runnable;' @16  a 'com/sun/javafx/application/PlatformImpl$$Lambda$92+0x0000000800c81d88'{0x0000000785cd6f38} (f0b9ade7)
 - final synthetic 'this$0' 'Lcom/sun/glass/ui/InvokeLaterDispatcher;' @20  a 'com/sun/glass/ui/InvokeLaterDispatcher'{0x0000000786835548} (f0d06aa9)
 x3=0x0 is NULL
 x4=0x00000000000130a8 is an unknown value
 x5=0x0 is NULL
 x6=0x0 is NULL
 x7=0x0 is NULL
 x8=0x000000010bb794ec is at begin+0 in a stub
StubRoutines::SafeFetchN [0x000000010bb794ec, 0x000000010bb794f8] (12 bytes)
 x9=0x0 is NULL
x10=0x2010000030300000 is an unknown value
x11=0x0000000000000007 is an unknown value
x12=0x0000000000000004 is an unknown value
x13=0x0000600002a63590 points into unknown readable memory: 0xbb0680019abe7c40 | 40 7c be 9a 01 80 06 bb
x14=0x0000060000000000 is an unknown value
x15=0x0000000125fddf98: OBJC_CLASS_$_GlassRunnable+0 in /Users/pranjulsingh/.openjfx/cache/17.0.1/libglass.dylib at 0x0000000125f98000
x16=0x000000019ad510fc: pthread_getspecific+0 in /usr/lib/system/libsystem_pthread.dylib at 0x000000019ad4f000
x17=0x00006000020426a0 points into unknown readable memory: 0xfffffffffffffffe | fe ff ff ff ff ff ff ff
x18=0x0 is NULL
x19=0x0000600002f41730 points into unknown readable memory: 0x0000600000645540 | 40 55 64 00 00 60 00 00
x20=0x0000000126e04ec0 points into unknown readable memory: 0xb1213ec60eb0b4de | de b4 b0 0e c6 3e 21 b1
x21=0x0000000126e050c8 is a global jni handle
x22=0x0000000137911c00 is a thread
x23=0x0000000000000001 is an unknown value
x24=0x0000000126e05080 is a global jni handle
x25=0x00000001040395e8: _ZN12StubRoutines17_safefetchN_entryE+0 in /Users/pranjulsingh/Library/Java/JavaVirtualMachines/openjdk-17.0.2/Contents/Home/lib/server/libjvm.dylib at 0x0000000103488000
x26=0x0000000121118270 is pointing into metadata
x27=0x0 is NULL
x28=0x0000000137911c00 is a thread


Registers:
 x0=0x0000000126e050c8  x1=0x0000000000000000  x2=0x0000000786201a98  x3=0x0000000000000000
 x4=0x00000000000130a8  x5=0x0000000000000000  x6=0x0000000000000000  x7=0x0000000000000000
 x8=0x000000010bb794ec  x9=0x0000000000000000 x10=0x2010000030300000 x11=0x0000000000000007
x12=0x0000000000000004 x13=0x0000600002a63590 x14=0x0000060000000000 x15=0x0000000125fddf98
x16=0x000000019ad510fc x17=0x00006000020426a0 x18=0x0000000000000000 x19=0x0000600002f41730
x20=0x0000000126e04ec0 x21=0x0000000126e050c8 x22=0x0000000137911c00 x23=0x0000000000000001
x24=0x0000000126e05080 x25=0x00000001040395e8 x26=0x0000000121118270 x27=0x0000000000000000
x28=0x0000000137911c00  fp=0x00000001707927c0  lr=0x0000000103c2d99c  sp=0x0000000170792780
pc=0x000000010bb794f0 cpsr=0x0000000060001000
Top of Stack: (sp=0x0000000170792780)
0x0000000170792780:   0000000121118270 0000000000000001
0x0000000170792790:   0000000170792988 0000000000000000
0x00000001707927a0:   00000001218ff4a8 0000000126e050b0
0x00000001707927b0:   0000000126e050b0 0000600002f41730
0x00000001707927c0:   0000000170792800 0000000103c2ebcc
0x00000001707927d0:   0000000000000001 0000000126e050b0
0x00000001707927e0:   00000001218ff4a8 0000000126e050b0
0x00000001707927f0:   0000000000000001 00000001218ff200
0x0000000170792800:   0000000170792840 0000000103942824
0x0000000170792810:   0000000170792988 0000600000654600
0x0000000170792820:   0000600000654570 00000001e4e16be0
0x0000000170792830:   0000000000000000 0000600000654570
0x0000000170792840:   0000000170792870 0000000125fa2b08
0x0000000170792850:   487cc46c3af60095 0000000000000000
0x0000000170792860:   0000000000000000 0000600001105980
0x0000000170792870:   00000001707928b0 000000019bd1e618
0x0000000170792880:   0000000170792988 0000600000654600
0x0000000170792890:   0000600000654570 487cc46c3af60095
0x00000001707928a0:   0000000000000000 0000000000000000
0x00000001707928b0:   00000001707928f0 2c6d80019bcea98c
0x00000001707928c0:   0000000170792988 000000010bb807c0
0x00000001707928d0:   0000000000000000 0000000104040fa8
0x00000001707928e0:   0000000170792900 000000010bb7f730
0x00000001707928f0:   0000000170792960 1e0880010bb818ac
0x0000000170792900:   0000000170792900 000000080098b325
0x0000000170792910:   0000000170792910 0000000000000000
0x0000000170792920:   0000000170792988 0000000121118270
0x0000000170792930:   00000007868212e0 0000000000000000
0x0000000170792940:   0000000000000000 00000001210f7138
0x0000000170792950:   0000000000000000 0000000170792960
0x0000000170792960:   00000001707929e0 000000010bb7dfc8
0x0000000170792970:   0000000000000000 0000000000000000 

Instructions: (pc=0x000000010bb794f0)
0x000000010bb793f0:   f2a08009 f2c00029 6d425935 1e640886
0x000000010bb79400:   0c402d31 1e6408c7 1f5654d0 1e6c1017
0x000000010bb79410:   1f5050d0 1f504cd0 1f5048d0 1e650af6
0x000000010bb79420:   1f50d8f6 1f5694d6 1f5158f6 1e762880
0x000000010bb79430:   36000501 1e614000 14000026 2e251ca5
0x000000010bb79440:   d28c3009 f2a08009 f2c00029 6d425d36
0x000000010bb79450:   1e600806 0c402d32 1f5758c7 1e6c101a
0x000000010bb79460:   1f4754c7 1e650805 1f4750c7 d2866668
0x000000010bb79470:   f2a7fa68 1f474cc7 1e6608c0 1f4748c7
0x000000010bb79480:   1e6e1019 eb08007f 540000ac 1f479400
0x000000010bb79490:   1f460340 1e603b20 1400000e d2a7fd29
0x000000010bb794a0:   eb09007f 540000ac 51480069 d3607d29
0x000000010bb794b0:   9e670121 14000002 1e6a5001 1f679417
0x000000010bb794c0:   1f668742 1e613b23 1e773857 1e773860
0x000000010bb794d0:   a8c17ff3 910003bf a8c17bfd d65f03c0
0x000000010bb794e0:   b9400001 aa0103e0 d65f03c0 f9400001
0x000000010bb794f0:   aa0103e0 d65f03c0 00000000 00000000
0x000000010bb79500:   00000000 00000000 00000000 00000000
0x000000010bb79510:   00000000 00000000 00000000 00000000
0x000000010bb79520:   00000000 00000000 00000000 00000000
0x000000010bb79530:   00000000 00000000 00000000 00000000
0x000000010bb79540:   00000000 00000000 00000000 00000000
0x000000010bb79550:   00000000 00000000 00000000 00000000
0x000000010bb79560:   00000000 00000000 00000000 00000000
0x000000010bb79570:   00000000 00000000 00000000 00000000
0x000000010bb79580:   00000000 00000000 00000000 00000000
0x000000010bb79590:   00000000 00000000 00000000 00000000
0x000000010bb795a0:   00000000 00000000 00000000 00000000
0x000000010bb795b0:   00000000 00000000 00000000 00000000
0x000000010bb795c0:   00000000 00000000 00000000 00000000
0x000000010bb795d0:   00000000 00000000 00000000 00000000
0x000000010bb795e0:   00000000 00000000 00000000 00000000 


Stack slot to memory mapping:
stack at sp + 0 slots: 0x0000000121118270 is pointing into metadata
stack at sp + 1 slots: 0x0000000000000001 is an unknown value
stack at sp + 2 slots: 0x0000000170792988 is pointing into the stack for thread: 0x0000000137911c00
stack at sp + 3 slots: 0x0 is NULL
stack at sp + 4 slots: 0x00000001218ff4a8 points into unknown readable memory: 0x0000000103ff6738 | 38 67 ff 03 01 00 00 00
stack at sp + 5 slots: 0x0000000126e050b0 is a global jni handle
stack at sp + 6 slots: 0x0000000126e050b0 is a global jni handle
stack at sp + 7 slots: 0x0000600002f41730 points into unknown readable memory: 0x0000600000645540 | 40 55 64 00 00 60 00 00

StubRoutines::SafeFetchN [0x000000010bb794ec, 0x000000010bb794f8] (12 bytes)
[MachCode]
  0x000000010bb794ec: 0100 40f9 | e003 01aa | c003 5fd6 
[/MachCode]

---------------  P R O C E S S  ---------------

Threads class SMR info:
_java_thread_list=0x000060000049f620, length=20, elements={
0x000000013700dc00, 0x00000001370bfe00, 0x000000012180a400, 0x0000000121808200,
0x0000000121808800, 0x0000000121808e00, 0x0000000138008800, 0x0000000138008e00,
0x0000000138014600, 0x000000012180d000, 0x00000001370b9000, 0x00000001370b8800,
0x0000000137823a00, 0x0000000137911c00, 0x00000001218ff200, 0x000000013791fa00,
0x000000013720f000, 0x000000013796f800, 0x00000001379c4200, 0x00000001379fe400
}

Java Threads: ( => current thread )
  0x000000013700dc00 JavaThread "main" [_thread_blocked, id=9987, stack(0x000000016db88000,0x000000016dd8b000)]
  0x00000001370bfe00 JavaThread "Reference Handler" daemon [_thread_blocked, id=16643, stack(0x000000016e9dc000,0x000000016ebdf000)]
  0x000000012180a400 JavaThread "Finalizer" daemon [_thread_blocked, id=15619, stack(0x000000016ebe8000,0x000000016edeb000)]
  0x0000000121808200 JavaThread "Signal Dispatcher" daemon [_thread_blocked, id=22787, stack(0x000000016ef0c000,0x000000016f10f000)]
  0x0000000121808800 JavaThread "Service Thread" daemon [_thread_blocked, id=23299, stack(0x000000016f118000,0x000000016f31b000)]
  0x0000000121808e00 JavaThread "Monitor Deflation Thread" daemon [_thread_blocked, id=23811, stack(0x000000016f324000,0x000000016f527000)]
  0x0000000138008800 JavaThread "C2 CompilerThread0" daemon [_thread_in_native, id=41987, stack(0x000000016f530000,0x000000016f733000)]
  0x0000000138008e00 JavaThread "C1 CompilerThread0" daemon [_thread_in_native, id=24067, stack(0x000000016f73c000,0x000000016f93f000)]
  0x0000000138014600 JavaThread "Sweeper thread" daemon [_thread_blocked, id=24579, stack(0x000000016f948000,0x000000016fb4b000)]
  0x000000012180d000 JavaThread "Common-Cleaner" daemon [_thread_blocked, id=41219, stack(0x000000016fb54000,0x000000016fd57000)]
  0x00000001370b9000 JavaThread "Monitor Ctrl-Break" daemon [_thread_in_native, id=40707, stack(0x000000016fd60000,0x000000016ff63000)]
  0x00000001370b8800 JavaThread "Notification Thread" daemon [_thread_blocked, id=40451, stack(0x000000016ff6c000,0x000000017016f000)]
  0x0000000137823a00 JavaThread "QuantumRenderer-0" daemon [_thread_blocked, id=25603, stack(0x0000000170384000,0x0000000170587000)]
=>0x0000000137911c00 JavaThread "InvokeLaterDispatcher" daemon [_thread_in_native, id=30471, stack(0x0000000170590000,0x0000000170793000)]
  0x00000001218ff200 JavaThread "JavaFX Application Thread" [_thread_in_vm, id=259, stack(0x000000016d300000,0x000000016dafc000)]
  0x000000013791fa00 JavaThread "PulseTimer-CVDisplayLink thread" daemon [_thread_in_native, id=79875, stack(0x000000017079c000,0x000000017081f000)]
  0x000000013720f000 JavaThread "JavaFX-Launcher" [_thread_blocked, id=55303, stack(0x0000000170a34000,0x0000000170c37000)]
  0x000000013796f800 JavaThread "Prism Font Disposer" daemon [_thread_blocked, id=60939, stack(0x000000017167c000,0x000000017187f000)]
  0x00000001379c4200 JavaThread "Cleaner-0" daemon [_thread_blocked, id=172555, stack(0x0000000171a2c000,0x0000000171c2f000)]
  0x00000001379fe400 JavaThread "Attach Listener" daemon [_thread_blocked, id=73479, stack(0x0000000171c38000,0x0000000171e3b000)]

Other Threads:
  0x0000000136e0e9b0 VMThread "VM Thread" [stack: 0x000000016e7d0000,0x000000016e9d3000] [id=17155]
  0x0000000136e13640 WatcherThread [stack: 0x0000000170178000,0x000000017037b000] [id=25347]
  0x0000000136e07720 GCTaskThread "GC Thread#0" [stack: 0x000000016dd94000,0x000000016df97000] [id=12803]
  0x0000000126e2cf00 GCTaskThread "GC Thread#1" [stack: 0x0000000170c40000,0x0000000170e43000] [id=74499]
  0x0000000126e2d380 GCTaskThread "GC Thread#2" [stack: 0x0000000170e4c000,0x000000017104f000] [id=59395]
  0x0000000136e33640 GCTaskThread "GC Thread#3" [stack: 0x0000000171058000,0x000000017125b000] [id=59907]
  0x0000000136e33ee0 GCTaskThread "GC Thread#4" [stack: 0x0000000171264000,0x0000000171467000] [id=60163]
  0x0000000136e34750 GCTaskThread "GC Thread#5" [stack: 0x0000000171470000,0x0000000171673000] [id=73731]
  0x0000000136e07dd0 ConcurrentGCThread "G1 Main Marker" [stack: 0x000000016dfa0000,0x000000016e1a3000] [id=19971]
  0x0000000136e08650 ConcurrentGCThread "G1 Conc#0" [stack: 0x000000016e1ac000,0x000000016e3af000] [id=19203]
  0x0000000136e0a4c0 ConcurrentGCThread "G1 Refine#0" [stack: 0x000000016e3b8000,0x000000016e5bb000] [id=18691]
  0x0000000136e0ad60 ConcurrentGCThread "G1 Service" [stack: 0x000000016e5c4000,0x000000016e7c7000] [id=18179]

Threads with active compile tasks:
C2 CompilerThread0     2138 2086       4       java.lang.Enum::valueOf (73 bytes)
C1 CompilerThread0     2138 2092 %     3       com.sun.marlin.Renderer::_endRendering @ 763 (2473 bytes)

VM state: not at safepoint (normal execution)

VM Mutex/Monitor currently owned by a thread: None

Heap address: 0x0000000780000000, size: 2048 MB, Compressed Oops mode: Zero based, Oop shift amount: 3

CDS archive(s) mapped at: [0x0000000800000000-0x0000000800bd4000-0x0000000800bd4000), size 12402688, SharedBaseAddress: 0x0000000800000000, ArchiveRelocationMode: 0.
Compressed class space mapped at: 0x0000000800c00000-0x0000000840c00000, reserved size: 1073741824
Narrow klass base: 0x0000000800000000, Narrow klass shift: 0, Narrow klass range: 0x100000000

GC Precious Log:
 CPUs: 8 total, 8 available
 Memory: 8192M
 Large Page Support: Disabled
 NUMA Support: Disabled
 Compressed Oops: Enabled (Zero based)
 Heap Region Size: 1M
 Heap Min Capacity: 8M
 Heap Initial Capacity: 128M
 Heap Max Capacity: 2G
 Pre-touch: Disabled
 Parallel Workers: 8
 Concurrent Workers: 2
 Concurrent Refinement Workers: 8
 Periodic GC: Disabled

Heap:
 garbage-first heap   total 133120K, used 39409K [0x0000000780000000, 0x0000000800000000)
  region size 1024K, 36 young (36864K), 3 survivors (3072K)
 Metaspace       used 15659K, committed 15872K, reserved 1064960K
  class space    used 2372K, committed 2496K, reserved 1048576K

Heap Regions: E=young(eden), S=young(survivor), O=old, HS=humongous(starts), HC=humongous(continues), CS=collection set, F=free, OA=open archive, CA=closed archive, TAMS=top-at-mark-start (previous, next)
|   0|0x0000000780000000, 0x0000000780084600, 0x0000000780100000| 51%| O|  |TAMS 0x0000000780000000, 0x0000000780000000| Untracked 
|   1|0x0000000780100000, 0x0000000780200000, 0x0000000780200000|100%|HS|  |TAMS 0x0000000780100000, 0x0000000780100000| Complete 
|   2|0x0000000780200000, 0x0000000780300000, 0x0000000780300000|100%|HC|  |TAMS 0x0000000780200000, 0x0000000780200000| Complete 
|   3|0x0000000780300000, 0x0000000780300000, 0x0000000780400000|  0%| F|  |TAMS 0x0000000780300000, 0x0000000780300000| Untracked 
|   4|0x0000000780400000, 0x0000000780400000, 0x0000000780500000|  0%| F|  |TAMS 0x0000000780400000, 0x0000000780400000| Untracked 
|   5|0x0000000780500000, 0x0000000780500000, 0x0000000780600000|  0%| F|  |TAMS 0x0000000780500000, 0x0000000780500000| Untracked 
|   6|0x0000000780600000, 0x0000000780600000, 0x0000000780700000|  0%| F|  |TAMS 0x0000000780600000, 0x0000000780600000| Untracked 
|   7|0x0000000780700000, 0x0000000780700000, 0x0000000780800000|  0%| F|  |TAMS 0x0000000780700000, 0x0000000780700000| Untracked 
|   8|0x0000000780800000, 0x0000000780800000, 0x0000000780900000|  0%| F|  |TAMS 0x0000000780800000, 0x0000000780800000| Untracked 
|   9|0x0000000780900000, 0x0000000780900000, 0x0000000780a00000|  0%| F|  |TAMS 0x0000000780900000, 0x0000000780900000| Untracked 
|  10|0x0000000780a00000, 0x0000000780a00000, 0x0000000780b00000|  0%| F|  |TAMS 0x0000000780a00000, 0x0000000780a00000| Untracked 
|  11|0x0000000780b00000, 0x0000000780b00000, 0x0000000780c00000|  0%| F|  |TAMS 0x0000000780b00000, 0x0000000780b00000| Untracked 
|  12|0x0000000780c00000, 0x0000000780c00000, 0x0000000780d00000|  0%| F|  |TAMS 0x0000000780c00000, 0x0000000780c00000| Untracked 
|  13|0x0000000780d00000, 0x0000000780d00000, 0x0000000780e00000|  0%| F|  |TAMS 0x0000000780d00000, 0x0000000780d00000| Untracked 
|  14|0x0000000780e00000, 0x0000000780e00000, 0x0000000780f00000|  0%| F|  |TAMS 0x0000000780e00000, 0x0000000780e00000| Untracked 
|  15|0x0000000780f00000, 0x0000000780f00000, 0x0000000781000000|  0%| F|  |TAMS 0x0000000780f00000, 0x0000000780f00000| Untracked 
|  16|0x0000000781000000, 0x0000000781000000, 0x0000000781100000|  0%| F|  |TAMS 0x0000000781000000, 0x0000000781000000| Untracked 
|  17|0x0000000781100000, 0x0000000781100000, 0x0000000781200000|  0%| F|  |TAMS 0x0000000781100000, 0x0000000781100000| Untracked 
|  18|0x0000000781200000, 0x0000000781200000, 0x0000000781300000|  0%| F|  |TAMS 0x0000000781200000, 0x0000000781200000| Untracked 
|  19|0x0000000781300000, 0x0000000781300000, 0x0000000781400000|  0%| F|  |TAMS 0x0000000781300000, 0x0000000781300000| Untracked 
|  20|0x0000000781400000, 0x0000000781400000, 0x0000000781500000|  0%| F|  |TAMS 0x0000000781400000, 0x0000000781400000| Untracked 
|  21|0x0000000781500000, 0x0000000781500000, 0x0000000781600000|  0%| F|  |TAMS 0x0000000781500000, 0x0000000781500000| Untracked 
|  22|0x0000000781600000, 0x0000000781600000, 0x0000000781700000|  0%| F|  |TAMS 0x0000000781600000, 0x0000000781600000| Untracked 
|  23|0x0000000781700000, 0x0000000781700000, 0x0000000781800000|  0%| F|  |TAMS 0x0000000781700000, 0x0000000781700000| Untracked 
|  24|0x0000000781800000, 0x0000000781800000, 0x0000000781900000|  0%| F|  |TAMS 0x0000000781800000, 0x0000000781800000| Untracked 
|  25|0x0000000781900000, 0x0000000781900000, 0x0000000781a00000|  0%| F|  |TAMS 0x0000000781900000, 0x0000000781900000| Untracked 
|  26|0x0000000781a00000, 0x0000000781a00000, 0x0000000781b00000|  0%| F|  |TAMS 0x0000000781a00000, 0x0000000781a00000| Untracked 
|  27|0x0000000781b00000, 0x0000000781b00000, 0x0000000781c00000|  0%| F|  |TAMS 0x0000000781b00000, 0x0000000781b00000| Untracked 
|  28|0x0000000781c00000, 0x0000000781c00000, 0x0000000781d00000|  0%| F|  |TAMS 0x0000000781c00000, 0x0000000781c00000| Untracked 
|  29|0x0000000781d00000, 0x0000000781d00000, 0x0000000781e00000|  0%| F|  |TAMS 0x0000000781d00000, 0x0000000781d00000| Untracked 
|  30|0x0000000781e00000, 0x0000000781e00000, 0x0000000781f00000|  0%| F|  |TAMS 0x0000000781e00000, 0x0000000781e00000| Untracked 
|  31|0x0000000781f00000, 0x0000000781f00000, 0x0000000782000000|  0%| F|  |TAMS 0x0000000781f00000, 0x0000000781f00000| Untracked 
|  32|0x0000000782000000, 0x0000000782000000, 0x0000000782100000|  0%| F|  |TAMS 0x0000000782000000, 0x0000000782000000| Untracked 
|  33|0x0000000782100000, 0x0000000782100000, 0x0000000782200000|  0%| F|  |TAMS 0x0000000782100000, 0x0000000782100000| Untracked 
|  34|0x0000000782200000, 0x0000000782200000, 0x0000000782300000|  0%| F|  |TAMS 0x0000000782200000, 0x0000000782200000| Untracked 
|  35|0x0000000782300000, 0x0000000782300000, 0x0000000782400000|  0%| F|  |TAMS 0x0000000782300000, 0x0000000782300000| Untracked 
|  36|0x0000000782400000, 0x0000000782400000, 0x0000000782500000|  0%| F|  |TAMS 0x0000000782400000, 0x0000000782400000| Untracked 
|  37|0x0000000782500000, 0x0000000782500000, 0x0000000782600000|  0%| F|  |TAMS 0x0000000782500000, 0x0000000782500000| Untracked 
|  38|0x0000000782600000, 0x0000000782600000, 0x0000000782700000|  0%| F|  |TAMS 0x0000000782600000, 0x0000000782600000| Untracked 
|  39|0x0000000782700000, 0x0000000782700000, 0x0000000782800000|  0%| F|  |TAMS 0x0000000782700000, 0x0000000782700000| Untracked 
|  40|0x0000000782800000, 0x0000000782800000, 0x0000000782900000|  0%| F|  |TAMS 0x0000000782800000, 0x0000000782800000| Untracked 
|  41|0x0000000782900000, 0x0000000782900000, 0x0000000782a00000|  0%| F|  |TAMS 0x0000000782900000, 0x0000000782900000| Untracked 
|  42|0x0000000782a00000, 0x0000000782a00000, 0x0000000782b00000|  0%| F|  |TAMS 0x0000000782a00000, 0x0000000782a00000| Untracked 
|  43|0x0000000782b00000, 0x0000000782b00000, 0x0000000782c00000|  0%| F|  |TAMS 0x0000000782b00000, 0x0000000782b00000| Untracked 
|  44|0x0000000782c00000, 0x0000000782c00000, 0x0000000782d00000|  0%| F|  |TAMS 0x0000000782c00000, 0x0000000782c00000| Untracked 
|  45|0x0000000782d00000, 0x0000000782d00000, 0x0000000782e00000|  0%| F|  |TAMS 0x0000000782d00000, 0x0000000782d00000| Untracked 
|  46|0x0000000782e00000, 0x0000000782e00000, 0x0000000782f00000|  0%| F|  |TAMS 0x0000000782e00000, 0x0000000782e00000| Untracked 
|  47|0x0000000782f00000, 0x0000000782f00000, 0x0000000783000000|  0%| F|  |TAMS 0x0000000782f00000, 0x0000000782f00000| Untracked 
|  48|0x0000000783000000, 0x0000000783000000, 0x0000000783100000|  0%| F|  |TAMS 0x0000000783000000, 0x0000000783000000| Untracked 
|  49|0x0000000783100000, 0x0000000783100000, 0x0000000783200000|  0%| F|  |TAMS 0x0000000783100000, 0x0000000783100000| Untracked 
|  50|0x0000000783200000, 0x0000000783200000, 0x0000000783300000|  0%| F|  |TAMS 0x0000000783200000, 0x0000000783200000| Untracked 
|  51|0x0000000783300000, 0x0000000783300000, 0x0000000783400000|  0%| F|  |TAMS 0x0000000783300000, 0x0000000783300000| Untracked 
|  52|0x0000000783400000, 0x0000000783400000, 0x0000000783500000|  0%| F|  |TAMS 0x0000000783400000, 0x0000000783400000| Untracked 
|  53|0x0000000783500000, 0x0000000783500000, 0x0000000783600000|  0%| F|  |TAMS 0x0000000783500000, 0x0000000783500000| Untracked 
|  54|0x0000000783600000, 0x0000000783600000, 0x0000000783700000|  0%| F|  |TAMS 0x0000000783600000, 0x0000000783600000| Untracked 
|  55|0x0000000783700000, 0x0000000783700000, 0x0000000783800000|  0%| F|  |TAMS 0x0000000783700000, 0x0000000783700000| Untracked 
|  56|0x0000000783800000, 0x0000000783800000, 0x0000000783900000|  0%| F|  |TAMS 0x0000000783800000, 0x0000000783800000| Untracked 
|  57|0x0000000783900000, 0x0000000783900000, 0x0000000783a00000|  0%| F|  |TAMS 0x0000000783900000, 0x0000000783900000| Untracked 
|  58|0x0000000783a00000, 0x0000000783a00000, 0x0000000783b00000|  0%| F|  |TAMS 0x0000000783a00000, 0x0000000783a00000| Untracked 
|  59|0x0000000783b00000, 0x0000000783b00000, 0x0000000783c00000|  0%| F|  |TAMS 0x0000000783b00000, 0x0000000783b00000| Untracked 
|  60|0x0000000783c00000, 0x0000000783c00000, 0x0000000783d00000|  0%| F|  |TAMS 0x0000000783c00000, 0x0000000783c00000| Untracked 
|  61|0x0000000783d00000, 0x0000000783d00000, 0x0000000783e00000|  0%| F|  |TAMS 0x0000000783d00000, 0x0000000783d00000| Untracked 
|  62|0x0000000783e00000, 0x0000000783e00000, 0x0000000783f00000|  0%| F|  |TAMS 0x0000000783e00000, 0x0000000783e00000| Untracked 
|  63|0x0000000783f00000, 0x0000000783f00000, 0x0000000784000000|  0%| F|  |TAMS 0x0000000783f00000, 0x0000000783f00000| Untracked 
|  64|0x0000000784000000, 0x0000000784000000, 0x0000000784100000|  0%| F|  |TAMS 0x0000000784000000, 0x0000000784000000| Untracked 
|  65|0x0000000784100000, 0x0000000784100000, 0x0000000784200000|  0%| F|  |TAMS 0x0000000784100000, 0x0000000784100000| Untracked 
|  66|0x0000000784200000, 0x0000000784200000, 0x0000000784300000|  0%| F|  |TAMS 0x0000000784200000, 0x0000000784200000| Untracked 
|  67|0x0000000784300000, 0x0000000784300000, 0x0000000784400000|  0%| F|  |TAMS 0x0000000784300000, 0x0000000784300000| Untracked 
|  68|0x0000000784400000, 0x0000000784400000, 0x0000000784500000|  0%| F|  |TAMS 0x0000000784400000, 0x0000000784400000| Untracked 
|  69|0x0000000784500000, 0x0000000784500000, 0x0000000784600000|  0%| F|  |TAMS 0x0000000784500000, 0x0000000784500000| Untracked 
|  70|0x0000000784600000, 0x0000000784600000, 0x0000000784700000|  0%| F|  |TAMS 0x0000000784600000, 0x0000000784600000| Untracked 
|  71|0x0000000784700000, 0x0000000784700000, 0x0000000784800000|  0%| F|  |TAMS 0x0000000784700000, 0x0000000784700000| Untracked 
|  72|0x0000000784800000, 0x0000000784800000, 0x0000000784900000|  0%| F|  |TAMS 0x0000000784800000, 0x0000000784800000| Untracked 
|  73|0x0000000784900000, 0x0000000784900000, 0x0000000784a00000|  0%| F|  |TAMS 0x0000000784900000, 0x0000000784900000| Untracked 
|  74|0x0000000784a00000, 0x0000000784a00000, 0x0000000784b00000|  0%| F|  |TAMS 0x0000000784a00000, 0x0000000784a00000| Untracked 
|  75|0x0000000784b00000, 0x0000000784b00000, 0x0000000784c00000|  0%| F|  |TAMS 0x0000000784b00000, 0x0000000784b00000| Untracked 
|  76|0x0000000784c00000, 0x0000000784c00000, 0x0000000784d00000|  0%| F|  |TAMS 0x0000000784c00000, 0x0000000784c00000| Untracked 
|  77|0x0000000784d00000, 0x0000000784d00000, 0x0000000784e00000|  0%| F|  |TAMS 0x0000000784d00000, 0x0000000784d00000| Untracked 
|  78|0x0000000784e00000, 0x0000000784e00000, 0x0000000784f00000|  0%| F|  |TAMS 0x0000000784e00000, 0x0000000784e00000| Untracked 
|  79|0x0000000784f00000, 0x0000000784f00000, 0x0000000785000000|  0%| F|  |TAMS 0x0000000784f00000, 0x0000000784f00000| Untracked 
|  80|0x0000000785000000, 0x0000000785000000, 0x0000000785100000|  0%| F|  |TAMS 0x0000000785000000, 0x0000000785000000| Untracked 
|  81|0x0000000785100000, 0x0000000785100000, 0x0000000785200000|  0%| F|  |TAMS 0x0000000785100000, 0x0000000785100000| Untracked 
|  82|0x0000000785200000, 0x0000000785200000, 0x0000000785300000|  0%| F|  |TAMS 0x0000000785200000, 0x0000000785200000| Untracked 
|  83|0x0000000785300000, 0x0000000785300000, 0x0000000785400000|  0%| F|  |TAMS 0x0000000785300000, 0x0000000785300000| Untracked 
|  84|0x0000000785400000, 0x0000000785400000, 0x0000000785500000|  0%| F|  |TAMS 0x0000000785400000, 0x0000000785400000| Untracked 
|  85|0x0000000785500000, 0x0000000785500000, 0x0000000785600000|  0%| F|  |TAMS 0x0000000785500000, 0x0000000785500000| Untracked 
|  86|0x0000000785600000, 0x0000000785600000, 0x0000000785700000|  0%| F|  |TAMS 0x0000000785600000, 0x0000000785600000| Untracked 
|  87|0x0000000785700000, 0x0000000785700000, 0x0000000785800000|  0%| F|  |TAMS 0x0000000785700000, 0x0000000785700000| Untracked 
|  88|0x0000000785800000, 0x0000000785800000, 0x0000000785900000|  0%| F|  |TAMS 0x0000000785800000, 0x0000000785800000| Untracked 
|  89|0x0000000785900000, 0x0000000785900000, 0x0000000785a00000|  0%| F|  |TAMS 0x0000000785900000, 0x0000000785900000| Untracked 
|  90|0x0000000785a00000, 0x0000000785a00000, 0x0000000785b00000|  0%| F|  |TAMS 0x0000000785a00000, 0x0000000785a00000| Untracked 
|  91|0x0000000785b00000, 0x0000000785b00000, 0x0000000785c00000|  0%| F|  |TAMS 0x0000000785b00000, 0x0000000785b00000| Untracked 
|  92|0x0000000785c00000, 0x0000000785d00000, 0x0000000785d00000|100%| E|  |TAMS 0x0000000785c00000, 0x0000000785c00000| Complete 
|  93|0x0000000785d00000, 0x0000000785e00000, 0x0000000785e00000|100%| E|CS|TAMS 0x0000000785d00000, 0x0000000785d00000| Complete 
|  94|0x0000000785e00000, 0x0000000785f00000, 0x0000000785f00000|100%| E|CS|TAMS 0x0000000785e00000, 0x0000000785e00000| Complete 
|  95|0x0000000785f00000, 0x0000000786000000, 0x0000000786000000|100%| E|CS|TAMS 0x0000000785f00000, 0x0000000785f00000| Complete 
|  96|0x0000000786000000, 0x0000000786100000, 0x0000000786100000|100%| E|CS|TAMS 0x0000000786000000, 0x0000000786000000| Complete 
|  97|0x0000000786100000, 0x0000000786200000, 0x0000000786200000|100%| E|CS|TAMS 0x0000000786100000, 0x0000000786100000| Complete 
|  98|0x0000000786200000, 0x0000000786300000, 0x0000000786300000|100%| E|CS|TAMS 0x0000000786200000, 0x0000000786200000| Complete 
|  99|0x0000000786300000, 0x0000000786400000, 0x0000000786400000|100%| E|CS|TAMS 0x0000000786300000, 0x0000000786300000| Complete 
| 100|0x0000000786400000, 0x0000000786500000, 0x0000000786500000|100%| E|CS|TAMS 0x0000000786400000, 0x0000000786400000| Complete 
| 101|0x0000000786500000, 0x0000000786600000, 0x0000000786600000|100%| E|CS|TAMS 0x0000000786500000, 0x0000000786500000| Complete 
| 102|0x0000000786600000, 0x0000000786700000, 0x0000000786700000|100%| S|CS|TAMS 0x0000000786600000, 0x0000000786600000| Complete 
| 103|0x0000000786700000, 0x0000000786800000, 0x0000000786800000|100%| S|CS|TAMS 0x0000000786700000, 0x0000000786700000| Complete 
| 104|0x0000000786800000, 0x0000000786900000, 0x0000000786900000|100%| S|CS|TAMS 0x0000000786800000, 0x0000000786800000| Complete 
| 105|0x0000000786900000, 0x0000000786a00000, 0x0000000786a00000|100%| E|CS|TAMS 0x0000000786900000, 0x0000000786900000| Complete 
| 106|0x0000000786a00000, 0x0000000786b00000, 0x0000000786b00000|100%| E|CS|TAMS 0x0000000786a00000, 0x0000000786a00000| Complete 
| 107|0x0000000786b00000, 0x0000000786c00000, 0x0000000786c00000|100%| E|CS|TAMS 0x0000000786b00000, 0x0000000786b00000| Complete 
| 108|0x0000000786c00000, 0x0000000786d00000, 0x0000000786d00000|100%| E|CS|TAMS 0x0000000786c00000, 0x0000000786c00000| Complete 
| 109|0x0000000786d00000, 0x0000000786e00000, 0x0000000786e00000|100%| E|CS|TAMS 0x0000000786d00000, 0x0000000786d00000| Complete 
| 110|0x0000000786e00000, 0x0000000786f00000, 0x0000000786f00000|100%| E|CS|TAMS 0x0000000786e00000, 0x0000000786e00000| Complete 
| 111|0x0000000786f00000, 0x0000000787000000, 0x0000000787000000|100%| E|CS|TAMS 0x0000000786f00000, 0x0000000786f00000| Complete 
| 112|0x0000000787000000, 0x0000000787100000, 0x0000000787100000|100%| E|CS|TAMS 0x0000000787000000, 0x0000000787000000| Complete 
| 113|0x0000000787100000, 0x0000000787200000, 0x0000000787200000|100%| E|CS|TAMS 0x0000000787100000, 0x0000000787100000| Complete 
| 114|0x0000000787200000, 0x0000000787300000, 0x0000000787300000|100%| E|CS|TAMS 0x0000000787200000, 0x0000000787200000| Complete 
| 115|0x0000000787300000, 0x0000000787400000, 0x0000000787400000|100%| E|CS|TAMS 0x0000000787300000, 0x0000000787300000| Complete 
| 116|0x0000000787400000, 0x0000000787500000, 0x0000000787500000|100%| E|CS|TAMS 0x0000000787400000, 0x0000000787400000| Complete 
| 117|0x0000000787500000, 0x0000000787600000, 0x0000000787600000|100%| E|CS|TAMS 0x0000000787500000, 0x0000000787500000| Complete 
| 118|0x0000000787600000, 0x0000000787700000, 0x0000000787700000|100%| E|CS|TAMS 0x0000000787600000, 0x0000000787600000| Complete 
| 119|0x0000000787700000, 0x0000000787800000, 0x0000000787800000|100%| E|CS|TAMS 0x0000000787700000, 0x0000000787700000| Complete 
| 120|0x0000000787800000, 0x0000000787900000, 0x0000000787900000|100%| E|CS|TAMS 0x0000000787800000, 0x0000000787800000| Complete 
| 121|0x0000000787900000, 0x0000000787a00000, 0x0000000787a00000|100%| E|CS|TAMS 0x0000000787900000, 0x0000000787900000| Complete 
| 122|0x0000000787a00000, 0x0000000787b00000, 0x0000000787b00000|100%| E|CS|TAMS 0x0000000787a00000, 0x0000000787a00000| Complete 
| 123|0x0000000787b00000, 0x0000000787c00000, 0x0000000787c00000|100%| E|CS|TAMS 0x0000000787b00000, 0x0000000787b00000| Complete 
| 124|0x0000000787c00000, 0x0000000787d00000, 0x0000000787d00000|100%| E|CS|TAMS 0x0000000787c00000, 0x0000000787c00000| Complete 
| 125|0x0000000787d00000, 0x0000000787e00000, 0x0000000787e00000|100%| E|CS|TAMS 0x0000000787d00000, 0x0000000787d00000| Complete 
| 126|0x0000000787e00000, 0x0000000787f00000, 0x0000000787f00000|100%| E|CS|TAMS 0x0000000787e00000, 0x0000000787e00000| Complete 
| 127|0x0000000787f00000, 0x0000000788000000, 0x0000000788000000|100%| E|CS|TAMS 0x0000000787f00000, 0x0000000787f00000| Complete 
|2046|0x00000007ffe00000, 0x00000007ffe78000, 0x00000007fff00000| 46%|OA|  |TAMS 0x00000007ffe00000, 0x00000007ffe00000| Untracked 
|2047|0x00000007fff00000, 0x00000007fff80000, 0x0000000800000000| 50%|CA|  |TAMS 0x00000007fff00000, 0x00000007fff00000| Untracked 

Card table byte_map: [0x0000000102c14000,0x0000000103014000] _byte_map_base: 0x00000000ff014000

Marking Bits (Prev, Next): (CMBitMap*) 0x0000000137033010, (CMBitMap*) 0x0000000137033050
 Prev Bits: [0x000000011ab78000, 0x000000011cb78000)
 Next Bits: [0x000000011cb78000, 0x000000011eb78000)

Polling page: 0x0000000102488000

Metaspace:

Usage:
  Non-class:     12.98 MB used.
      Class:      2.32 MB used.
       Both:     15.29 MB used.

Virtual space:
  Non-class space:       16.00 MB reserved,      13.06 MB ( 82%) committed,  2 nodes.
      Class space:        1.00 GB reserved,       2.44 MB ( <1%) committed,  1 nodes.
             Both:        1.02 GB reserved,      15.50 MB (  1%) committed. 

Chunk freelists:
   Non-Class:  2.20 MB
       Class:  1.58 MB
        Both:  3.78 MB

MaxMetaspaceSize: unlimited
CompressedClassSpaceSize: 1.00 GB
Initial GC threshold: 21.00 MB
Current GC threshold: 21.00 MB
CDS: on
MetaspaceReclaimPolicy: balanced
 - commit_granule_bytes: 65536.
 - commit_granule_words: 8192.
 - virtual_space_node_default_size: 1048576.
 - enlarge_chunks_in_place: 1.
 - new_chunks_are_fully_committed: 0.
 - uncommit_free_chunks: 1.
 - use_allocation_guard: 0.
 - handle_deallocations: 1.


Internal statistics:

num_allocs_failed_limit: 0.
num_arena_births: 192.
num_arena_deaths: 0.
num_vsnodes_births: 3.
num_vsnodes_deaths: 0.
num_space_committed: 248.
num_space_uncommitted: 0.
num_chunks_returned_to_freelist: 0.
num_chunks_taken_from_freelist: 670.
num_chunk_merges: 0.
num_chunk_splits: 471.
num_chunks_enlarged: 379.
num_purges: 0.
num_inconsistent_stats: 0.

CodeHeap 'non-profiled nmethods': size=120032Kb used=658Kb max_used=658Kb free=119374Kb
 bounds [0x0000000113640000, 0x00000001138b0000, 0x000000011ab78000]
CodeHeap 'profiled nmethods': size=120016Kb used=4012Kb max_used=4012Kb free=116003Kb
 bounds [0x000000010c10c000, 0x000000010c4fc000, 0x0000000113640000]
CodeHeap 'non-nmethods': size=5712Kb used=1387Kb max_used=1417Kb free=4324Kb
 bounds [0x000000010bb78000, 0x000000010bde8000, 0x000000010c10c000]
 total_blobs=2805 nmethods=2028 adapters=693
 compilation: enabled
              stopped_count=0, restarted_count=0
 full_count=0

Compilation events (20 events):
Event: 2.023 Thread 0x0000000138008e00 nmethod 2075 0x00000001136e3290 code [0x00000001136e3400, 0x00000001136e34e8]
Event: 2.024 Thread 0x0000000138008e00 2076       3       com.sun.javafx.geom.transform.AffineBase::isTranslateOrIdentity (22 bytes)
Event: 2.024 Thread 0x0000000138008e00 nmethod 2076 0x000000010c4e6790 code [0x000000010c4e6980, 0x000000010c4e6e88]
Event: 2.024 Thread 0x0000000138008e00 2077       1       javafx.scene.layout.Background::getOutsets (5 bytes)
Event: 2.025 Thread 0x0000000138008e00 nmethod 2077 0x00000001136e3590 code [0x00000001136e3700, 0x00000001136e37e8]
Event: 2.025 Thread 0x0000000138008e00 2078       3       com.sun.prism.es2.GLContext::getBoundTexture (10 bytes)
Event: 2.025 Thread 0x0000000138008e00 nmethod 2078 0x000000010c4e6f90 code [0x000000010c4e7140, 0x000000010c4e72a8]
Event: 2.123 Thread 0x0000000138008e00 2080       1       com.sun.javafx.css.CalculatedValue::isRelative (5 bytes)
Event: 2.123 Thread 0x0000000138008e00 nmethod 2080 0x00000001136e3c10 code [0x00000001136e3d80, 0x00000001136e3e68]
Event: 2.123 Thread 0x0000000138008e00 2081       3       com.sun.javafx.util.Utils::calculateBrightness (27 bytes)
Event: 2.124 Thread 0x0000000138008e00 nmethod 2081 0x000000010c4e7390 code [0x000000010c4e7580, 0x000000010c4e77e8]
Event: 2.124 Thread 0x0000000138008e00 2082       3       javafx.scene.paint.Stop::<init> (20 bytes)
Event: 2.124 Thread 0x0000000138008e00 nmethod 2082 0x000000010c4e7990 code [0x000000010c4e7b40, 0x000000010c4e7d28]
Event: 2.124 Thread 0x0000000138008e00 2083       3       javafx.css.converter.StopConverter::convert (7 bytes)
Event: 2.124 Thread 0x0000000138008e00 nmethod 2083 0x000000010c4e7e10 code [0x000000010c4e7fc0, 0x000000010c4e8158]
Event: 2.124 Thread 0x0000000138008e00 2084       3       javafx.css.converter.StopConverter::convert (54 bytes)
Event: 2.124 Thread 0x0000000138008800 2086       4       java.lang.Enum::valueOf (73 bytes)
Event: 2.125 Thread 0x0000000138008e00 nmethod 2084 0x000000010c4e8210 code [0x000000010c4e84c0, 0x000000010c4e8ff8]
Event: 2.125 Thread 0x0000000138008e00 2087       3       javafx.scene.Parent::updateBounds (44 bytes)
Event: 2.125 Thread 0x0000000138008e00 nmethod 2087 0x000000010c4e9410 code [0x000000010c4e9640, 0x000000010c4e9ca8]

GC Heap History (2 events):
Event: 0.351 GC heap before
{Heap before GC invocations=0 (full 0):
 garbage-first heap   total 133120K, used 23520K [0x0000000780000000, 0x0000000800000000)
  region size 1024K, 23 young (23552K), 0 survivors (0K)
 Metaspace       used 7881K, committed 8064K, reserved 1056768K
  class space    used 1015K, committed 1088K, reserved 1048576K
}
Event: 0.354 GC heap after
{Heap after GC invocations=1 (full 0):
 garbage-first heap   total 133120K, used 4593K [0x0000000780000000, 0x0000000800000000)
  region size 1024K, 3 young (3072K), 3 survivors (3072K)
 Metaspace       used 7881K, committed 8064K, reserved 1056768K
  class space    used 1015K, committed 1088K, reserved 1048576K
}

Deoptimization events (20 events):
Event: 0.626 Thread 0x00000001218ff200 Uncommon trap: trap_request=0xffffffde fr.pc=0x00000001136ad4b0 relative=0x00000000000000f0
Event: 0.626 Thread 0x00000001218ff200 Uncommon trap: reason=class_check action=maybe_recompile pc=0x00000001136ad4b0 method=jdk.internal.misc.Unsafe.allocateUninitializedArray(Ljava/lang/Class;I)Ljava/lang/Object; @ 51 c2
Event: 0.626 Thread 0x00000001218ff200 DEOPT PACKING pc=0x00000001136ad4b0 sp=0x000000016daf2500
Event: 0.626 Thread 0x00000001218ff200 DEOPT UNPACKING pc=0x000000010bbb6d1c sp=0x000000016daf2490 mode 2
Event: 0.655 Thread 0x00000001218ff200 DEOPT PACKING pc=0x000000010c375588 sp=0x000000016daf5360
Event: 0.655 Thread 0x00000001218ff200 DEOPT UNPACKING pc=0x000000010bbb6b7c sp=0x000000016daf5080 mode 3
Event: 0.666 Thread 0x00000001218ff200 Uncommon trap: trap_request=0xffffff45 fr.pc=0x00000001136997dc relative=0x000000000000019c
Event: 0.666 Thread 0x00000001218ff200 Uncommon trap: reason=unstable_if action=reinterpret pc=0x00000001136997dc method=java.io.ByteArrayInputStream.read()I @ 8 c2
Event: 0.666 Thread 0x00000001218ff200 DEOPT PACKING pc=0x00000001136997dc sp=0x000000016daf50d0
Event: 0.666 Thread 0x00000001218ff200 DEOPT UNPACKING pc=0x000000010bbb6d1c sp=0x000000016daf5050 mode 2
Event: 1.155 Thread 0x00000001379fe400 Uncommon trap: trap_request=0xffffff45 fr.pc=0x000000011369dd30 relative=0x0000000000000f70
Event: 1.155 Thread 0x00000001379fe400 Uncommon trap: reason=unstable_if action=reinterpret pc=0x000000011369dd30 method=java.util.concurrent.ConcurrentHashMap.putVal(Ljava/lang/Object;Ljava/lang/Object;Z)Ljava/lang/Object; @ 148 c2
Event: 1.155 Thread 0x00000001379fe400 DEOPT PACKING pc=0x000000011369dd30 sp=0x0000000171e398b0
Event: 1.155 Thread 0x00000001379fe400 DEOPT UNPACKING pc=0x000000010bbb6d1c sp=0x0000000171e397d0 mode 2
Event: 1.157 Thread 0x00000001379fe400 Uncommon trap: trap_request=0xffffff45 fr.pc=0x00000001136533c4 relative=0x0000000000000104
Event: 1.157 Thread 0x00000001379fe400 Uncommon trap: reason=unstable_if action=reinterpret pc=0x00000001136533c4 method=java.lang.StringLatin1.lastIndexOf([BI[BII)I @ 86 c2
Event: 1.157 Thread 0x00000001379fe400 DEOPT PACKING pc=0x00000001136533c4 sp=0x0000000171e398b0
Event: 1.157 Thread 0x00000001379fe400 DEOPT UNPACKING pc=0x000000010bbb6d1c sp=0x0000000171e39810 mode 2
Event: 1.860 Thread 0x0000000137823a00 DEOPT PACKING pc=0x000000010c486938 sp=0x00000001705851a0
Event: 1.860 Thread 0x0000000137823a00 DEOPT UNPACKING pc=0x000000010bbb6b7c sp=0x0000000170584e00 mode 0

Classes unloaded (0 events):
No events

Classes redefined (0 events):
No events

Internal exceptions (20 events):
Event: 0.334 Thread 0x00000001218ff200 Exception <a 'java/lang/ClassNotFoundException'{0x0000000786bf3a38}: sun/util/logging/resources/spi/loggingProvider> (0x0000000786bf3a38) 
thrown [open/src/hotspot/share/classfile/systemDictionary.cpp, line 256]
Event: 0.347 Thread 0x00000001218ff200 Exception <a 'java/lang/NoSuchMethodError'{0x0000000786974368}: 'java.lang.Object java.lang.invoke.DirectMethodHandle$Holder.invokeSpecial(java.lang.Object, java.lang.Object, java.lang.Object, int, java.lang.Object)'> (0x0000000786974368) 
thrown [open/src/hotspot/share/interpreter/linkResolver.cpp, line 766]
Event: 0.393 Thread 0x00000001218ff200 Exception <a 'java/lang/NoSuchMethodError'{0x000000078791a200}: 'void java.lang.invoke.DirectMethodHandle$Holder.invokeStaticInit(java.lang.Object, java.lang.Object)'> (0x000000078791a200) 
thrown [open/src/hotspot/share/interpreter/linkResolver.cpp, line 766]
Event: 0.395 Thread 0x00000001218ff200 Exception <a 'java/lang/NoSuchMethodError'{0x000000078794f6a0}: 'void java.lang.invoke.DirectMethodHandle$Holder.invokeSpecial(java.lang.Object, java.lang.Object, java.lang.Object, java.lang.Object, java.lang.Object)'> (0x000000078794f6a0) 
thrown [open/src/hotspot/share/interpreter/linkResolver.cpp, line 766]
Event: 0.427 Thread 0x00000001218ff200 Implicit null exception at 0x0000000113686078 to 0x0000000113686108
Event: 0.432 Thread 0x00000001218ff200 Implicit null exception at 0x0000000113696650 to 0x0000000113696b40
Event: 0.432 Thread 0x00000001218ff200 Implicit null exception at 0x0000000113692050 to 0x0000000113692538
Event: 0.591 Thread 0x00000001218ff200 Exception <a 'java/lang/NoSuchMethodError'{0x0000000787083898}: 'java.lang.Object java.lang.invoke.DirectMethodHandle$Holder.invokeInterface(java.lang.Object, java.lang.Object, java.lang.Object)'> (0x0000000787083898) 
thrown [open/src/hotspot/share/interpreter/linkResolver.cpp, line 766]
Event: 0.591 Thread 0x00000001218ff200 Exception <a 'java/lang/IncompatibleClassChangeError'{0x0000000787087220}: Found class java.lang.Object, but interface was expected> (0x0000000787087220) 
thrown [open/src/hotspot/share/interpreter/linkResolver.cpp, line 833]
Event: 0.609 Thread 0x00000001218ff200 Exception <a 'java/lang/ClassNotFoundException'{0x0000000786e8da00}: com/sun/javafx/scene/control/skin/resources/controls> (0x0000000786e8da00) 
thrown [open/src/hotspot/share/prims/jni.cpp, line 535]
Event: 0.610 Thread 0x00000001218ff200 Exception <a 'java/lang/ClassNotFoundException'{0x0000000786e9b9a0}: com/sun/javafx/scene/control/skin/resources/controls_en> (0x0000000786e9b9a0) 
thrown [open/src/hotspot/share/prims/jni.cpp, line 535]
Event: 0.610 Thread 0x00000001218ff200 Exception <a 'java/lang/ClassNotFoundException'{0x0000000786e9c938}: com/sun/javafx/scene/control/skin/resources/controls_en_CA> (0x0000000786e9c938) 
thrown [open/src/hotspot/share/prims/jni.cpp, line 535]
Event: 0.623 Thread 0x00000001218ff200 Exception <a 'java/lang/NoSuchMethodError'{0x0000000786c59b08}: 'void java.lang.invoke.DirectMethodHandle$Holder.invokeSpecial(java.lang.Object, java.lang.Object, java.lang.Object, java.lang.Object, java.lang.Object, java.lang.Object)'> (0x0000000786c59b08) 
thrown [open/src/hotspot/share/interpreter/linkResolver.cpp, line 766]
Event: 0.655 Thread 0x00000001218ff200 Exception <a 'java/lang/NoSuchMethodError'{0x00000007864759e0}: 'int java.lang.invoke.DirectMethodHandle$Holder.invokeSpecial(java.lang.Object, java.lang.Object, int)'> (0x00000007864759e0) 
thrown [open/src/hotspot/share/interpreter/linkResolver.cpp, line 766]
Event: 0.674 Thread 0x00000001218ff200 Exception <a 'java/lang/NoSuchMethodError'{0x00000007863f13a0}: 'java.lang.Object java.lang.invoke.DirectMethodHandle$Holder.newInvokeSpecial(java.lang.Object, java.lang.Object, int)'> (0x00000007863f13a0) 
thrown [open/src/hotspot/share/interpreter/linkResolver.cpp, line 766]
Event: 0.713 Thread 0x0000000137823a00 Exception <a 'java/lang/NoSuchMethodError'{0x0000000786166ca0}: 'int java.lang.invoke.DirectMethodHandle$Holder.invokeStaticInit(java.lang.Object, java.lang.Object)'> (0x0000000786166ca0) 
thrown [open/src/hotspot/share/interpreter/linkResolver.cpp, line 766]
Event: 0.736 Thread 0x00000001218ff200 Exception <a 'java/lang/NoSuchMethodError'{0x0000000786079840}: 'long java.lang.invoke.DirectMethodHandle$Holder.invokeStatic(java.lang.Object, java.lang.Object, java.lang.Object)'> (0x0000000786079840) 
thrown [open/src/hotspot/share/interpreter/linkResolver.cpp, line 766]
Event: 0.736 Thread 0x00000001218ff200 Exception <a 'java/lang/NoSuchMethodError'{0x000000078607cfe8}: 'long java.lang.invoke.DirectMethodHandle$Holder.invokeStaticInit(java.lang.Object, java.lang.Object, java.lang.Object)'> (0x000000078607cfe8) 
thrown [open/src/hotspot/share/interpreter/linkResolver.cpp, line 766]
Event: 0.737 Thread 0x00000001218ff200 Exception <a 'java/lang/NoSuchMethodError'{0x0000000786094bf0}: 'java.lang.Object java.lang.invoke.DirectMethodHandle$Holder.newInvokeSpecial(java.lang.Object, java.lang.Object, long)'> (0x0000000786094bf0) 
thrown [open/src/hotspot/share/interpreter/linkResolver.cpp, line 766]
Event: 0.737 Thread 0x00000001218ff200 Exception <a 'java/lang/NoSuchMethodError'{0x00000007860984b8}: 'java.lang.Object java.lang.invoke.Invokers$Holder.linkToTargetMethod(java.lang.Object, long, java.lang.Object)'> (0x00000007860984b8) 
thrown [open/src/hotspot/share/interpreter/linkResolver.cpp, line 766]

VM Operations (20 events):
Event: 0.061 Executing VM operation: HandshakeAllThreads
Event: 0.061 Executing VM operation: HandshakeAllThreads done
Event: 0.251 Executing VM operation: ICBufferFull
Event: 0.251 Executing VM operation: ICBufferFull done
Event: 0.340 Executing VM operation: HandshakeAllThreads
Event: 0.340 Executing VM operation: HandshakeAllThreads done
Event: 0.351 Executing VM operation: G1CollectForAllocation
Event: 0.354 Executing VM operation: G1CollectForAllocation done
Event: 0.374 Executing VM operation: HandshakeAllThreads
Event: 0.374 Executing VM operation: HandshakeAllThreads done
Event: 0.417 Executing VM operation: HandshakeAllThreads
Event: 0.417 Executing VM operation: HandshakeAllThreads done
Event: 0.418 Executing VM operation: ICBufferFull
Event: 0.418 Executing VM operation: ICBufferFull done
Event: 0.641 Executing VM operation: ICBufferFull
Event: 0.641 Executing VM operation: ICBufferFull done
Event: 0.665 Executing VM operation: ICBufferFull
Event: 0.665 Executing VM operation: ICBufferFull done
Event: 2.008 Executing VM operation: ICBufferFull
Event: 2.008 Executing VM operation: ICBufferFull done

Events (20 events):
Event: 1.152 loading class sun/util/locale/provider/TimeZoneNameUtility
Event: 1.152 loading class sun/util/locale/provider/TimeZoneNameUtility done
Event: 1.152 loading class sun/util/locale/provider/TimeZoneNameUtility$TimeZoneNameGetter
Event: 1.152 loading class sun/util/locale/provider/TimeZoneNameUtility$TimeZoneNameGetter done
Event: 1.153 loading class sun/util/cldr/CLDRTimeZoneNameProviderImpl
Event: 1.153 loading class sun/util/locale/provider/TimeZoneNameProviderImpl
Event: 1.153 loading class sun/util/locale/provider/TimeZoneNameProviderImpl done
Event: 1.153 loading class sun/util/cldr/CLDRTimeZoneNameProviderImpl done
Event: 1.154 loading class sun/util/locale/provider/BaseLocaleDataMetaInfo
Event: 1.154 loading class sun/util/locale/provider/BaseLocaleDataMetaInfo done
Event: 1.156 loading class sun/util/resources/cldr/TimeZoneNames
Event: 1.156 loading class sun/util/resources/TimeZoneNamesBundle
Event: 1.156 loading class sun/util/resources/OpenListResourceBundle
Event: 1.156 loading class sun/util/resources/OpenListResourceBundle done
Event: 1.156 loading class sun/util/resources/TimeZoneNamesBundle done
Event: 1.156 loading class sun/util/resources/cldr/TimeZoneNames done
Event: 1.156 loading class sun/util/resources/cldr/TimeZoneNames_en
Event: 1.156 loading class sun/util/resources/cldr/TimeZoneNames_en done
Event: 1.157 loading class sun/util/resources/cldr/TimeZoneNames_en_US
Event: 1.157 loading class sun/util/resources/cldr/TimeZoneNames_en_US done


Dynamic libraries:
0x0000000102438000 	/Users/pranjulsingh/Library/Java/JavaVirtualMachines/openjdk-17.0.2/Contents/Home/lib/libjli.dylib
0x00000001a57e4000 	/usr/lib/libz.1.dylib
0x00000001a589b000 	/usr/lib/libSystem.B.dylib
0x00000001a5895000 	/usr/lib/system/libcache.dylib
0x00000001a5853000 	/usr/lib/system/libcommonCrypto.dylib
0x00000001a587c000 	/usr/lib/system/libcompiler_rt.dylib
0x00000001a5873000 	/usr/lib/system/libcopyfile.dylib
0x000000019aadb000 	/usr/lib/system/libcorecrypto.dylib
0x000000019ab8e000 	/usr/lib/system/libdispatch.dylib
0x000000019ad5c000 	/usr/lib/system/libdyld.dylib
0x00000001a588b000 	/usr/lib/system/libkeymgr.dylib
0x00000001a582e000 	/usr/lib/system/libmacho.dylib
0x00000001a4f23000 	/usr/lib/system/libquarantine.dylib
0x00000001a5888000 	/usr/lib/system/libremovefile.dylib
0x000000019fec4000 	/usr/lib/system/libsystem_asl.dylib
0x000000019aa7d000 	/usr/lib/system/libsystem_blocks.dylib
0x000000019ac16000 	/usr/lib/system/libsystem_c.dylib
0x00000001a5880000 	/usr/lib/system/libsystem_collections.dylib
0x00000001a43b1000 	/usr/lib/system/libsystem_configuration.dylib
0x00000001a360d000 	/usr/lib/system/libsystem_containermanager.dylib
0x00000001a5590000 	/usr/lib/system/libsystem_coreservices.dylib
0x000000019d484000 	/usr/lib/system/libsystem_darwin.dylib
0x00000001a588c000 	/usr/lib/system/libsystem_dnssd.dylib
0x000000019ac13000 	/usr/lib/system/libsystem_featureflags.dylib
0x000000019ad71000 	/usr/lib/system/libsystem_info.dylib
0x00000001a57f6000 	/usr/lib/system/libsystem_m.dylib
0x000000019ab63000 	/usr/lib/system/libsystem_malloc.dylib
0x000000019fe53000 	/usr/lib/system/libsystem_networkextension.dylib
0x000000019d8dd000 	/usr/lib/system/libsystem_notify.dylib
0x00000001abbd9000 	/usr/lib/system/libsystem_product_info_filter.dylib
0x00000001a43b6000 	/usr/lib/system/libsystem_sandbox.dylib
0x00000001a5885000 	/usr/lib/system/libsystem_secinit.dylib
0x000000019ad17000 	/usr/lib/system/libsystem_kernel.dylib
0x000000019ad69000 	/usr/lib/system/libsystem_platform.dylib
0x000000019ad4f000 	/usr/lib/system/libsystem_pthread.dylib
0x00000001a161c000 	/usr/lib/system/libsystem_symptoms.dylib
0x000000019aac1000 	/usr/lib/system/libsystem_trace.dylib
0x00000001a5860000 	/usr/lib/system/libunwind.dylib
0x000000019aa7f000 	/usr/lib/system/libxpc.dylib
0x000000019acff000 	/usr/lib/libc++abi.dylib
0x000000019abd5000 	/usr/lib/libobjc.A.dylib
0x00000001a586b000 	/usr/lib/liboah.dylib
0x000000019ac98000 	/usr/lib/libc++.1.dylib
0x00000001b16f2000 	/System/Library/Frameworks/Cocoa.framework/Versions/A/Cocoa
0x000000019d93e000 	/System/Library/Frameworks/AppKit.framework/Versions/C/AppKit
0x00000001a0e44000 	/System/Library/Frameworks/CoreData.framework/Versions/A/CoreData
0x000000019bc99000 	/System/Library/Frameworks/Foundation.framework/Versions/C/Foundation
0x000000019e7f6000 	/System/Library/PrivateFrameworks/UIFoundation.framework/Versions/A/UIFoundation
0x00000001ab8d3000 	/System/Library/PrivateFrameworks/RemoteViewServices.framework/Versions/A/RemoteViewServices
0x00000001a3d59000 	/System/Library/PrivateFrameworks/XCTTargetBootstrap.framework/Versions/A/XCTTargetBootstrap
0x00000001a75d7000 	/System/Library/PrivateFrameworks/InternationalSupport.framework/Versions/A/InternationalSupport
0x00000001a7660000 	/System/Library/PrivateFrameworks/UserActivity.framework/Versions/A/UserActivity
0x00000001a6ad2000 	/usr/lib/libspindump.dylib
0x000000019ea67000 	/System/Library/Frameworks/UniformTypeIdentifiers.framework/Versions/A/UniformTypeIdentifiers
0x00000001a22a4000 	/usr/lib/libapp_launch_measurement.dylib
0x00000001a17ce000 	/System/Library/PrivateFrameworks/CoreAnalytics.framework/Versions/A/CoreAnalytics
0x00000001a22a7000 	/System/Library/PrivateFrameworks/CoreAutoLayout.framework/Versions/A/CoreAutoLayout
0x00000001a364a000 	/System/Library/Frameworks/Metal.framework/Versions/A/Metal
0x00000001a43c1000 	/usr/lib/liblangid.dylib
0x00000001a3d5e000 	/System/Library/PrivateFrameworks/CoreSVG.framework/Versions/A/CoreSVG
0x000000019fef8000 	/System/Library/PrivateFrameworks/SkyLight.framework/Versions/A/SkyLight
0x00000001a02cd000 	/System/Library/Frameworks/CoreGraphics.framework/Versions/A/CoreGraphics
0x00000001abf9f000 	/System/Library/Frameworks/Accelerate.framework/Versions/A/Accelerate
0x00000001a6549000 	/System/Library/PrivateFrameworks/IconServices.framework/Versions/A/IconServices
0x00000001a362c000 	/System/Library/Frameworks/IOSurface.framework/Versions/A/IOSurface
0x00000001a17ff000 	/usr/lib/libDiagnosticMessagesClient.dylib
0x00000001af4a0000 	/System/Library/Frameworks/ApplicationServices.framework/Versions/A/ApplicationServices
0x00000001a3d41000 	/System/Library/PrivateFrameworks/DFRFoundation.framework/Versions/A/DFRFoundation
0x000000019d1ce000 	/usr/lib/libicucore.A.dylib
0x00000001a8483000 	/System/Library/Frameworks/AudioToolbox.framework/Versions/A/AudioToolbox
0x00000001a75e3000 	/System/Library/PrivateFrameworks/DataDetectorsCore.framework/Versions/A/DataDetectorsCore
0x00000001bdf23000 	/System/Library/PrivateFrameworks/TextInput.framework/Versions/A/TextInput
0x000000019fe6d000 	/usr/lib/libMobileGestalt.dylib
0x00000001a3a0d000 	/System/Library/Frameworks/Carbon.framework/Versions/A/Frameworks/HIToolbox.framework/Versions/A/HIToolbox
0x00000001a1c80000 	/System/Library/Frameworks/QuartzCore.framework/Versions/A/QuartzCore
0x000000019ce51000 	/System/Library/Frameworks/Security.framework/Versions/A/Security
0x00000001ab913000 	/System/Library/Frameworks/Carbon.framework/Versions/A/Frameworks/SpeechRecognition.framework/Versions/A/SpeechRecognition
0x00000001a1ffa000 	/System/Library/PrivateFrameworks/CoreUI.framework/Versions/A/CoreUI
0x000000019c72e000 	/System/Library/Frameworks/CoreAudio.framework/Versions/A/CoreAudio
0x00000001a18f4000 	/System/Library/Frameworks/DiskArbitration.framework/Versions/A/DiskArbitration
0x00000001a6edc000 	/System/Library/PrivateFrameworks/MultitouchSupport.framework/Versions/A/MultitouchSupport
0x000000019fe6b000 	/usr/lib/libenergytrace.dylib
0x000000019d806000 	/System/Library/Frameworks/IOKit.framework/Versions/A/IOKit
0x00000001abd02000 	/System/Library/Frameworks/CoreServices.framework/Versions/A/CoreServices
0x00000001a2234000 	/System/Library/PrivateFrameworks/PerformanceAnalysis.framework/Versions/A/PerformanceAnalysis
0x00000001fc20b000 	/System/Library/Frameworks/OpenGL.framework/Versions/A/OpenGL
0x00000001a4e3b000 	/System/Library/PrivateFrameworks/MobileKeyBag.framework/Versions/A/MobileKeyBag
0x00000001a08da000 	/System/Library/Frameworks/ColorSync.framework/Versions/A/ColorSync
0x000000019ad9e000 	/System/Library/Frameworks/CoreFoundation.framework/Versions/A/CoreFoundation
0x00000001a3fdd000 	/System/Library/Frameworks/CoreImage.framework/Versions/A/CoreImage
0x000000019c552000 	/System/Library/Frameworks/CoreText.framework/Versions/A/CoreText
0x00000001a3d8e000 	/System/Library/Frameworks/ImageIO.framework/Versions/A/ImageIO
0x00000001a58a1000 	/System/Library/PrivateFrameworks/SoftLinking.framework/Versions/A/SoftLinking
0x00000001a22f2000 	/usr/lib/libxml2.2.dylib
0x00000001a5b3a000 	/usr/lib/libcompression.dylib
0x00000001a7533000 	/System/Library/PrivateFrameworks/TextureIO.framework/Versions/A/TextureIO
0x00000001a6262000 	/usr/lib/libate.dylib
0x00000001a6127000 	/usr/lib/liblzma.5.dylib
0x000000019b98d000 	/System/Library/Frameworks/SystemConfiguration.framework/Versions/A/SystemConfiguration
0x00000001a589d000 	/usr/lib/libfakelink.dylib
0x000000019f99f000 	/System/Library/Frameworks/CFNetwork.framework/Versions/A/CFNetwork
0x00000001a59e3000 	/usr/lib/libarchive.2.dylib
0x00000001a43bd000 	/System/Library/PrivateFrameworks/AppleSystemInfo.framework/Versions/A/AppleSystemInfo
0x00000001a4f4e000 	/usr/lib/libbsm.0.dylib
0x000000019ef10000 	/usr/lib/libnetwork.dylib
0x00000001a5837000 	/usr/lib/system/libkxld.dylib
0x00000001a4b61000 	/System/Library/PrivateFrameworks/IOMobileFramebuffer.framework/Versions/A/IOMobileFramebuffer
0x0000000219b37000 	/usr/lib/libCoreEntitlements.dylib
0x00000001a5572000 	/System/Library/PrivateFrameworks/AppleFSCompression.framework/Versions/A/AppleFSCompression
0x00000001a4f36000 	/usr/lib/libcoretls.dylib
0x00000001a6140000 	/usr/lib/libcoretls_cfhelpers.dylib
0x00000001a5b35000 	/usr/lib/libpam.2.dylib
0x00000001a1233000 	/usr/lib/libsqlite3.dylib
0x00000001a61a9000 	/usr/lib/libxar.1.dylib
0x00000001a5583000 	/usr/lib/libbz2.1.0.dylib
0x00000001a58a2000 	/usr/lib/libpcap.A.dylib
0x00000001a1613000 	/usr/lib/libdns_services.dylib
0x00000001a5b08000 	/usr/lib/libapple_nghttp2.dylib
0x00000001a58df000 	/usr/lib/libiconv.2.dylib
0x00000001a582d000 	/usr/lib/libcharset.1.dylib
0x00000001a2270000 	/System/Library/Frameworks/CoreServices.framework/Versions/A/Frameworks/FSEvents.framework/Versions/A/FSEvents
0x000000019d48f000 	/System/Library/Frameworks/CoreServices.framework/Versions/A/Frameworks/CarbonCore.framework/Versions/A/CarbonCore
0x00000001a1854000 	/System/Library/Frameworks/CoreServices.framework/Versions/A/Frameworks/Metadata.framework/Versions/A/Metadata
0x00000001a5596000 	/System/Library/Frameworks/CoreServices.framework/Versions/A/Frameworks/OSServices.framework/Versions/A/OSServices
0x00000001a5a69000 	/System/Library/Frameworks/CoreServices.framework/Versions/A/Frameworks/SearchKit.framework/Versions/A/SearchKit
0x00000001a15a2000 	/System/Library/Frameworks/CoreServices.framework/Versions/A/Frameworks/AE.framework/Versions/A/AE
0x000000019b2e4000 	/System/Library/Frameworks/CoreServices.framework/Versions/A/Frameworks/LaunchServices.framework/Versions/A/LaunchServices
0x00000001a60d0000 	/System/Library/Frameworks/CoreServices.framework/Versions/A/Frameworks/DictionaryServices.framework/Versions/A/DictionaryServices
0x00000001a227d000 	/System/Library/Frameworks/CoreServices.framework/Versions/A/Frameworks/SharedFileList.framework/Versions/A/SharedFileList
0x00000001a4f26000 	/usr/lib/libCheckFix.dylib
0x000000019fedc000 	/System/Library/PrivateFrameworks/TCC.framework/Versions/A/TCC
0x00000001a43c3000 	/System/Library/PrivateFrameworks/CoreNLP.framework/Versions/A/CoreNLP
0x00000001a1802000 	/System/Library/PrivateFrameworks/MetadataUtilities.framework/Versions/A/MetadataUtilities
0x000000019ba46000 	/usr/lib/libmecabra.dylib
0x00000001a4f5f000 	/usr/lib/libmecab.dylib
0x000000019ba12000 	/usr/lib/libCRFSuite.dylib
0x00000001a4fbc000 	/usr/lib/libgermantok.dylib
0x00000001a5ae1000 	/usr/lib/libThaiTokenizer.dylib
0x00000001a18fc000 	/System/Library/Frameworks/Accelerate.framework/Versions/A/Frameworks/vImage.framework/Versions/A/vImage
0x00000001abcd9000 	/System/Library/Frameworks/Accelerate.framework/Versions/A/Frameworks/vecLib.framework/Versions/A/vecLib
0x00000001a61ee000 	/System/Library/Frameworks/Accelerate.framework/Versions/A/Frameworks/vecLib.framework/Versions/A/libvMisc.dylib
0x00000001a4a68000 	/System/Library/Frameworks/Accelerate.framework/Versions/A/Frameworks/vecLib.framework/Versions/A/libvDSP.dylib
0x000000019b66d000 	/System/Library/Frameworks/Accelerate.framework/Versions/A/Frameworks/vecLib.framework/Versions/A/libBLAS.dylib
0x00000001a5c0b000 	/System/Library/Frameworks/Accelerate.framework/Versions/A/Frameworks/vecLib.framework/Versions/A/libLAPACK.dylib
0x00000001a4fbf000 	/System/Library/Frameworks/Accelerate.framework/Versions/A/Frameworks/vecLib.framework/Versions/A/libLinearAlgebra.dylib
0x00000001a5b20000 	/System/Library/Frameworks/Accelerate.framework/Versions/A/Frameworks/vecLib.framework/Versions/A/libSparseBLAS.dylib
0x00000001a5c06000 	/System/Library/Frameworks/Accelerate.framework/Versions/A/Frameworks/vecLib.framework/Versions/A/libQuadrature.dylib
0x00000001a44bc000 	/System/Library/Frameworks/Accelerate.framework/Versions/A/Frameworks/vecLib.framework/Versions/A/libBNNS.dylib
0x000000019b92b000 	/System/Library/Frameworks/Accelerate.framework/Versions/A/Frameworks/vecLib.framework/Versions/A/libSparse.dylib
0x00000001a44b4000 	/System/Library/PrivateFrameworks/LinguisticData.framework/Versions/A/LinguisticData
0x000000019b8e3000 	/System/Library/PrivateFrameworks/Lexicon.framework/Versions/A/Lexicon
0x00000001a61e6000 	/usr/lib/libChineseTokenizer.dylib
0x000000019c08a000 	/System/Library/PrivateFrameworks/LanguageModeling.framework/Versions/A/LanguageModeling
0x00000001a5ae3000 	/System/Library/PrivateFrameworks/AppleSauce.framework/Versions/A/AppleSauce
0x00000001a4b4e000 	/System/Library/PrivateFrameworks/CoreEmoji.framework/Versions/A/CoreEmoji
0x00000001a59d1000 	/usr/lib/libcmph.dylib
0x00000001a2250000 	/System/Library/Frameworks/OpenDirectory.framework/Versions/A/Frameworks/CFOpenDirectory.framework/Versions/A/CFOpenDirectory
0x00000001a2240000 	/System/Library/Frameworks/OpenDirectory.framework/Versions/A/OpenDirectory
0x00000001a6142000 	/System/Library/PrivateFrameworks/APFS.framework/Versions/A/APFS
0x00000001a4e76000 	/System/Library/Frameworks/SecurityFoundation.framework/Versions/A/SecurityFoundation
0x00000001a61b8000 	/usr/lib/libutil.dylib
0x000000019d7c8000 	/System/Library/PrivateFrameworks/CoreServicesStore.framework/Versions/A/CoreServicesStore
0x00000001a61bc000 	/usr/lib/libxslt.1.dylib
0x00000001a4f0a000 	/System/Library/PrivateFrameworks/BackgroundTaskManagement.framework/Versions/A/BackgroundTaskManagement
0x00000001a7454000 	/System/Library/Frameworks/ImageIO.framework/Versions/A/Resources/libRadiance.dylib
0x00000001a745d000 	/System/Library/Frameworks/ImageIO.framework/Versions/A/Resources/libJPEG.dylib
0x00000001a73b0000 	/System/Library/Frameworks/ImageIO.framework/Versions/A/Resources/libPng.dylib
0x00000001a73d2000 	/System/Library/Frameworks/ImageIO.framework/Versions/A/Resources/libTIFF.dylib
0x00000001a74b8000 	/System/Library/Frameworks/ImageIO.framework/Versions/A/Resources/libGIF.dylib
0x00000001a6dec000 	/System/Library/Frameworks/ImageIO.framework/Versions/A/Resources/libJP2.dylib
0x00000001a650e000 	/usr/lib/libexpat.1.dylib
0x00000001a6da7000 	/System/Library/PrivateFrameworks/AppleJPEG.framework/Versions/A/AppleJPEG
0x00000001a38c9000 	/System/Library/PrivateFrameworks/FontServices.framework/libFontParser.dylib
0x00000001a1547000 	/System/Library/PrivateFrameworks/RunningBoardServices.framework/Versions/A/RunningBoardServices
0x00000001b1dc5000 	/System/Library/PrivateFrameworks/IOSurfaceAccelerator.framework/Versions/A/IOSurfaceAccelerator
0x00000001a6ed8000 	/System/Library/PrivateFrameworks/WatchdogClient.framework/Versions/A/WatchdogClient
0x000000019c18e000 	/System/Library/Frameworks/CoreDisplay.framework/Versions/A/CoreDisplay
0x00000001a37b3000 	/System/Library/Frameworks/CoreMedia.framework/Versions/A/CoreMedia
0x00000001a3640000 	/System/Library/PrivateFrameworks/IOAccelerator.framework/Versions/A/IOAccelerator
0x00000001a23e0000 	/System/Library/Frameworks/CoreVideo.framework/Versions/A/CoreVideo
0x00000001a5b33000 	/System/Library/Frameworks/MetalPerformanceShaders.framework/Versions/A/MetalPerformanceShaders
0x00000001a6f17000 	/System/Library/Frameworks/VideoToolbox.framework/Versions/A/VideoToolbox
0x00000001a148b000 	/System/Library/PrivateFrameworks/BaseBoard.framework/Versions/A/BaseBoard
0x00000001a1219000 	/System/Library/PrivateFrameworks/ProtocolBuffer.framework/Versions/A/ProtocolBuffer
0x00000001a744f000 	/System/Library/PrivateFrameworks/GPUWrangler.framework/Versions/A/GPUWrangler
0x00000001a742f000 	/System/Library/PrivateFrameworks/IOPresentment.framework/Versions/A/IOPresentment
0x00000001a7457000 	/System/Library/PrivateFrameworks/DSExternalDisplay.framework/Versions/A/DSExternalDisplay
0x00000001fc1fe000 	/System/Library/Frameworks/OpenGL.framework/Versions/A/Libraries/libCoreFSCache.dylib
0x00000002066bd000 	/System/Library/PrivateFrameworks/GPUCompiler.framework/Versions/31001/Libraries/libGPUCompilerUtils.dylib
0x00000001a74bd000 	/System/Library/PrivateFrameworks/CMCaptureCore.framework/Versions/A/CMCaptureCore
0x00000001a6abf000 	/System/Library/PrivateFrameworks/AppServerSupport.framework/Versions/A/AppServerSupport
0x00000001a8d40000 	/System/Library/PrivateFrameworks/perfdata.framework/Versions/A/perfdata
0x000000019c2ae000 	/System/Library/PrivateFrameworks/AudioToolboxCore.framework/Versions/A/AudioToolboxCore
0x00000001a378c000 	/System/Library/PrivateFrameworks/caulk.framework/Versions/A/caulk
0x00000001a8635000 	/usr/lib/libAudioStatistics.dylib
0x00000001ba58a000 	/System/Library/PrivateFrameworks/SystemPolicy.framework/Versions/A/SystemPolicy
0x00000001a88a1000 	/usr/lib/libSMC.dylib
0x00000001b15d4000 	/System/Library/Frameworks/CoreMIDI.framework/Versions/A/CoreMIDI
0x00000001a737e000 	/usr/lib/libAudioToolboxUtility.dylib
0x00000001b6657000 	/System/Library/PrivateFrameworks/OSAServicesClient.framework/Versions/A/OSAServicesClient
0x00000001a8d4d000 	/usr/lib/libperfcheck.dylib
0x00000001bb0a2000 	/usr/lib/libmis.dylib
0x00000001fc260000 	/System/Library/Frameworks/OpenGL.framework/Versions/A/Libraries/libGLU.dylib
0x00000001fc21f000 	/System/Library/Frameworks/OpenGL.framework/Versions/A/Libraries/libGFXShared.dylib
0x00000001fc40c000 	/System/Library/Frameworks/OpenGL.framework/Versions/A/Libraries/libGL.dylib
0x00000001fc228000 	/System/Library/Frameworks/OpenGL.framework/Versions/A/Libraries/libGLImage.dylib
0x00000001fc21c000 	/System/Library/Frameworks/OpenGL.framework/Versions/A/Libraries/libCVMSPluginSupport.dylib
0x00000001fc205000 	/System/Library/Frameworks/OpenGL.framework/Versions/A/Libraries/libCoreVMClient.dylib
0x00000001a433d000 	/System/Library/Frameworks/MetalPerformanceShaders.framework/Versions/A/Frameworks/MPSCore.framework/Versions/A/MPSCore
0x00000001a54e5000 	/System/Library/Frameworks/MetalPerformanceShaders.framework/Versions/A/Frameworks/MPSImage.framework/Versions/A/MPSImage
0x00000001a4fd4000 	/System/Library/Frameworks/MetalPerformanceShaders.framework/Versions/A/Frameworks/MPSNeuralNetwork.framework/Versions/A/MPSNeuralNetwork
0x00000001a540d000 	/System/Library/Frameworks/MetalPerformanceShaders.framework/Versions/A/Frameworks/MPSMatrix.framework/Versions/A/MPSMatrix
0x00000001a51e6000 	/System/Library/Frameworks/MetalPerformanceShaders.framework/Versions/A/Frameworks/MPSRayIntersector.framework/Versions/A/MPSRayIntersector
0x00000001a543e000 	/System/Library/Frameworks/MetalPerformanceShaders.framework/Versions/A/Frameworks/MPSNDArray.framework/Versions/A/MPSNDArray
0x00000001fe377000 	/System/Library/Frameworks/MetalPerformanceShaders.framework/Versions/A/Frameworks/MPSFunctions.framework/Versions/A/MPSFunctions
0x000000019b544000 	/System/Library/PrivateFrameworks/MetalTools.framework/Versions/A/MetalTools
0x00000001a43bb000 	/System/Library/PrivateFrameworks/AggregateDictionary.framework/Versions/A/AggregateDictionary
0x00000001a62f3000 	/usr/lib/libIOReport.dylib
0x00000001b05f2000 	/System/Library/PrivateFrameworks/ASEProcessing.framework/Versions/A/ASEProcessing
0x00000001a6668000 	/System/Library/PrivateFrameworks/FaceCore.framework/Versions/A/FaceCore
0x00000001a665a000 	/System/Library/PrivateFrameworks/GraphVisualizer.framework/Versions/A/GraphVisualizer
0x00000002065d4000 	/System/Library/PrivateFrameworks/FontServices.framework/Versions/A/FontServices
0x00000001a6a7b000 	/System/Library/PrivateFrameworks/OTSVG.framework/Versions/A/OTSVG
0x00000001a1faa000 	/System/Library/Frameworks/ApplicationServices.framework/Versions/A/Frameworks/ATS.framework/Versions/A/Resources/libFontRegistry.dylib
0x00000001a6ac8000 	/System/Library/PrivateFrameworks/FontServices.framework/libhvf.dylib
0x00000002065d5000 	/System/Library/PrivateFrameworks/FontServices.framework/libXTFontStaticRegistryData.dylib
0x00000001fc5ad000 	/System/Library/Frameworks/OpenCL.framework/Versions/A/OpenCL
0x00000001a64c2000 	/System/Library/PrivateFrameworks/AppleVA.framework/Versions/A/AppleVA
0x00000001a865d000 	/System/Library/Frameworks/ApplicationServices.framework/Versions/A/Frameworks/ATS.framework/Versions/A/ATS
0x00000001a09d7000 	/System/Library/Frameworks/ApplicationServices.framework/Versions/A/Frameworks/HIServices.framework/Versions/A/HIServices
0x00000001a74c7000 	/System/Library/Frameworks/ApplicationServices.framework/Versions/A/Frameworks/PrintCore.framework/Versions/A/PrintCore
0x00000001a89f4000 	/System/Library/Frameworks/ApplicationServices.framework/Versions/A/Frameworks/QD.framework/Versions/A/QD
0x00000001a89ec000 	/System/Library/Frameworks/ApplicationServices.framework/Versions/A/Frameworks/ColorSyncLegacy.framework/Versions/A/ColorSyncLegacy
0x00000001a8649000 	/System/Library/Frameworks/ApplicationServices.framework/Versions/A/Frameworks/SpeechSynthesis.framework/Versions/A/SpeechSynthesis
0x00000001a7488000 	/System/Library/Frameworks/ApplicationServices.framework/Versions/A/Frameworks/ATSUI.framework/Versions/A/ATSUI
0x00000001a8981000 	/usr/lib/libcups.2.dylib
0x00000001a8d5b000 	/System/Library/Frameworks/Kerberos.framework/Versions/A/Kerberos
0x00000001a8d6c000 	/System/Library/Frameworks/GSS.framework/Versions/A/GSS
0x00000001a86cd000 	/usr/lib/libresolv.9.dylib
0x00000001a6ad7000 	/System/Library/PrivateFrameworks/Heimdal.framework/Versions/A/Heimdal
0x00000001af827000 	/System/Library/Frameworks/Kerberos.framework/Versions/A/Libraries/libHeimdalProxy.dylib
0x00000001a1625000 	/System/Library/Frameworks/Network.framework/Versions/A/Network
0x00000001a6529000 	/usr/lib/libheimdal-asn1.dylib
0x00000001a8dbc000 	/System/Library/PrivateFrameworks/CommonAuth.framework/Versions/A/CommonAuth
0x00000001a85c3000 	/System/Library/PrivateFrameworks/AudioSession.framework/Versions/A/AudioSession
0x00000001a65bb000 	/System/Library/PrivateFrameworks/MediaExperience.framework/Versions/A/MediaExperience
0x00000001a8449000 	/System/Library/PrivateFrameworks/AudioSession.framework/libSessionUtility.dylib
0x00000001a8a00000 	/System/Library/PrivateFrameworks/AudioResourceArbitration.framework/Versions/A/AudioResourceArbitration
0x00000001acbb6000 	/System/Library/PrivateFrameworks/PowerLog.framework/Versions/A/PowerLog
0x00000001a6533000 	/System/Library/PrivateFrameworks/IconFoundation.framework/Versions/A/IconFoundation
0x00000001ab8ff000 	/System/Library/PrivateFrameworks/SpeechRecognitionCore.framework/Versions/A/SpeechRecognitionCore
0x0000000103488000 	/Users/pranjulsingh/Library/Java/JavaVirtualMachines/openjdk-17.0.2/Contents/Home/lib/server/libjvm.dylib
0x000000010249c000 	/Users/pranjulsingh/Library/Java/JavaVirtualMachines/openjdk-17.0.2/Contents/Home/lib/libjimage.dylib
0x000000010257c000 	/Users/pranjulsingh/Library/Java/JavaVirtualMachines/openjdk-17.0.2/Contents/Home/lib/libinstrument.dylib
0x00000001025c8000 	/Users/pranjulsingh/Library/Java/JavaVirtualMachines/openjdk-17.0.2/Contents/Home/lib/libjava.dylib
0x0000000120b78000 	/Users/pranjulsingh/Library/Java/JavaVirtualMachines/openjdk-17.0.2/Contents/Home/lib/libnio.dylib
0x0000000120b98000 	/Users/pranjulsingh/Library/Java/JavaVirtualMachines/openjdk-17.0.2/Contents/Home/lib/libnet.dylib
0x00000001025b0000 	/Users/pranjulsingh/Library/Java/JavaVirtualMachines/openjdk-17.0.2/Contents/Home/lib/libzip.dylib
0x0000000120bbc000 	/Users/pranjulsingh/.openjfx/cache/17.0.1/libprism_es2.dylib
0x000000019d78b000 	/System/Library/PrivateFrameworks/CoreServicesInternal.framework/Versions/A/CoreServicesInternal
0x00000001fc416000 	/System/Library/Frameworks/OpenGL.framework/Versions/A/Resources/GLEngine.bundle/GLEngine
0x00000001fc29e000 	/System/Library/Frameworks/OpenGL.framework/Versions/A/Libraries/libGLProgrammability.dylib
0x0000000123ebc000 	/System/Library/Extensions/AppleMetalOpenGLRenderer.bundle/Contents/MacOS/AppleMetalOpenGLRenderer
0x00000001fc585000 	/System/Library/Frameworks/OpenGL.framework/Versions/A/Resources/GLRendererFloat.bundle/GLRendererFloat
0x00000001fc685000 	/System/Library/Extensions/AGXMetal13_3.bundle/Contents/MacOS/AGXMetal13_3
0x00000001bb0be000 	/System/Library/PrivateFrameworks/GPURawCounter.framework/Versions/A/GPURawCounter
0x00000001b57c8000 	/System/Library/PrivateFrameworks/IOGPU.framework/Versions/A/IOGPU
0x0000000125f98000 	/Users/pranjulsingh/.openjfx/cache/17.0.1/libglass.dylib
0x00000001ace0e000 	/System/Library/Frameworks/FileProvider.framework/Versions/A/FileProvider
0x00000001a13f3000 	/System/Library/Frameworks/Accounts.framework/Versions/A/Accounts
0x00000001acf92000 	/System/Library/PrivateFrameworks/GenerationalStorage.framework/Versions/A/GenerationalStorage
0x00000001adb55000 	/System/Library/PrivateFrameworks/CoreSymbolication.framework/Versions/A/CoreSymbolication
0x00000001acbaa000 	/System/Library/PrivateFrameworks/SymptomDiagnosticReporter.framework/Versions/A/SymptomDiagnosticReporter
0x000000019ea7b000 	/System/Library/PrivateFrameworks/DesktopServicesPriv.framework/Versions/A/DesktopServicesPriv
0x000000019d8ed000 	/usr/lib/libsandbox.1.dylib
0x00000001a246e000 	/System/Library/PrivateFrameworks/UserManagement.framework/Versions/A/UserManagement
0x00000001adb12000 	/System/Library/PrivateFrameworks/DebugSymbols.framework/Versions/A/DebugSymbols
0x00000001a89df000 	/System/Library/PrivateFrameworks/NetAuth.framework/Versions/A/NetAuth
0x00000001a98fd000 	/System/Library/PrivateFrameworks/Sharing.framework/Versions/A/Sharing
0x00000001a243e000 	/System/Library/PrivateFrameworks/login.framework/Versions/A/Frameworks/loginsupport.framework/Versions/A/loginsupport
0x00000001aed47000 	/System/Library/PrivateFrameworks/Apple80211.framework/Versions/A/Apple80211
0x00000001a55c9000 	/System/Library/PrivateFrameworks/AuthKit.framework/Versions/A/AuthKit
0x00000001a4c4a000 	/System/Library/PrivateFrameworks/CoreUtils.framework/Versions/A/CoreUtils
0x00000001a4b6d000 	/System/Library/Frameworks/CoreWLAN.framework/Versions/A/CoreWLAN
0x00000001a9a6d000 	/System/Library/Frameworks/IOBluetooth.framework/Versions/A/IOBluetooth
0x00000001aeda7000 	/System/Library/PrivateFrameworks/CoreWiFi.framework/Versions/A/CoreWiFi
0x00000001ad6f2000 	/System/Library/PrivateFrameworks/FrontBoardServices.framework/Versions/A/FrontBoardServices
0x00000001ad78a000 	/System/Library/PrivateFrameworks/BoardServices.framework/Versions/A/BoardServices
0x00000001a4e64000 	/System/Library/PrivateFrameworks/AssertionServices.framework/Versions/A/AssertionServices
0x00000001aef24000 	/System/Library/PrivateFrameworks/BackBoardServices.framework/Versions/A/BackBoardServices
0x00000001a8e53000 	/System/Library/PrivateFrameworks/CorePhoneNumbers.framework/Versions/A/CorePhoneNumbers
0x00000001accda000 	/System/Library/PrivateFrameworks/DiskManagement.framework/Versions/A/DiskManagement
0x00000001acbdd000 	/System/Library/PrivateFrameworks/AppleIDAuthSupport.framework/Versions/A/AppleIDAuthSupport
0x0000000200b9e000 	/System/Library/PrivateFrameworks/AAAFoundation.framework/Versions/A/AAAFoundation
0x00000001a8e32000 	/System/Library/PrivateFrameworks/KeychainCircle.framework/Versions/A/KeychainCircle
0x00000001acca6000 	/System/Library/PrivateFrameworks/MediaKit.framework/Versions/A/MediaKit
0x00000001acbea000 	/System/Library/Frameworks/DiscRecording.framework/Versions/A/DiscRecording
0x00000001a643e000 	/usr/lib/libCoreStorage.dylib
0x00000001af221000 	/usr/lib/libcsfde.dylib
0x00000001a9b42000 	/System/Library/PrivateFrameworks/ProtectedCloudStorage.framework/Versions/A/ProtectedCloudStorage
0x00000001af219000 	/System/Library/PrivateFrameworks/EFILogin.framework/Versions/A/EFILogin
0x00000001acfb9000 	/System/Library/PrivateFrameworks/OctagonTrust.framework/Versions/A/OctagonTrust
0x000000020576f000 	/System/Library/PrivateFrameworks/CoreUtilsExtras.framework/Versions/A/CoreUtilsExtras
0x00000001acb0f000 	/System/Library/Frameworks/CoreBluetooth.framework/Versions/A/CoreBluetooth
0x00000001af8ac000 	/System/Library/Frameworks/AudioUnit.framework/Versions/A/AudioUnit
0x00000001a6436000 	/usr/lib/libMatch.1.dylib
0x00000001bf56a000 	/System/Library/Frameworks/Accelerate.framework/Versions/A/Frameworks/vImage.framework/Versions/A/Libraries/libCGInterfaces.dylib
0x00000001273b0000 	/usr/lib/libobjc-trampolines.dylib
0x00000001a2138000 	/System/Library/PrivateFrameworks/ViewBridge.framework/Versions/A/ViewBridge
0x00000001a6b9a000 	/System/Library/PrivateFrameworks/login.framework/Versions/A/login
0x00000001a62fc000 	/System/Library/PrivateFrameworks/CrashReporterSupport.framework/Versions/A/CrashReporterSupport
0x00000001c6fe3000 	/System/Library/PrivateFrameworks/OSAnalytics.framework/Versions/A/OSAnalytics
0x00000001d22e1000 	/System/Library/PrivateFrameworks/Symbolication.framework/Versions/A/Symbolication
0x00000001bb07f000 	/System/Library/PrivateFrameworks/MallocStackLogging.framework/Versions/A/MallocStackLogging
0x00000001307cc000 	/Users/pranjulsingh/.openjfx/cache/17.0.1/libjavafx_font.dylib
0x0000000219cb5000 	/usr/lib/libRosetta.dylib


VM Arguments:
jvm_args: -javaagent:/Applications/IntelliJ IDEA.app/Contents/lib/idea_rt.jar=54454:/Applications/IntelliJ IDEA.app/Contents/bin -Dfile.encoding=UTF-8 --module-path=/Users/pranjulsingh/IdeaProjects/OOP-Assignment2-Final/target/classes:/Users/pranjulsingh/.m2/repository/org/openjfx/javafx-fxml/17.0.1/javafx-fxml-17.0.1-mac-aarch64.jar:/Users/pranjulsingh/.m2/repository/org/openjfx/javafx-base/17.0.1/javafx-base-17.0.1-mac-aarch64.jar:/Users/pranjulsingh/.m2/repository/org/openjfx/javafx-controls/17.0.1/javafx-controls-17.0.1-mac-aarch64.jar:/Users/pranjulsingh/.m2/repository/org/openjfx/javafx-graphics/17.0.1/javafx-graphics-17.0.1-mac-aarch64.jar -Djdk.module.main=com.example.oopassignment2final 
java_command: com.example.oopassignment2final/com.example.oopassignment2final.Main
java_class_path (initial): /Users/pranjulsingh/.m2/repository/org/openjfx/javafx-controls/17.0.1/javafx-controls-17.0.1.jar:/Users/pranjulsingh/.m2/repository/org/openjfx/javafx-graphics/17.0.1/javafx-graphics-17.0.1.jar:/Users/pranjulsingh/.m2/repository/org/openjfx/javafx-base/17.0.1/javafx-base-17.0.1.jar:/Users/pranjulsingh/.m2/repository/org/openjfx/javafx-fxml/17.0.1/javafx-fxml-17.0.1.jar
Launcher Type: SUN_STANDARD

[Global flags]
     intx CICompilerCount                          = 4                                         {product} {ergonomic}
     uint ConcGCThreads                            = 2                                         {product} {ergonomic}
     uint G1ConcRefinementThreads                  = 8                                         {product} {ergonomic}
   size_t G1HeapRegionSize                         = 1048576                                   {product} {ergonomic}
    uintx GCDrainStackTargetSize                   = 64                                        {product} {ergonomic}
   size_t InitialHeapSize                          = 134217728                                 {product} {ergonomic}
   size_t MarkStackSize                            = 4194304                                   {product} {ergonomic}
   size_t MaxHeapSize                              = 2147483648                                {product} {ergonomic}
   size_t MaxNewSize                               = 1287651328                                {product} {ergonomic}
   size_t MinHeapDeltaBytes                        = 1048576                                   {product} {ergonomic}
   size_t MinHeapSize                              = 8388608                                   {product} {ergonomic}
    uintx NonNMethodCodeHeapSize                   = 5839564                                {pd product} {ergonomic}
    uintx NonProfiledCodeHeapSize                  = 122909338                              {pd product} {ergonomic}
    uintx ProfiledCodeHeapSize                     = 122909338                              {pd product} {ergonomic}
    uintx ReservedCodeCacheSize                    = 251658240                              {pd product} {ergonomic}
     bool SegmentedCodeCache                       = true                                      {product} {ergonomic}
   size_t SoftMaxHeapSize                          = 2147483648                             {manageable} {ergonomic}
     bool UseCompressedClassPointers               = true                           {product lp64_product} {ergonomic}
     bool UseCompressedOops                        = true                           {product lp64_product} {ergonomic}
     bool UseG1GC                                  = true                                      {product} {ergonomic}
     bool UseNUMA                                  = false                                     {product} {ergonomic}
     bool UseNUMAInterleaving                      = false                                     {product} {ergonomic}

Logging:
Log output configuration:
 #0: stdout all=warning uptime,level,tags
 #1: stderr all=off uptime,level,tags

Environment Variables:
PATH=/opt/homebrew/bin:/opt/homebrew/sbin:/usr/local/bin:/usr/bin:/bin:/usr/sbin:/sbin
SHELL=/bin/zsh
LC_CTYPE=en_CA.UTF-8

Signal Handlers:
   SIGSEGV: _ZL13crash_handleriP9__siginfoPv in libjvm.dylib, mask=11100110000111110111111111111111, flags=SA_RESTART|SA_SIGINFO
    SIGBUS: _ZL13crash_handleriP9__siginfoPv in libjvm.dylib, mask=11100110000111110111111111111111, flags=SA_RESTART|SA_SIGINFO
    SIGFPE: _ZL13crash_handleriP9__siginfoPv in libjvm.dylib, mask=11100110000111110111111111111111, flags=SA_RESTART|SA_SIGINFO
   SIGPIPE: _ZL17javaSignalHandleriP9__siginfoPv in libjvm.dylib, mask=11100110000111110111111111111111, flags=SA_RESTART|SA_SIGINFO
   SIGXFSZ: _ZL17javaSignalHandleriP9__siginfoPv in libjvm.dylib, mask=11100110000111110111111111111111, flags=SA_RESTART|SA_SIGINFO
    SIGILL: _ZL13crash_handleriP9__siginfoPv in libjvm.dylib, mask=11100110000111110111111111111111, flags=SA_RESTART|SA_SIGINFO
   SIGUSR2: _ZL10SR_handleriP9__siginfoP17__darwin_ucontext in libjvm.dylib, mask=00100000000000000000000000000000, flags=SA_RESTART|SA_SIGINFO
    SIGHUP: _ZL11UserHandleriPvS_ in libjvm.dylib, mask=11100110000111110111111111111111, flags=SA_RESTART|SA_SIGINFO
    SIGINT: _ZL11UserHandleriPvS_ in libjvm.dylib, mask=11100110000111110111111111111111, flags=SA_RESTART|SA_SIGINFO
   SIGTERM: _ZL11UserHandleriPvS_ in libjvm.dylib, mask=11100110000111110111111111111111, flags=SA_RESTART|SA_SIGINFO
   SIGQUIT: _ZL11UserHandleriPvS_ in libjvm.dylib, mask=11100110000111110111111111111111, flags=SA_RESTART|SA_SIGINFO
   SIGTRAP: _ZL13crash_handleriP9__siginfoPv in libjvm.dylib, mask=11100110000111110111111111111111, flags=SA_RESTART|SA_SIGINFO


---------------  S Y S T E M  ---------------

OS:
uname: Darwin 21.4.0 Darwin Kernel Version 21.4.0: Fri Mar 18 00:47:26 PDT 2022; root:xnu-8020.101.4~15/RELEASE_ARM64_T8101 arm64
OS uptime: 0 days 23:03 hours
rlimit (soft/hard): STACK 8176k/65520k , CORE 0k/infinity , NPROC 1333/2000 , NOFILE 10240/infinity , AS infinity/infinity , CPU infinity/infinity , DATA infinity/infinity , FSIZE infinity/infinity , MEMLOCK infinity/infinity , RSS infinity/infinity
load average: 2.23 1.80 1.71

CPU: total 8 (initial active 8) 0x61:0x0:0x1b588bb3:0, fp, simd, crc, lse

Memory: 16k page, physical 8388608k(90672k free), swap 1048576k(1016832k free)

vm_info: OpenJDK 64-Bit Server VM (17.0.2+8-86) for bsd-aarch64 JRE (17.0.2+8-86), built on Dec  7 2021 21:45:06 by "mach5one" with clang Apple LLVM 12.0.0 (clang-1200.0.32.29)

END.
