#
# A fatal error has been detected by the Java Runtime Environment:
#
#  SIGBUS (0xa) at pc=0x00000001300014f0, pid=25014, tid=35851
#
# JRE version: OpenJDK Runtime Environment (17.0.2+8) (build 17.0.2+8-86)
# Java VM: OpenJDK 64-Bit Server VM (17.0.2+8-86, mixed mode, sharing, tiered, compressed oops, compressed class ptrs, g1 gc, bsd-aarch64)
# Problematic frame:
# v  ~StubRoutines::SafeFetchN
#
# No core dump will be written. Core dumps have been disabled. To enable core dumping, try "ulimit -c unlimited" before starting Java again
#
# If you would like to submit a bug report, please visit:
#   https://bugreport.java.com/bugreport/crash.jsp
# The crash happened outside the Java Virtual Machine in native code.
# See problematic frame for where to report the bug.
#

---------------  S U M M A R Y ------------

Command Line: -javaagent:/Applications/IntelliJ IDEA.app/Contents/lib/idea_rt.jar=55034:/Applications/IntelliJ IDEA.app/Contents/bin -Dfile.encoding=UTF-8 --module-path=/Users/pranjulsingh/.m2/repository/org/openjfx/javafx-base/17.0.1/javafx-base-17.0.1-mac-aarch64.jar:/Users/pranjulsingh/.m2/repository/org/openjfx/javafx-controls/17.0.1/javafx-controls-17.0.1-mac-aarch64.jar:/Users/pranjulsingh/.m2/repository/org/openjfx/javafx-graphics/17.0.1/javafx-graphics-17.0.1-mac-aarch64.jar:/Users/pranjulsingh/IdeaProjects/OOP-Assignment2-Final/target/classes:/Users/pranjulsingh/.m2/repository/org/openjfx/javafx-fxml/17.0.1/javafx-fxml-17.0.1-mac-aarch64.jar -Djdk.module.main=com.example.oopassignment2final com.example.oopassignment2final/com.example.oopassignment2final.Main

Host: "MacBookPro17,1" arm64 1 MHz, 8 cores, 8G, Darwin 21.4.0, macOS 12.3.1 (21E258)
Time: Wed Apr 13 21:01:18 2022 EDT elapsed time: 5.477380 seconds (0d 0h 0m 5s)

---------------  T H R E A D  ---------------

Current thread (0x000000012594f600):  JavaThread "InvokeLaterDispatcher" daemon [_thread_in_native, id=35851, stack(0x0000000170570000,0x0000000170773000)]

Stack: [0x0000000170570000,0x0000000170773000],  sp=0x0000000170772780,  free space=2057k
Native frames: (J=compiled Java code, j=interpreted, Vv=VM code, C=native code)
v  ~StubRoutines::SafeFetchN
V  [libjvm.dylib+0x7a6bcc]  _ZN10OopStorage7releaseEPKP7oopDesc+0x20
V  [libjvm.dylib+0x4ba824]  jni_DeleteGlobalRef+0xd8
C  [libglass.dylib+0xab08]  -[GlassRunnable dealloc]+0x34
C  [Foundation+0x85618]  -[_NSThreadPerformInfo dealloc]+0x30
C  [Foundation+0x5198c]  -[NSObject(NSThreadPerformAdditions) performSelectorOnMainThread:withObject:waitUntilDone:]+0x88
C  0x0f040001300098ac
j  com.sun.glass.ui.mac.MacApplication.submitForLaterInvocation(Ljava/lang/Runnable;)V+2 javafx.graphics
j  com.sun.glass.ui.InvokeLaterDispatcher.run()V+82 javafx.graphics
v  ~StubRoutines::call_stub
V  [libjvm.dylib+0x461d08]  _ZN9JavaCalls11call_helperEP9JavaValueRK12methodHandleP17JavaCallArgumentsP10JavaThread+0x38c
V  [libjvm.dylib+0x460d24]  _ZN9JavaCalls12call_virtualEP9JavaValueP5KlassP6SymbolS5_P17JavaCallArgumentsP10JavaThread+0x11c
V  [libjvm.dylib+0x460df0]  _ZN9JavaCalls12call_virtualEP9JavaValue6HandleP5KlassP6SymbolS6_P10JavaThread+0x64
V  [libjvm.dylib+0x515f04]  _ZL12thread_entryP10JavaThreadS0_+0xc4
V  [libjvm.dylib+0x9071ac]  _ZN10JavaThread17thread_main_innerEv+0x13c
V  [libjvm.dylib+0x9058c0]  _ZN6Thread8call_runEv+0x128
V  [libjvm.dylib+0x7ad7c8]  _ZL19thread_native_entryP6Thread+0x158
C  [libsystem_pthread.dylib+0x726c]  _pthread_start+0x94

Java frames: (J=compiled Java code, j=interpreted, Vv=VM code)
j  com.sun.glass.ui.mac.MacApplication._submitForLaterInvocation(Ljava/lang/Runnable;)V+0 javafx.graphics
j  com.sun.glass.ui.mac.MacApplication.submitForLaterInvocation(Ljava/lang/Runnable;)V+2 javafx.graphics
j  com.sun.glass.ui.InvokeLaterDispatcher.run()V+82 javafx.graphics
v  ~StubRoutines::call_stub

siginfo: si_signo: 10 (SIGBUS), si_code: 1 (BUS_ADRALN), si_addr: 0x00000001300014f0

Register to memory mapping:

 x0=0x000000010fd04208 points into unknown readable memory: 0x0000000000000000 | 00 00 00 00 00 00 00 00
 x1=0x0 is NULL
 x2=0x0000000785df38c0 is an oop: com.sun.glass.ui.InvokeLaterDispatcher$Future 
{0x0000000785df38c0} - klass: 'com/sun/glass/ui/InvokeLaterDispatcher$Future'
 - ---- fields (total size 3 words):
 - private 'done' 'Z' @12  true
 - private final 'runnable' 'Ljava/lang/Runnable;' @16  a 'com/sun/javafx/application/PlatformImpl$$Lambda$92+0x0000000800c81990'{0x0000000785b664c0} (f0b6cc98)
 - final synthetic 'this$0' 'Lcom/sun/glass/ui/InvokeLaterDispatcher;' @20  a 'com/sun/glass/ui/InvokeLaterDispatcher'{0x000000078682aaa0} (f0d05554)
 x3=0x0 is NULL
 x4=0x00000000000130a8 is an unknown value
 x5=0x0 is NULL
 x6=0x0 is NULL
 x7=0x0 is NULL
 x8=0x00000001300014ec is at begin+0 in a stub
StubRoutines::SafeFetchN [0x00000001300014ec, 0x00000001300014f8] (12 bytes)
 x9=0x0 is NULL
x10=0x2010000030300000 is an unknown value
x11=0x0000000000000007 is an unknown value
x12=0x0000000000000004 is an unknown value
x13=0x0000600003f99d10 points into unknown readable memory: 0x9b1f80019abe7c40 | 40 7c be 9a 01 80 1f 9b
x14=0x0000120000000000 is an unknown value
x15=0x00000001269f9f98: OBJC_CLASS_$_GlassRunnable+0 in /Users/pranjulsingh/.openjfx/cache/17.0.1/libglass.dylib at 0x00000001269b4000
x16=0x000000019ad510fc: pthread_getspecific+0 in /usr/lib/system/libsystem_pthread.dylib at 0x000000019ad4f000
x17=0x000060000358f600 points into unknown readable memory: 0xfffffffffffffffe | fe ff ff ff ff ff ff ff
x18=0x0 is NULL
x19=0x0000600003a8c540 points into unknown readable memory: 0x000060000138d4b0 | b0 d4 38 01 00 60 00 00
x20=0x000000010fd04000 points into unknown readable memory: 0x0000000000000000 | 00 00 00 00 00 00 00 00
x21=0x000000010fd04208 points into unknown readable memory: 0x0000000000000000 | 00 00 00 00 00 00 00 00
x22=0x000000012594f600 is a thread
x23=0x0000000000000001 is an unknown value
x24=0x000000010fd041c0 is a global jni handle
x25=0x00000001040ed5e8: _ZN12StubRoutines17_safefetchN_entryE+0 in /Users/pranjulsingh/Library/Java/JavaVirtualMachines/openjdk-17.0.2/Contents/Home/lib/server/libjvm.dylib at 0x000000010353c000
x26=0x0000000122518270 is pointing into metadata
x27=0x0 is NULL
x28=0x000000012594f600 is a thread


Registers:
 x0=0x000000010fd04208  x1=0x0000000000000000  x2=0x0000000785df38c0  x3=0x0000000000000000
 x4=0x00000000000130a8  x5=0x0000000000000000  x6=0x0000000000000000  x7=0x0000000000000000
 x8=0x00000001300014ec  x9=0x0000000000000000 x10=0x2010000030300000 x11=0x0000000000000007
x12=0x0000000000000004 x13=0x0000600003f99d10 x14=0x0000120000000000 x15=0x00000001269f9f98
x16=0x000000019ad510fc x17=0x000060000358f600 x18=0x0000000000000000 x19=0x0000600003a8c540
x20=0x000000010fd04000 x21=0x000000010fd04208 x22=0x000000012594f600 x23=0x0000000000000001
x24=0x000000010fd041c0 x25=0x00000001040ed5e8 x26=0x0000000122518270 x27=0x0000000000000000
x28=0x000000012594f600  fp=0x00000001707727c0  lr=0x0000000103ce199c  sp=0x0000000170772780
pc=0x00000001300014f0 cpsr=0x0000000060001000
Top of Stack: (sp=0x0000000170772780)
0x0000000170772780:   0000000122518270 0000000000000001
0x0000000170772790:   0000000170772988 0000000000000000
0x00000001707727a0:   0000000126059ca8 000000010fd041f0
0x00000001707727b0:   000000010fd041f0 0000600003a8c540
0x00000001707727c0:   0000000170772800 0000000103ce2bcc
0x00000001707727d0:   0000000000000001 000000010fd041f0
0x00000001707727e0:   0000000126059ca8 000000010fd041f0
0x00000001707727f0:   0000000000000001 0000000126059a00
0x0000000170772800:   0000000170772840 00000001039f6824
0x0000000170772810:   0000000170772988 000060000139c360
0x0000000170772820:   000060000139c2d0 00000001e4e16be0
0x0000000170772830:   0000000000000000 000060000139c2d0
0x0000000170772840:   0000000170772870 00000001269beb08
0x0000000170772850:   63aa96d06d940051 0000000000000000
0x0000000170772860:   0000000000000000 000060000044da80
0x0000000170772870:   00000001707728b0 000000019bd1e618
0x0000000170772880:   0000000170772988 000060000139c360
0x0000000170772890:   000060000139c2d0 63aa96d06d940051
0x00000001707728a0:   0000000000000000 0000000000000000
0x00000001707728b0:   00000001707728f0 d42280019bcea98c
0x00000001707728c0:   0000000170772988 00000001300087c0
0x00000001707728d0:   0000000000000000 00000001040f4fa8
0x00000001707728e0:   0000000170772900 0000000130007730
0x00000001707728f0:   0000000170772960 0f040001300098ac
0x0000000170772900:   000000012251a8a0 0000000000000001
0x0000000170772910:   0000000170772910 0000000000000000
0x0000000170772920:   0000000170772988 0000000122518270
0x0000000170772930:   0000000786816c38 0000000000000000
0x0000000170772940:   0000000000000000 00000001224f7818
0x0000000170772950:   0000000000000000 0000000170772960
0x0000000170772960:   00000001707729e0 0000000130005fc8
0x0000000170772970:   0000000000000000 0000000000000000 

Instructions: (pc=0x00000001300014f0)
0x00000001300013f0:   f2a08169 f2c00029 6d425935 1e640886
0x0000000130001400:   0c402d31 1e6408c7 1f5654d0 1e6c1017
0x0000000130001410:   1f5050d0 1f504cd0 1f5048d0 1e650af6
0x0000000130001420:   1f50d8f6 1f5694d6 1f5158f6 1e762880
0x0000000130001430:   36000501 1e614000 14000026 2e251ca5
0x0000000130001440:   d2943009 f2a08169 f2c00029 6d425d36
0x0000000130001450:   1e600806 0c402d32 1f5758c7 1e6c101a
0x0000000130001460:   1f4754c7 1e650805 1f4750c7 d2866668
0x0000000130001470:   f2a7fa68 1f474cc7 1e6608c0 1f4748c7
0x0000000130001480:   1e6e1019 eb08007f 540000ac 1f479400
0x0000000130001490:   1f460340 1e603b20 1400000e d2a7fd29
0x00000001300014a0:   eb09007f 540000ac 51480069 d3607d29
0x00000001300014b0:   9e670121 14000002 1e6a5001 1f679417
0x00000001300014c0:   1f668742 1e613b23 1e773857 1e773860
0x00000001300014d0:   a8c17ff3 910003bf a8c17bfd d65f03c0
0x00000001300014e0:   b9400001 aa0103e0 d65f03c0 f9400001
0x00000001300014f0:   aa0103e0 d65f03c0 00000000 00000000
0x0000000130001500:   00000000 00000000 00000000 00000000
0x0000000130001510:   00000000 00000000 00000000 00000000
0x0000000130001520:   00000000 00000000 00000000 00000000
0x0000000130001530:   00000000 00000000 00000000 00000000
0x0000000130001540:   00000000 00000000 00000000 00000000
0x0000000130001550:   00000000 00000000 00000000 00000000
0x0000000130001560:   00000000 00000000 00000000 00000000
0x0000000130001570:   00000000 00000000 00000000 00000000
0x0000000130001580:   00000000 00000000 00000000 00000000
0x0000000130001590:   00000000 00000000 00000000 00000000
0x00000001300015a0:   00000000 00000000 00000000 00000000
0x00000001300015b0:   00000000 00000000 00000000 00000000
0x00000001300015c0:   00000000 00000000 00000000 00000000
0x00000001300015d0:   00000000 00000000 00000000 00000000
0x00000001300015e0:   00000000 00000000 00000000 00000000 


Stack slot to memory mapping:
stack at sp + 0 slots: 0x0000000122518270 is pointing into metadata
stack at sp + 1 slots: 0x0000000000000001 is an unknown value
stack at sp + 2 slots: 0x0000000170772988 is pointing into the stack for thread: 0x000000012594f600
stack at sp + 3 slots: 0x0 is NULL
stack at sp + 4 slots: 0x0000000126059ca8 points into unknown readable memory: 0x00000001040aa738 | 38 a7 0a 04 01 00 00 00
stack at sp + 5 slots: 0x000000010fd041f0 is a global jni handle
stack at sp + 6 slots: 0x000000010fd041f0 is a global jni handle
stack at sp + 7 slots: 0x0000600003a8c540 points into unknown readable memory: 0x000060000138d4b0 | b0 d4 38 01 00 60 00 00

StubRoutines::SafeFetchN [0x00000001300014ec, 0x00000001300014f8] (12 bytes)
[MachCode]
  0x00000001300014ec: 0100 40f9 | e003 01aa | c003 5fd6 
[/MachCode]

---------------  P R O C E S S  ---------------

Threads class SMR info:
_java_thread_list=0x00006000011a1980, length=20, elements={
0x0000000125809a00, 0x00000001258bba00, 0x00000001258be200, 0x0000000127008800,
0x000000012700b000, 0x000000012700b600, 0x000000012700bc00, 0x000000012700c200,
0x0000000127014800, 0x00000001258c3800, 0x000000012507de00, 0x000000012500d600,
0x0000000126016c00, 0x000000012594f600, 0x0000000126059a00, 0x0000000125227400,
0x00000001251e8c00, 0x0000000127319200, 0x0000000127327000, 0x0000000127811800
}

Java Threads: ( => current thread )
  0x0000000125809a00 JavaThread "main" [_thread_blocked, id=6147, stack(0x000000016dadc000,0x000000016dcdf000)]
  0x00000001258bba00 JavaThread "Reference Handler" daemon [_thread_blocked, id=14595, stack(0x000000016e930000,0x000000016eb33000)]
  0x00000001258be200 JavaThread "Finalizer" daemon [_thread_blocked, id=14851, stack(0x000000016eb3c000,0x000000016ed3f000)]
  0x0000000127008800 JavaThread "Signal Dispatcher" daemon [_thread_blocked, id=22787, stack(0x000000016eeec000,0x000000016f0ef000)]
  0x000000012700b000 JavaThread "Service Thread" daemon [_thread_blocked, id=23043, stack(0x000000016f0f8000,0x000000016f2fb000)]
  0x000000012700b600 JavaThread "Monitor Deflation Thread" daemon [_thread_blocked, id=23299, stack(0x000000016f304000,0x000000016f507000)]
  0x000000012700bc00 JavaThread "C2 CompilerThread0" daemon [_thread_blocked, id=23555, stack(0x000000016f510000,0x000000016f713000)]
  0x000000012700c200 JavaThread "C1 CompilerThread0" daemon [_thread_blocked, id=24067, stack(0x000000016f71c000,0x000000016f91f000)]
  0x0000000127014800 JavaThread "Sweeper thread" daemon [_thread_blocked, id=24323, stack(0x000000016f928000,0x000000016fb2b000)]
  0x00000001258c3800 JavaThread "Common-Cleaner" daemon [_thread_blocked, id=24835, stack(0x000000016fb34000,0x000000016fd37000)]
  0x000000012507de00 JavaThread "Monitor Ctrl-Break" daemon [_thread_in_native, id=40963, stack(0x000000016fd40000,0x000000016ff43000)]
  0x000000012500d600 JavaThread "Notification Thread" daemon [_thread_blocked, id=25347, stack(0x000000016ff4c000,0x000000017014f000)]
  0x0000000126016c00 JavaThread "QuantumRenderer-0" daemon [_thread_blocked, id=26115, stack(0x0000000170364000,0x0000000170567000)]
=>0x000000012594f600 JavaThread "InvokeLaterDispatcher" daemon [_thread_in_native, id=35851, stack(0x0000000170570000,0x0000000170773000)]
  0x0000000126059a00 JavaThread "JavaFX Application Thread" [_thread_in_vm, id=259, stack(0x000000016d254000,0x000000016da50000)]
  0x0000000125227400 JavaThread "JavaFX-Launcher" [_thread_blocked, id=53507, stack(0x0000000170a14000,0x0000000170c17000)]
  0x00000001251e8c00 JavaThread "Prism Font Disposer" daemon [_thread_blocked, id=69131, stack(0x0000000175ebc000,0x00000001760bf000)]
  0x0000000127319200 JavaThread "Cleaner-0" daemon [_thread_blocked, id=172811, stack(0x00000001760c8000,0x00000001762cb000)]
  0x0000000127327000 JavaThread "Attach Listener" daemon [_thread_blocked, id=1395, stack(0x00000001762d4000,0x00000001764d7000)]
  0x0000000127811800 JavaThread "PulseTimer-CVDisplayLink thread" daemon [_thread_in_native, id=51463, stack(0x000000017077c000,0x00000001707ff000)]

Other Threads:
  0x0000000124f0e3c0 VMThread "VM Thread" [stack: 0x000000016e724000,0x000000016e927000] [id=16387]
  0x0000000124f145e0 WatcherThread [stack: 0x0000000170158000,0x000000017035b000] [id=25859]
  0x0000000124f07130 GCTaskThread "GC Thread#0" [stack: 0x000000016dce8000,0x000000016deeb000] [id=19971]
  0x000000010fd3da00 GCTaskThread "GC Thread#1" [stack: 0x0000000170c20000,0x0000000170e23000] [id=55555]
  0x000000010fd3de80 GCTaskThread "GC Thread#2" [stack: 0x0000000170e2c000,0x000000017102f000] [id=55811]
  0x00000001268207d0 GCTaskThread "GC Thread#3" [stack: 0x0000000171038000,0x000000017123b000] [id=70147]
  0x0000000126820e20 GCTaskThread "GC Thread#4" [stack: 0x0000000171244000,0x0000000171447000] [id=69891]
  0x0000000126821690 GCTaskThread "GC Thread#5" [stack: 0x0000000171450000,0x0000000171653000] [id=56323]
  0x0000000124f077e0 ConcurrentGCThread "G1 Main Marker" [stack: 0x000000016def4000,0x000000016e0f7000] [id=19715]
  0x0000000124f08060 ConcurrentGCThread "G1 Conc#0" [stack: 0x000000016e100000,0x000000016e303000] [id=18947]
  0x0000000124f09ed0 ConcurrentGCThread "G1 Refine#0" [stack: 0x000000016e30c000,0x000000016e50f000] [id=18179]
  0x0000000124f0a770 ConcurrentGCThread "G1 Service" [stack: 0x000000016e518000,0x000000016e71b000] [id=17923]

Threads with active compile tasks:

VM state: not at safepoint (normal execution)

VM Mutex/Monitor currently owned by a thread: None

Heap address: 0x0000000780000000, size: 2048 MB, Compressed Oops mode: Zero based, Oop shift amount: 3

CDS archive(s) mapped at: [0x0000000800000000-0x0000000800bd4000-0x0000000800bd4000), size 12402688, SharedBaseAddress: 0x0000000800000000, ArchiveRelocationMode: 0.
Compressed class space mapped at: 0x0000000800c00000-0x0000000840c00000, reserved size: 1073741824
Narrow klass base: 0x0000000800000000, Narrow klass shift: 0, Narrow klass range: 0x100000000

GC Precious Log:
 CPUs: 8 total, 8 available
 Memory: 8192M
 Large Page Support: Disabled
 NUMA Support: Disabled
 Compressed Oops: Enabled (Zero based)
 Heap Region Size: 1M
 Heap Min Capacity: 8M
 Heap Initial Capacity: 128M
 Heap Max Capacity: 2G
 Pre-touch: Disabled
 Parallel Workers: 8
 Concurrent Workers: 2
 Concurrent Refinement Workers: 8
 Periodic GC: Disabled

Heap:
 garbage-first heap   total 133120K, used 40465K [0x0000000780000000, 0x0000000800000000)
  region size 1024K, 37 young (37888K), 3 survivors (3072K)
 Metaspace       used 15968K, committed 16192K, reserved 1064960K
  class space    used 2386K, committed 2496K, reserved 1048576K

Heap Regions: E=young(eden), S=young(survivor), O=old, HS=humongous(starts), HC=humongous(continues), CS=collection set, F=free, OA=open archive, CA=closed archive, TAMS=top-at-mark-start (previous, next)
|   0|0x0000000780000000, 0x000000078008c400, 0x0000000780100000| 54%| O|  |TAMS 0x0000000780000000, 0x0000000780000000| Untracked 
|   1|0x0000000780100000, 0x0000000780200000, 0x0000000780200000|100%|HS|  |TAMS 0x0000000780100000, 0x0000000780100000| Complete 
|   2|0x0000000780200000, 0x0000000780300000, 0x0000000780300000|100%|HC|  |TAMS 0x0000000780200000, 0x0000000780200000| Complete 
|   3|0x0000000780300000, 0x0000000780300000, 0x0000000780400000|  0%| F|  |TAMS 0x0000000780300000, 0x0000000780300000| Untracked 
|   4|0x0000000780400000, 0x0000000780400000, 0x0000000780500000|  0%| F|  |TAMS 0x0000000780400000, 0x0000000780400000| Untracked 
|   5|0x0000000780500000, 0x0000000780500000, 0x0000000780600000|  0%| F|  |TAMS 0x0000000780500000, 0x0000000780500000| Untracked 
|   6|0x0000000780600000, 0x0000000780600000, 0x0000000780700000|  0%| F|  |TAMS 0x0000000780600000, 0x0000000780600000| Untracked 
|   7|0x0000000780700000, 0x0000000780700000, 0x0000000780800000|  0%| F|  |TAMS 0x0000000780700000, 0x0000000780700000| Untracked 
|   8|0x0000000780800000, 0x0000000780800000, 0x0000000780900000|  0%| F|  |TAMS 0x0000000780800000, 0x0000000780800000| Untracked 
|   9|0x0000000780900000, 0x0000000780900000, 0x0000000780a00000|  0%| F|  |TAMS 0x0000000780900000, 0x0000000780900000| Untracked 
|  10|0x0000000780a00000, 0x0000000780a00000, 0x0000000780b00000|  0%| F|  |TAMS 0x0000000780a00000, 0x0000000780a00000| Untracked 
|  11|0x0000000780b00000, 0x0000000780b00000, 0x0000000780c00000|  0%| F|  |TAMS 0x0000000780b00000, 0x0000000780b00000| Untracked 
|  12|0x0000000780c00000, 0x0000000780c00000, 0x0000000780d00000|  0%| F|  |TAMS 0x0000000780c00000, 0x0000000780c00000| Untracked 
|  13|0x0000000780d00000, 0x0000000780d00000, 0x0000000780e00000|  0%| F|  |TAMS 0x0000000780d00000, 0x0000000780d00000| Untracked 
|  14|0x0000000780e00000, 0x0000000780e00000, 0x0000000780f00000|  0%| F|  |TAMS 0x0000000780e00000, 0x0000000780e00000| Untracked 
|  15|0x0000000780f00000, 0x0000000780f00000, 0x0000000781000000|  0%| F|  |TAMS 0x0000000780f00000, 0x0000000780f00000| Untracked 
|  16|0x0000000781000000, 0x0000000781000000, 0x0000000781100000|  0%| F|  |TAMS 0x0000000781000000, 0x0000000781000000| Untracked 
|  17|0x0000000781100000, 0x0000000781100000, 0x0000000781200000|  0%| F|  |TAMS 0x0000000781100000, 0x0000000781100000| Untracked 
|  18|0x0000000781200000, 0x0000000781200000, 0x0000000781300000|  0%| F|  |TAMS 0x0000000781200000, 0x0000000781200000| Untracked 
|  19|0x0000000781300000, 0x0000000781300000, 0x0000000781400000|  0%| F|  |TAMS 0x0000000781300000, 0x0000000781300000| Untracked 
|  20|0x0000000781400000, 0x0000000781400000, 0x0000000781500000|  0%| F|  |TAMS 0x0000000781400000, 0x0000000781400000| Untracked 
|  21|0x0000000781500000, 0x0000000781500000, 0x0000000781600000|  0%| F|  |TAMS 0x0000000781500000, 0x0000000781500000| Untracked 
|  22|0x0000000781600000, 0x0000000781600000, 0x0000000781700000|  0%| F|  |TAMS 0x0000000781600000, 0x0000000781600000| Untracked 
|  23|0x0000000781700000, 0x0000000781700000, 0x0000000781800000|  0%| F|  |TAMS 0x0000000781700000, 0x0000000781700000| Untracked 
|  24|0x0000000781800000, 0x0000000781800000, 0x0000000781900000|  0%| F|  |TAMS 0x0000000781800000, 0x0000000781800000| Untracked 
|  25|0x0000000781900000, 0x0000000781900000, 0x0000000781a00000|  0%| F|  |TAMS 0x0000000781900000, 0x0000000781900000| Untracked 
|  26|0x0000000781a00000, 0x0000000781a00000, 0x0000000781b00000|  0%| F|  |TAMS 0x0000000781a00000, 0x0000000781a00000| Untracked 
|  27|0x0000000781b00000, 0x0000000781b00000, 0x0000000781c00000|  0%| F|  |TAMS 0x0000000781b00000, 0x0000000781b00000| Untracked 
|  28|0x0000000781c00000, 0x0000000781c00000, 0x0000000781d00000|  0%| F|  |TAMS 0x0000000781c00000, 0x0000000781c00000| Untracked 
|  29|0x0000000781d00000, 0x0000000781d00000, 0x0000000781e00000|  0%| F|  |TAMS 0x0000000781d00000, 0x0000000781d00000| Untracked 
|  30|0x0000000781e00000, 0x0000000781e00000, 0x0000000781f00000|  0%| F|  |TAMS 0x0000000781e00000, 0x0000000781e00000| Untracked 
|  31|0x0000000781f00000, 0x0000000781f00000, 0x0000000782000000|  0%| F|  |TAMS 0x0000000781f00000, 0x0000000781f00000| Untracked 
|  32|0x0000000782000000, 0x0000000782000000, 0x0000000782100000|  0%| F|  |TAMS 0x0000000782000000, 0x0000000782000000| Untracked 
|  33|0x0000000782100000, 0x0000000782100000, 0x0000000782200000|  0%| F|  |TAMS 0x0000000782100000, 0x0000000782100000| Untracked 
|  34|0x0000000782200000, 0x0000000782200000, 0x0000000782300000|  0%| F|  |TAMS 0x0000000782200000, 0x0000000782200000| Untracked 
|  35|0x0000000782300000, 0x0000000782300000, 0x0000000782400000|  0%| F|  |TAMS 0x0000000782300000, 0x0000000782300000| Untracked 
|  36|0x0000000782400000, 0x0000000782400000, 0x0000000782500000|  0%| F|  |TAMS 0x0000000782400000, 0x0000000782400000| Untracked 
|  37|0x0000000782500000, 0x0000000782500000, 0x0000000782600000|  0%| F|  |TAMS 0x0000000782500000, 0x0000000782500000| Untracked 
|  38|0x0000000782600000, 0x0000000782600000, 0x0000000782700000|  0%| F|  |TAMS 0x0000000782600000, 0x0000000782600000| Untracked 
|  39|0x0000000782700000, 0x0000000782700000, 0x0000000782800000|  0%| F|  |TAMS 0x0000000782700000, 0x0000000782700000| Untracked 
|  40|0x0000000782800000, 0x0000000782800000, 0x0000000782900000|  0%| F|  |TAMS 0x0000000782800000, 0x0000000782800000| Untracked 
|  41|0x0000000782900000, 0x0000000782900000, 0x0000000782a00000|  0%| F|  |TAMS 0x0000000782900000, 0x0000000782900000| Untracked 
|  42|0x0000000782a00000, 0x0000000782a00000, 0x0000000782b00000|  0%| F|  |TAMS 0x0000000782a00000, 0x0000000782a00000| Untracked 
|  43|0x0000000782b00000, 0x0000000782b00000, 0x0000000782c00000|  0%| F|  |TAMS 0x0000000782b00000, 0x0000000782b00000| Untracked 
|  44|0x0000000782c00000, 0x0000000782c00000, 0x0000000782d00000|  0%| F|  |TAMS 0x0000000782c00000, 0x0000000782c00000| Untracked 
|  45|0x0000000782d00000, 0x0000000782d00000, 0x0000000782e00000|  0%| F|  |TAMS 0x0000000782d00000, 0x0000000782d00000| Untracked 
|  46|0x0000000782e00000, 0x0000000782e00000, 0x0000000782f00000|  0%| F|  |TAMS 0x0000000782e00000, 0x0000000782e00000| Untracked 
|  47|0x0000000782f00000, 0x0000000782f00000, 0x0000000783000000|  0%| F|  |TAMS 0x0000000782f00000, 0x0000000782f00000| Untracked 
|  48|0x0000000783000000, 0x0000000783000000, 0x0000000783100000|  0%| F|  |TAMS 0x0000000783000000, 0x0000000783000000| Untracked 
|  49|0x0000000783100000, 0x0000000783100000, 0x0000000783200000|  0%| F|  |TAMS 0x0000000783100000, 0x0000000783100000| Untracked 
|  50|0x0000000783200000, 0x0000000783200000, 0x0000000783300000|  0%| F|  |TAMS 0x0000000783200000, 0x0000000783200000| Untracked 
|  51|0x0000000783300000, 0x0000000783300000, 0x0000000783400000|  0%| F|  |TAMS 0x0000000783300000, 0x0000000783300000| Untracked 
|  52|0x0000000783400000, 0x0000000783400000, 0x0000000783500000|  0%| F|  |TAMS 0x0000000783400000, 0x0000000783400000| Untracked 
|  53|0x0000000783500000, 0x0000000783500000, 0x0000000783600000|  0%| F|  |TAMS 0x0000000783500000, 0x0000000783500000| Untracked 
|  54|0x0000000783600000, 0x0000000783600000, 0x0000000783700000|  0%| F|  |TAMS 0x0000000783600000, 0x0000000783600000| Untracked 
|  55|0x0000000783700000, 0x0000000783700000, 0x0000000783800000|  0%| F|  |TAMS 0x0000000783700000, 0x0000000783700000| Untracked 
|  56|0x0000000783800000, 0x0000000783800000, 0x0000000783900000|  0%| F|  |TAMS 0x0000000783800000, 0x0000000783800000| Untracked 
|  57|0x0000000783900000, 0x0000000783900000, 0x0000000783a00000|  0%| F|  |TAMS 0x0000000783900000, 0x0000000783900000| Untracked 
|  58|0x0000000783a00000, 0x0000000783a00000, 0x0000000783b00000|  0%| F|  |TAMS 0x0000000783a00000, 0x0000000783a00000| Untracked 
|  59|0x0000000783b00000, 0x0000000783b00000, 0x0000000783c00000|  0%| F|  |TAMS 0x0000000783b00000, 0x0000000783b00000| Untracked 
|  60|0x0000000783c00000, 0x0000000783c00000, 0x0000000783d00000|  0%| F|  |TAMS 0x0000000783c00000, 0x0000000783c00000| Untracked 
|  61|0x0000000783d00000, 0x0000000783d00000, 0x0000000783e00000|  0%| F|  |TAMS 0x0000000783d00000, 0x0000000783d00000| Untracked 
|  62|0x0000000783e00000, 0x0000000783e00000, 0x0000000783f00000|  0%| F|  |TAMS 0x0000000783e00000, 0x0000000783e00000| Untracked 
|  63|0x0000000783f00000, 0x0000000783f00000, 0x0000000784000000|  0%| F|  |TAMS 0x0000000783f00000, 0x0000000783f00000| Untracked 
|  64|0x0000000784000000, 0x0000000784000000, 0x0000000784100000|  0%| F|  |TAMS 0x0000000784000000, 0x0000000784000000| Untracked 
|  65|0x0000000784100000, 0x0000000784100000, 0x0000000784200000|  0%| F|  |TAMS 0x0000000784100000, 0x0000000784100000| Untracked 
|  66|0x0000000784200000, 0x0000000784200000, 0x0000000784300000|  0%| F|  |TAMS 0x0000000784200000, 0x0000000784200000| Untracked 
|  67|0x0000000784300000, 0x0000000784300000, 0x0000000784400000|  0%| F|  |TAMS 0x0000000784300000, 0x0000000784300000| Untracked 
|  68|0x0000000784400000, 0x0000000784400000, 0x0000000784500000|  0%| F|  |TAMS 0x0000000784400000, 0x0000000784400000| Untracked 
|  69|0x0000000784500000, 0x0000000784500000, 0x0000000784600000|  0%| F|  |TAMS 0x0000000784500000, 0x0000000784500000| Untracked 
|  70|0x0000000784600000, 0x0000000784600000, 0x0000000784700000|  0%| F|  |TAMS 0x0000000784600000, 0x0000000784600000| Untracked 
|  71|0x0000000784700000, 0x0000000784700000, 0x0000000784800000|  0%| F|  |TAMS 0x0000000784700000, 0x0000000784700000| Untracked 
|  72|0x0000000784800000, 0x0000000784800000, 0x0000000784900000|  0%| F|  |TAMS 0x0000000784800000, 0x0000000784800000| Untracked 
|  73|0x0000000784900000, 0x0000000784900000, 0x0000000784a00000|  0%| F|  |TAMS 0x0000000784900000, 0x0000000784900000| Untracked 
|  74|0x0000000784a00000, 0x0000000784a00000, 0x0000000784b00000|  0%| F|  |TAMS 0x0000000784a00000, 0x0000000784a00000| Untracked 
|  75|0x0000000784b00000, 0x0000000784b00000, 0x0000000784c00000|  0%| F|  |TAMS 0x0000000784b00000, 0x0000000784b00000| Untracked 
|  76|0x0000000784c00000, 0x0000000784c00000, 0x0000000784d00000|  0%| F|  |TAMS 0x0000000784c00000, 0x0000000784c00000| Untracked 
|  77|0x0000000784d00000, 0x0000000784d00000, 0x0000000784e00000|  0%| F|  |TAMS 0x0000000784d00000, 0x0000000784d00000| Untracked 
|  78|0x0000000784e00000, 0x0000000784e00000, 0x0000000784f00000|  0%| F|  |TAMS 0x0000000784e00000, 0x0000000784e00000| Untracked 
|  79|0x0000000784f00000, 0x0000000784f00000, 0x0000000785000000|  0%| F|  |TAMS 0x0000000784f00000, 0x0000000784f00000| Untracked 
|  80|0x0000000785000000, 0x0000000785000000, 0x0000000785100000|  0%| F|  |TAMS 0x0000000785000000, 0x0000000785000000| Untracked 
|  81|0x0000000785100000, 0x0000000785100000, 0x0000000785200000|  0%| F|  |TAMS 0x0000000785100000, 0x0000000785100000| Untracked 
|  82|0x0000000785200000, 0x0000000785200000, 0x0000000785300000|  0%| F|  |TAMS 0x0000000785200000, 0x0000000785200000| Untracked 
|  83|0x0000000785300000, 0x0000000785300000, 0x0000000785400000|  0%| F|  |TAMS 0x0000000785300000, 0x0000000785300000| Untracked 
|  84|0x0000000785400000, 0x0000000785400000, 0x0000000785500000|  0%| F|  |TAMS 0x0000000785400000, 0x0000000785400000| Untracked 
|  85|0x0000000785500000, 0x0000000785500000, 0x0000000785600000|  0%| F|  |TAMS 0x0000000785500000, 0x0000000785500000| Untracked 
|  86|0x0000000785600000, 0x0000000785600000, 0x0000000785700000|  0%| F|  |TAMS 0x0000000785600000, 0x0000000785600000| Untracked 
|  87|0x0000000785700000, 0x0000000785700000, 0x0000000785800000|  0%| F|  |TAMS 0x0000000785700000, 0x0000000785700000| Untracked 
|  88|0x0000000785800000, 0x0000000785800000, 0x0000000785900000|  0%| F|  |TAMS 0x0000000785800000, 0x0000000785800000| Untracked 
|  89|0x0000000785900000, 0x0000000785900000, 0x0000000785a00000|  0%| F|  |TAMS 0x0000000785900000, 0x0000000785900000| Untracked 
|  90|0x0000000785a00000, 0x0000000785a00000, 0x0000000785b00000|  0%| F|  |TAMS 0x0000000785a00000, 0x0000000785a00000| Untracked 
|  91|0x0000000785b00000, 0x0000000785ba8868, 0x0000000785c00000| 65%| E|  |TAMS 0x0000000785b00000, 0x0000000785b00000| Complete 
|  92|0x0000000785c00000, 0x0000000785d00000, 0x0000000785d00000|100%| E|CS|TAMS 0x0000000785c00000, 0x0000000785c00000| Complete 
|  93|0x0000000785d00000, 0x0000000785e00000, 0x0000000785e00000|100%| E|CS|TAMS 0x0000000785d00000, 0x0000000785d00000| Complete 
|  94|0x0000000785e00000, 0x0000000785f00000, 0x0000000785f00000|100%| E|CS|TAMS 0x0000000785e00000, 0x0000000785e00000| Complete 
|  95|0x0000000785f00000, 0x0000000786000000, 0x0000000786000000|100%| E|CS|TAMS 0x0000000785f00000, 0x0000000785f00000| Complete 
|  96|0x0000000786000000, 0x0000000786100000, 0x0000000786100000|100%| E|CS|TAMS 0x0000000786000000, 0x0000000786000000| Complete 
|  97|0x0000000786100000, 0x0000000786200000, 0x0000000786200000|100%| E|CS|TAMS 0x0000000786100000, 0x0000000786100000| Complete 
|  98|0x0000000786200000, 0x0000000786300000, 0x0000000786300000|100%| E|CS|TAMS 0x0000000786200000, 0x0000000786200000| Complete 
|  99|0x0000000786300000, 0x0000000786400000, 0x0000000786400000|100%| E|CS|TAMS 0x0000000786300000, 0x0000000786300000| Complete 
| 100|0x0000000786400000, 0x0000000786500000, 0x0000000786500000|100%| E|CS|TAMS 0x0000000786400000, 0x0000000786400000| Complete 
| 101|0x0000000786500000, 0x0000000786600000, 0x0000000786600000|100%| E|CS|TAMS 0x0000000786500000, 0x0000000786500000| Complete 
| 102|0x0000000786600000, 0x0000000786700000, 0x0000000786700000|100%| S|CS|TAMS 0x0000000786600000, 0x0000000786600000| Complete 
| 103|0x0000000786700000, 0x0000000786800000, 0x0000000786800000|100%| S|CS|TAMS 0x0000000786700000, 0x0000000786700000| Complete 
| 104|0x0000000786800000, 0x0000000786900000, 0x0000000786900000|100%| S|CS|TAMS 0x0000000786800000, 0x0000000786800000| Complete 
| 105|0x0000000786900000, 0x0000000786a00000, 0x0000000786a00000|100%| E|CS|TAMS 0x0000000786900000, 0x0000000786900000| Complete 
| 106|0x0000000786a00000, 0x0000000786b00000, 0x0000000786b00000|100%| E|CS|TAMS 0x0000000786a00000, 0x0000000786a00000| Complete 
| 107|0x0000000786b00000, 0x0000000786c00000, 0x0000000786c00000|100%| E|CS|TAMS 0x0000000786b00000, 0x0000000786b00000| Complete 
| 108|0x0000000786c00000, 0x0000000786d00000, 0x0000000786d00000|100%| E|CS|TAMS 0x0000000786c00000, 0x0000000786c00000| Complete 
| 109|0x0000000786d00000, 0x0000000786e00000, 0x0000000786e00000|100%| E|CS|TAMS 0x0000000786d00000, 0x0000000786d00000| Complete 
| 110|0x0000000786e00000, 0x0000000786f00000, 0x0000000786f00000|100%| E|CS|TAMS 0x0000000786e00000, 0x0000000786e00000| Complete 
| 111|0x0000000786f00000, 0x0000000787000000, 0x0000000787000000|100%| E|CS|TAMS 0x0000000786f00000, 0x0000000786f00000| Complete 
| 112|0x0000000787000000, 0x0000000787100000, 0x0000000787100000|100%| E|CS|TAMS 0x0000000787000000, 0x0000000787000000| Complete 
| 113|0x0000000787100000, 0x0000000787200000, 0x0000000787200000|100%| E|CS|TAMS 0x0000000787100000, 0x0000000787100000| Complete 
| 114|0x0000000787200000, 0x0000000787300000, 0x0000000787300000|100%| E|CS|TAMS 0x0000000787200000, 0x0000000787200000| Complete 
| 115|0x0000000787300000, 0x0000000787400000, 0x0000000787400000|100%| E|CS|TAMS 0x0000000787300000, 0x0000000787300000| Complete 
| 116|0x0000000787400000, 0x0000000787500000, 0x0000000787500000|100%| E|CS|TAMS 0x0000000787400000, 0x0000000787400000| Complete 
| 117|0x0000000787500000, 0x0000000787600000, 0x0000000787600000|100%| E|CS|TAMS 0x0000000787500000, 0x0000000787500000| Complete 
| 118|0x0000000787600000, 0x0000000787700000, 0x0000000787700000|100%| E|CS|TAMS 0x0000000787600000, 0x0000000787600000| Complete 
| 119|0x0000000787700000, 0x0000000787800000, 0x0000000787800000|100%| E|CS|TAMS 0x0000000787700000, 0x0000000787700000| Complete 
| 120|0x0000000787800000, 0x0000000787900000, 0x0000000787900000|100%| E|CS|TAMS 0x0000000787800000, 0x0000000787800000| Complete 
| 121|0x0000000787900000, 0x0000000787a00000, 0x0000000787a00000|100%| E|CS|TAMS 0x0000000787900000, 0x0000000787900000| Complete 
| 122|0x0000000787a00000, 0x0000000787b00000, 0x0000000787b00000|100%| E|CS|TAMS 0x0000000787a00000, 0x0000000787a00000| Complete 
| 123|0x0000000787b00000, 0x0000000787c00000, 0x0000000787c00000|100%| E|CS|TAMS 0x0000000787b00000, 0x0000000787b00000| Complete 
| 124|0x0000000787c00000, 0x0000000787d00000, 0x0000000787d00000|100%| E|CS|TAMS 0x0000000787c00000, 0x0000000787c00000| Complete 
| 125|0x0000000787d00000, 0x0000000787e00000, 0x0000000787e00000|100%| E|CS|TAMS 0x0000000787d00000, 0x0000000787d00000| Complete 
| 126|0x0000000787e00000, 0x0000000787f00000, 0x0000000787f00000|100%| E|CS|TAMS 0x0000000787e00000, 0x0000000787e00000| Complete 
| 127|0x0000000787f00000, 0x0000000788000000, 0x0000000788000000|100%| E|CS|TAMS 0x0000000787f00000, 0x0000000787f00000| Complete 
|2046|0x00000007ffe00000, 0x00000007ffe78000, 0x00000007fff00000| 46%|OA|  |TAMS 0x00000007ffe00000, 0x00000007ffe00000| Untracked 
|2047|0x00000007fff00000, 0x00000007fff80000, 0x0000000800000000| 50%|CA|  |TAMS 0x00000007fff00000, 0x00000007fff00000| Untracked 

Card table byte_map: [0x0000000102cc8000,0x00000001030c8000] _byte_map_base: 0x00000000ff0c8000

Marking Bits (Prev, Next): (CMBitMap*) 0x000000012582ec10, (CMBitMap*) 0x000000012582ec50
 Prev Bits: [0x000000010bc2c000, 0x000000010dc2c000)
 Next Bits: [0x000000010dc2c000, 0x000000010fc2c000)

Polling page: 0x0000000102534000

Metaspace:

Usage:
  Non-class:     13.26 MB used.
      Class:      2.33 MB used.
       Both:     15.59 MB used.

Virtual space:
  Non-class space:       16.00 MB reserved,      13.38 MB ( 84%) committed,  2 nodes.
      Class space:        1.00 GB reserved,       2.44 MB ( <1%) committed,  1 nodes.
             Both:        1.02 GB reserved,      15.81 MB (  2%) committed. 

Chunk freelists:
   Non-Class:  2.00 MB
       Class:  1.56 MB
        Both:  3.56 MB

MaxMetaspaceSize: unlimited
CompressedClassSpaceSize: 1.00 GB
Initial GC threshold: 21.00 MB
Current GC threshold: 21.00 MB
CDS: on
MetaspaceReclaimPolicy: balanced
 - commit_granule_bytes: 65536.
 - commit_granule_words: 8192.
 - virtual_space_node_default_size: 1048576.
 - enlarge_chunks_in_place: 1.
 - new_chunks_are_fully_committed: 0.
 - uncommit_free_chunks: 1.
 - use_allocation_guard: 0.
 - handle_deallocations: 1.


Internal statistics:

num_allocs_failed_limit: 0.
num_arena_births: 194.
num_arena_deaths: 0.
num_vsnodes_births: 3.
num_vsnodes_deaths: 0.
num_space_committed: 253.
num_space_uncommitted: 0.
num_chunks_returned_to_freelist: 0.
num_chunks_taken_from_freelist: 677.
num_chunk_merges: 0.
num_chunk_splits: 484.
num_chunks_enlarged: 387.
num_purges: 0.
num_inconsistent_stats: 0.

CodeHeap 'non-profiled nmethods': size=120032Kb used=906Kb max_used=906Kb free=119125Kb
 bounds [0x0000000137ac8000, 0x0000000137d38000, 0x000000013f000000]
CodeHeap 'profiled nmethods': size=120016Kb used=4797Kb max_used=4797Kb free=115219Kb
 bounds [0x0000000130594000, 0x0000000130a44000, 0x0000000137ac8000]
CodeHeap 'non-nmethods': size=5712Kb used=1390Kb max_used=1442Kb free=4321Kb
 bounds [0x0000000130000000, 0x0000000130270000, 0x0000000130594000]
 total_blobs=3162 nmethods=2385 adapters=693
 compilation: enabled
              stopped_count=0, restarted_count=0
 full_count=0

Compilation events (20 events):
Event: 5.428 Thread 0x000000012700c200 2429       3       com.sun.javafx.geom.transform.AffineBase::translate (548 bytes)
Event: 5.429 Thread 0x000000012700c200 nmethod 2429 0x0000000130a35a90 code [0x0000000130a35cc0, 0x0000000130a36758]
Event: 5.429 Thread 0x000000012700c200 2430       3       com.sun.javafx.geom.transform.Affine3D::transform (352 bytes)
Event: 5.431 Thread 0x000000012700c200 nmethod 2430 0x0000000130a36890 code [0x0000000130a36cc0, 0x0000000130a38828]
Event: 5.431 Thread 0x000000012700c200 2431       3       com.sun.prism.impl.ManagedResource::isValid (20 bytes)
Event: 5.431 Thread 0x000000012700c200 nmethod 2431 0x0000000130a38e10 code [0x0000000130a38fc0, 0x0000000130a391a8]
Event: 5.440 Thread 0x000000012700c200 2432       3       com.sun.javafx.tk.quantum.QuantumToolkit::setPulseRunning (9 bytes)
Event: 5.442 Thread 0x000000012700c200 nmethod 2432 0x0000000130a39290 code [0x0000000130a39540, 0x0000000130a39f38]
Event: 5.472 Thread 0x000000012700c200 2433       3       javafx.beans.property.BooleanPropertyBase::isBound (13 bytes)
Event: 5.472 Thread 0x000000012700c200 nmethod 2433 0x0000000130a3a310 code [0x0000000130a3a4c0, 0x0000000130a3a668]
Event: 5.473 Thread 0x000000012700c200 2434       3       com.sun.javafx.geom.RectBounds::deriveWithNewBounds (80 bytes)
Event: 5.473 Thread 0x000000012700c200 nmethod 2434 0x0000000130a3a710 code [0x0000000130a3a900, 0x0000000130a3acd8]
Event: 5.473 Thread 0x000000012700c200 2435       3       javafx.beans.property.BooleanPropertyBase::set (76 bytes)
Event: 5.474 Thread 0x000000012700bc00 2436       4       java.util.WeakHashMap$HashIterator::hasNext (95 bytes)
Event: 5.474 Thread 0x000000012700c200 nmethod 2435 0x0000000130a3ae10 code [0x0000000130a3b0c0, 0x0000000130a3bc88]
Event: 5.475 Thread 0x000000012700c200 2437       3       javafx.scene.layout.GridPane::getNodeRowSpan (18 bytes)
Event: 5.476 Thread 0x000000012700c200 nmethod 2437 0x0000000130a3bf90 code [0x0000000130a3c240, 0x0000000130a3ce48]
Event: 5.476 Thread 0x000000012700c200 2438       3       javafx.scene.layout.GridPane::getRowSpan (10 bytes)
Event: 5.476 Thread 0x000000012700c200 nmethod 2438 0x0000000130a3d210 code [0x0000000130a3d480, 0x0000000130a3df48]
Event: 5.476 Thread 0x000000012700c200 2439       3       javafx.scene.layout.Region::prefHeight (38 bytes)

GC Heap History (2 events):
Event: 0.381 GC heap before
{Heap before GC invocations=0 (full 0):
 garbage-first heap   total 133120K, used 23520K [0x0000000780000000, 0x0000000800000000)
  region size 1024K, 23 young (23552K), 0 survivors (0K)
 Metaspace       used 7851K, committed 8064K, reserved 1056768K
  class space    used 1002K, committed 1088K, reserved 1048576K
}
Event: 0.384 GC heap after
{Heap after GC invocations=1 (full 0):
 garbage-first heap   total 133120K, used 4625K [0x0000000780000000, 0x0000000800000000)
  region size 1024K, 3 young (3072K), 3 survivors (3072K)
 Metaspace       used 7851K, committed 8064K, reserved 1056768K
  class space    used 1002K, committed 1088K, reserved 1048576K
}

Deoptimization events (20 events):
Event: 1.167 Thread 0x0000000127327000 Uncommon trap: trap_request=0xffffff45 fr.pc=0x0000000137ad5fc4 relative=0x0000000000000104
Event: 1.167 Thread 0x0000000127327000 Uncommon trap: reason=unstable_if action=reinterpret pc=0x0000000137ad5fc4 method=java.lang.StringLatin1.lastIndexOf([BI[BII)I @ 86 c2
Event: 1.167 Thread 0x0000000127327000 DEOPT PACKING pc=0x0000000137ad5fc4 sp=0x00000001764d58b0
Event: 1.167 Thread 0x0000000127327000 DEOPT UNPACKING pc=0x000000013003ed1c sp=0x00000001764d5810 mode 2
Event: 3.145 Thread 0x0000000126016c00 Uncommon trap: trap_request=0xffffff45 fr.pc=0x0000000137b65e44 relative=0x0000000000000604
Event: 3.145 Thread 0x0000000126016c00 Uncommon trap: reason=unstable_if action=reinterpret pc=0x0000000137b65e44 method=com.sun.marlin.MaskMarlinAlphaConsumer.setAndClearRelativeAlphas([I[IIII)V @ 414 c2
Event: 3.145 Thread 0x0000000126016c00 DEOPT PACKING pc=0x0000000137b65e44 sp=0x00000001705651e0
Event: 3.145 Thread 0x0000000126016c00 DEOPT UNPACKING pc=0x000000013003ed1c sp=0x00000001705650f0 mode 2
Event: 3.148 Thread 0x0000000126016c00 DEOPT PACKING pc=0x000000013097a1d4 sp=0x00000001705654e0
Event: 3.148 Thread 0x0000000126016c00 DEOPT UNPACKING pc=0x000000013003eb7c sp=0x0000000170565100 mode 0
Event: 3.715 Thread 0x0000000126016c00 DEOPT PACKING pc=0x00000001309323d8 sp=0x00000001705652a0
Event: 3.715 Thread 0x0000000126016c00 DEOPT UNPACKING pc=0x000000013003eb7c sp=0x0000000170564e50 mode 0
Event: 4.432 Thread 0x0000000126016c00 DEOPT PACKING pc=0x000000013092fe60 sp=0x00000001705654a0
Event: 4.432 Thread 0x0000000126016c00 DEOPT UNPACKING pc=0x000000013003eb7c sp=0x0000000170565140 mode 0
Event: 4.433 Thread 0x0000000126016c00 DEOPT PACKING pc=0x00000001309ca914 sp=0x00000001705653c0
Event: 4.433 Thread 0x0000000126016c00 DEOPT UNPACKING pc=0x000000013003eb7c sp=0x0000000170564fc0 mode 0
Event: 4.991 Thread 0x0000000126016c00 DEOPT PACKING pc=0x00000001309ca9a4 sp=0x00000001705653c0
Event: 4.991 Thread 0x0000000126016c00 DEOPT UNPACKING pc=0x000000013003eb7c sp=0x0000000170564fc0 mode 0
Event: 4.992 Thread 0x0000000126016c00 DEOPT PACKING pc=0x00000001309ca280 sp=0x00000001705653c0
Event: 4.992 Thread 0x0000000126016c00 DEOPT UNPACKING pc=0x000000013003eb7c sp=0x0000000170564fc0 mode 0

Classes unloaded (0 events):
No events

Classes redefined (0 events):
No events

Internal exceptions (20 events):
Event: 0.377 Thread 0x0000000126059a00 Exception <a 'java/lang/NoSuchMethodError'{0x0000000786990be0}: 'java.lang.Object java.lang.invoke.DirectMethodHandle$Holder.invokeSpecial(java.lang.Object, java.lang.Object, java.lang.Object, int, java.lang.Object)'> (0x0000000786990be0) 
thrown [open/src/hotspot/share/interpreter/linkResolver.cpp, line 766]
Event: 0.427 Thread 0x0000000126059a00 Exception <a 'java/lang/NoSuchMethodError'{0x0000000787ad6a78}: 'void java.lang.invoke.DirectMethodHandle$Holder.invokeStaticInit(java.lang.Object, java.lang.Object)'> (0x0000000787ad6a78) 
thrown [open/src/hotspot/share/interpreter/linkResolver.cpp, line 766]
Event: 0.429 Thread 0x0000000126059a00 Exception <a 'java/lang/NoSuchMethodError'{0x000000078790d510}: 'void java.lang.invoke.DirectMethodHandle$Holder.invokeSpecial(java.lang.Object, java.lang.Object, java.lang.Object, java.lang.Object, java.lang.Object)'> (0x000000078790d510) 
thrown [open/src/hotspot/share/interpreter/linkResolver.cpp, line 766]
Event: 0.462 Thread 0x0000000126059a00 Implicit null exception at 0x0000000137b0f778 to 0x0000000137b0f808
Event: 0.466 Thread 0x0000000126059a00 Implicit null exception at 0x0000000137b1d754 to 0x0000000137b1da64
Event: 0.466 Thread 0x0000000126059a00 Implicit null exception at 0x0000000137b1e154 to 0x0000000137b1e458
Event: 0.467 Thread 0x0000000126059a00 Implicit null exception at 0x0000000137b26ed4 to 0x0000000137b26f40
Event: 0.648 Thread 0x0000000126059a00 Exception <a 'java/lang/NoSuchMethodError'{0x00000007870a2fa8}: 'java.lang.Object java.lang.invoke.DirectMethodHandle$Holder.invokeInterface(java.lang.Object, java.lang.Object, java.lang.Object)'> (0x00000007870a2fa8) 
thrown [open/src/hotspot/share/interpreter/linkResolver.cpp, line 766]
Event: 0.648 Thread 0x0000000126059a00 Exception <a 'java/lang/IncompatibleClassChangeError'{0x00000007870a6930}: Found class java.lang.Object, but interface was expected> (0x00000007870a6930) 
thrown [open/src/hotspot/share/interpreter/linkResolver.cpp, line 833]
Event: 0.663 Thread 0x0000000126059a00 Exception <a 'java/lang/ClassNotFoundException'{0x0000000786eab120}: com/sun/javafx/scene/control/skin/resources/controls> (0x0000000786eab120) 
thrown [open/src/hotspot/share/prims/jni.cpp, line 535]
Event: 0.663 Thread 0x0000000126059a00 Exception <a 'java/lang/ClassNotFoundException'{0x0000000786eb90c0}: com/sun/javafx/scene/control/skin/resources/controls_en> (0x0000000786eb90c0) 
thrown [open/src/hotspot/share/prims/jni.cpp, line 535]
Event: 0.663 Thread 0x0000000126059a00 Exception <a 'java/lang/ClassNotFoundException'{0x0000000786eba058}: com/sun/javafx/scene/control/skin/resources/controls_en_CA> (0x0000000786eba058) 
thrown [open/src/hotspot/share/prims/jni.cpp, line 535]
Event: 0.678 Thread 0x0000000126059a00 Exception <a 'java/lang/NoSuchMethodError'{0x0000000786c76760}: 'void java.lang.invoke.DirectMethodHandle$Holder.invokeSpecial(java.lang.Object, java.lang.Object, java.lang.Object, java.lang.Object, java.lang.Object, java.lang.Object)'> (0x0000000786c76760) 
thrown [open/src/hotspot/share/interpreter/linkResolver.cpp, line 766]
Event: 0.711 Thread 0x0000000126059a00 Exception <a 'java/lang/NoSuchMethodError'{0x00000007864f9200}: 'int java.lang.invoke.DirectMethodHandle$Holder.invokeSpecial(java.lang.Object, java.lang.Object, int)'> (0x00000007864f9200) 
thrown [open/src/hotspot/share/interpreter/linkResolver.cpp, line 766]
Event: 0.731 Thread 0x0000000126059a00 Exception <a 'java/lang/NoSuchMethodError'{0x000000078627c828}: 'java.lang.Object java.lang.invoke.DirectMethodHandle$Holder.newInvokeSpecial(java.lang.Object, java.lang.Object, int)'> (0x000000078627c828) 
thrown [open/src/hotspot/share/interpreter/linkResolver.cpp, line 766]
Event: 0.811 Thread 0x0000000126016c00 Exception <a 'java/lang/NoSuchMethodError'{0x00000007861e78a0}: 'int java.lang.invoke.DirectMethodHandle$Holder.invokeStaticInit(java.lang.Object, java.lang.Object)'> (0x00000007861e78a0) 
thrown [open/src/hotspot/share/interpreter/linkResolver.cpp, line 766]
Event: 0.824 Thread 0x0000000126059a00 Exception <a 'java/lang/NoSuchMethodError'{0x0000000786134a38}: 'long java.lang.invoke.DirectMethodHandle$Holder.invokeStatic(java.lang.Object, java.lang.Object, java.lang.Object)'> (0x0000000786134a38) 
thrown [open/src/hotspot/share/interpreter/linkResolver.cpp, line 766]
Event: 0.824 Thread 0x0000000126059a00 Exception <a 'java/lang/NoSuchMethodError'{0x00000007861381e0}: 'long java.lang.invoke.DirectMethodHandle$Holder.invokeStaticInit(java.lang.Object, java.lang.Object, java.lang.Object)'> (0x00000007861381e0) 
thrown [open/src/hotspot/share/interpreter/linkResolver.cpp, line 766]
Event: 0.825 Thread 0x0000000126059a00 Exception <a 'java/lang/NoSuchMethodError'{0x000000078614fde8}: 'java.lang.Object java.lang.invoke.DirectMethodHandle$Holder.newInvokeSpecial(java.lang.Object, java.lang.Object, long)'> (0x000000078614fde8) 
thrown [open/src/hotspot/share/interpreter/linkResolver.cpp, line 766]
Event: 0.825 Thread 0x0000000126059a00 Exception <a 'java/lang/NoSuchMethodError'{0x00000007861536b0}: 'java.lang.Object java.lang.invoke.Invokers$Holder.linkToTargetMethod(java.lang.Object, long, java.lang.Object)'> (0x00000007861536b0) 
thrown [open/src/hotspot/share/interpreter/linkResolver.cpp, line 766]

VM Operations (20 events):
Event: 0.406 Executing VM operation: HandshakeAllThreads
Event: 0.407 Executing VM operation: HandshakeAllThreads done
Event: 0.432 Executing VM operation: HandshakeAllThreads
Event: 0.432 Executing VM operation: HandshakeAllThreads done
Event: 0.454 Executing VM operation: HandshakeAllThreads
Event: 0.454 Executing VM operation: HandshakeAllThreads done
Event: 0.457 Executing VM operation: ICBufferFull
Event: 0.457 Executing VM operation: ICBufferFull done
Event: 0.694 Executing VM operation: ICBufferFull
Event: 0.694 Executing VM operation: ICBufferFull done
Event: 0.726 Executing VM operation: ICBufferFull
Event: 0.726 Executing VM operation: ICBufferFull done
Event: 2.063 Executing VM operation: Cleanup
Event: 2.063 Executing VM operation: Cleanup done
Event: 3.066 Executing VM operation: Cleanup
Event: 3.067 Executing VM operation: Cleanup done
Event: 4.068 Executing VM operation: Cleanup
Event: 4.068 Executing VM operation: Cleanup done
Event: 5.068 Executing VM operation: Cleanup
Event: 5.069 Executing VM operation: Cleanup done

Events (20 events):
Event: 4.408 loading class sun/util/locale/provider/BreakIteratorProviderImpl
Event: 4.408 loading class sun/util/locale/provider/BreakIteratorProviderImpl done
Event: 4.409 loading class sun/text/resources/BreakIteratorInfo
Event: 4.409 loading class sun/text/resources/BreakIteratorInfo done
Event: 4.409 loading class sun/text/resources/BreakIteratorResources
Event: 4.409 loading class sun/util/resources/BreakIteratorResourceBundle
Event: 4.409 loading class sun/util/resources/BreakIteratorResourceBundle done
Event: 4.409 loading class sun/text/resources/BreakIteratorResources done
Event: 4.409 loading class sun/text/resources/BreakIteratorResources_en
Event: 4.409 loading class sun/text/resources/BreakIteratorResources_en done
Event: 4.410 loading class sun/text/RuleBasedBreakIterator
Event: 4.411 loading class sun/text/RuleBasedBreakIterator done
Event: 4.413 loading class sun/text/CompactByteArray
Event: 4.413 loading class sun/text/CompactByteArray done
Event: 4.413 loading class sun/text/SupplementaryCharacterData
Event: 4.413 loading class sun/text/SupplementaryCharacterData done
Event: 4.413 loading class java/text/BreakIterator$BreakIteratorCache
Event: 4.413 loading class java/text/BreakIterator$BreakIteratorCache done
Event: 4.424 Protecting memory [0x000000017077c000,0x0000000170788000] with protection modes 0
Event: 4.424 Thread 0x0000000127811800 Thread added: 0x0000000127811800


Dynamic libraries:
0x00000001024e4000 	/Users/pranjulsingh/Library/Java/JavaVirtualMachines/openjdk-17.0.2/Contents/Home/lib/libjli.dylib
0x00000001a57e4000 	/usr/lib/libz.1.dylib
0x00000001a589b000 	/usr/lib/libSystem.B.dylib
0x00000001a5895000 	/usr/lib/system/libcache.dylib
0x00000001a5853000 	/usr/lib/system/libcommonCrypto.dylib
0x00000001a587c000 	/usr/lib/system/libcompiler_rt.dylib
0x00000001a5873000 	/usr/lib/system/libcopyfile.dylib
0x000000019aadb000 	/usr/lib/system/libcorecrypto.dylib
0x000000019ab8e000 	/usr/lib/system/libdispatch.dylib
0x000000019ad5c000 	/usr/lib/system/libdyld.dylib
0x00000001a588b000 	/usr/lib/system/libkeymgr.dylib
0x00000001a582e000 	/usr/lib/system/libmacho.dylib
0x00000001a4f23000 	/usr/lib/system/libquarantine.dylib
0x00000001a5888000 	/usr/lib/system/libremovefile.dylib
0x000000019fec4000 	/usr/lib/system/libsystem_asl.dylib
0x000000019aa7d000 	/usr/lib/system/libsystem_blocks.dylib
0x000000019ac16000 	/usr/lib/system/libsystem_c.dylib
0x00000001a5880000 	/usr/lib/system/libsystem_collections.dylib
0x00000001a43b1000 	/usr/lib/system/libsystem_configuration.dylib
0x00000001a360d000 	/usr/lib/system/libsystem_containermanager.dylib
0x00000001a5590000 	/usr/lib/system/libsystem_coreservices.dylib
0x000000019d484000 	/usr/lib/system/libsystem_darwin.dylib
0x00000001a588c000 	/usr/lib/system/libsystem_dnssd.dylib
0x000000019ac13000 	/usr/lib/system/libsystem_featureflags.dylib
0x000000019ad71000 	/usr/lib/system/libsystem_info.dylib
0x00000001a57f6000 	/usr/lib/system/libsystem_m.dylib
0x000000019ab63000 	/usr/lib/system/libsystem_malloc.dylib
0x000000019fe53000 	/usr/lib/system/libsystem_networkextension.dylib
0x000000019d8dd000 	/usr/lib/system/libsystem_notify.dylib
0x00000001abbd9000 	/usr/lib/system/libsystem_product_info_filter.dylib
0x00000001a43b6000 	/usr/lib/system/libsystem_sandbox.dylib
0x00000001a5885000 	/usr/lib/system/libsystem_secinit.dylib
0x000000019ad17000 	/usr/lib/system/libsystem_kernel.dylib
0x000000019ad69000 	/usr/lib/system/libsystem_platform.dylib
0x000000019ad4f000 	/usr/lib/system/libsystem_pthread.dylib
0x00000001a161c000 	/usr/lib/system/libsystem_symptoms.dylib
0x000000019aac1000 	/usr/lib/system/libsystem_trace.dylib
0x00000001a5860000 	/usr/lib/system/libunwind.dylib
0x000000019aa7f000 	/usr/lib/system/libxpc.dylib
0x000000019acff000 	/usr/lib/libc++abi.dylib
0x000000019abd5000 	/usr/lib/libobjc.A.dylib
0x00000001a586b000 	/usr/lib/liboah.dylib
0x000000019ac98000 	/usr/lib/libc++.1.dylib
0x00000001b16f2000 	/System/Library/Frameworks/Cocoa.framework/Versions/A/Cocoa
0x000000019d93e000 	/System/Library/Frameworks/AppKit.framework/Versions/C/AppKit
0x00000001a0e44000 	/System/Library/Frameworks/CoreData.framework/Versions/A/CoreData
0x000000019bc99000 	/System/Library/Frameworks/Foundation.framework/Versions/C/Foundation
0x000000019e7f6000 	/System/Library/PrivateFrameworks/UIFoundation.framework/Versions/A/UIFoundation
0x00000001ab8d3000 	/System/Library/PrivateFrameworks/RemoteViewServices.framework/Versions/A/RemoteViewServices
0x00000001a3d59000 	/System/Library/PrivateFrameworks/XCTTargetBootstrap.framework/Versions/A/XCTTargetBootstrap
0x00000001a75d7000 	/System/Library/PrivateFrameworks/InternationalSupport.framework/Versions/A/InternationalSupport
0x00000001a7660000 	/System/Library/PrivateFrameworks/UserActivity.framework/Versions/A/UserActivity
0x00000001a6ad2000 	/usr/lib/libspindump.dylib
0x000000019ea67000 	/System/Library/Frameworks/UniformTypeIdentifiers.framework/Versions/A/UniformTypeIdentifiers
0x00000001a22a4000 	/usr/lib/libapp_launch_measurement.dylib
0x00000001a17ce000 	/System/Library/PrivateFrameworks/CoreAnalytics.framework/Versions/A/CoreAnalytics
0x00000001a22a7000 	/System/Library/PrivateFrameworks/CoreAutoLayout.framework/Versions/A/CoreAutoLayout
0x00000001a364a000 	/System/Library/Frameworks/Metal.framework/Versions/A/Metal
0x00000001a43c1000 	/usr/lib/liblangid.dylib
0x00000001a3d5e000 	/System/Library/PrivateFrameworks/CoreSVG.framework/Versions/A/CoreSVG
0x000000019fef8000 	/System/Library/PrivateFrameworks/SkyLight.framework/Versions/A/SkyLight
0x00000001a02cd000 	/System/Library/Frameworks/CoreGraphics.framework/Versions/A/CoreGraphics
0x00000001abf9f000 	/System/Library/Frameworks/Accelerate.framework/Versions/A/Accelerate
0x00000001a6549000 	/System/Library/PrivateFrameworks/IconServices.framework/Versions/A/IconServices
0x00000001a362c000 	/System/Library/Frameworks/IOSurface.framework/Versions/A/IOSurface
0x00000001a17ff000 	/usr/lib/libDiagnosticMessagesClient.dylib
0x00000001af4a0000 	/System/Library/Frameworks/ApplicationServices.framework/Versions/A/ApplicationServices
0x00000001a3d41000 	/System/Library/PrivateFrameworks/DFRFoundation.framework/Versions/A/DFRFoundation
0x000000019d1ce000 	/usr/lib/libicucore.A.dylib
0x00000001a8483000 	/System/Library/Frameworks/AudioToolbox.framework/Versions/A/AudioToolbox
0x00000001a75e3000 	/System/Library/PrivateFrameworks/DataDetectorsCore.framework/Versions/A/DataDetectorsCore
0x00000001bdf23000 	/System/Library/PrivateFrameworks/TextInput.framework/Versions/A/TextInput
0x000000019fe6d000 	/usr/lib/libMobileGestalt.dylib
0x00000001a3a0d000 	/System/Library/Frameworks/Carbon.framework/Versions/A/Frameworks/HIToolbox.framework/Versions/A/HIToolbox
0x00000001a1c80000 	/System/Library/Frameworks/QuartzCore.framework/Versions/A/QuartzCore
0x000000019ce51000 	/System/Library/Frameworks/Security.framework/Versions/A/Security
0x00000001ab913000 	/System/Library/Frameworks/Carbon.framework/Versions/A/Frameworks/SpeechRecognition.framework/Versions/A/SpeechRecognition
0x00000001a1ffa000 	/System/Library/PrivateFrameworks/CoreUI.framework/Versions/A/CoreUI
0x000000019c72e000 	/System/Library/Frameworks/CoreAudio.framework/Versions/A/CoreAudio
0x00000001a18f4000 	/System/Library/Frameworks/DiskArbitration.framework/Versions/A/DiskArbitration
0x00000001a6edc000 	/System/Library/PrivateFrameworks/MultitouchSupport.framework/Versions/A/MultitouchSupport
0x000000019fe6b000 	/usr/lib/libenergytrace.dylib
0x000000019d806000 	/System/Library/Frameworks/IOKit.framework/Versions/A/IOKit
0x00000001abd02000 	/System/Library/Frameworks/CoreServices.framework/Versions/A/CoreServices
0x00000001a2234000 	/System/Library/PrivateFrameworks/PerformanceAnalysis.framework/Versions/A/PerformanceAnalysis
0x00000001fc20b000 	/System/Library/Frameworks/OpenGL.framework/Versions/A/OpenGL
0x00000001a4e3b000 	/System/Library/PrivateFrameworks/MobileKeyBag.framework/Versions/A/MobileKeyBag
0x00000001a08da000 	/System/Library/Frameworks/ColorSync.framework/Versions/A/ColorSync
0x000000019ad9e000 	/System/Library/Frameworks/CoreFoundation.framework/Versions/A/CoreFoundation
0x00000001a3fdd000 	/System/Library/Frameworks/CoreImage.framework/Versions/A/CoreImage
0x000000019c552000 	/System/Library/Frameworks/CoreText.framework/Versions/A/CoreText
0x00000001a3d8e000 	/System/Library/Frameworks/ImageIO.framework/Versions/A/ImageIO
0x00000001a58a1000 	/System/Library/PrivateFrameworks/SoftLinking.framework/Versions/A/SoftLinking
0x00000001a22f2000 	/usr/lib/libxml2.2.dylib
0x00000001a5b3a000 	/usr/lib/libcompression.dylib
0x00000001a7533000 	/System/Library/PrivateFrameworks/TextureIO.framework/Versions/A/TextureIO
0x00000001a6262000 	/usr/lib/libate.dylib
0x00000001a6127000 	/usr/lib/liblzma.5.dylib
0x000000019b98d000 	/System/Library/Frameworks/SystemConfiguration.framework/Versions/A/SystemConfiguration
0x00000001a589d000 	/usr/lib/libfakelink.dylib
0x000000019f99f000 	/System/Library/Frameworks/CFNetwork.framework/Versions/A/CFNetwork
0x00000001a59e3000 	/usr/lib/libarchive.2.dylib
0x00000001a43bd000 	/System/Library/PrivateFrameworks/AppleSystemInfo.framework/Versions/A/AppleSystemInfo
0x00000001a4f4e000 	/usr/lib/libbsm.0.dylib
0x000000019ef10000 	/usr/lib/libnetwork.dylib
0x00000001a5837000 	/usr/lib/system/libkxld.dylib
0x00000001a4b61000 	/System/Library/PrivateFrameworks/IOMobileFramebuffer.framework/Versions/A/IOMobileFramebuffer
0x0000000219b37000 	/usr/lib/libCoreEntitlements.dylib
0x00000001a5572000 	/System/Library/PrivateFrameworks/AppleFSCompression.framework/Versions/A/AppleFSCompression
0x00000001a4f36000 	/usr/lib/libcoretls.dylib
0x00000001a6140000 	/usr/lib/libcoretls_cfhelpers.dylib
0x00000001a5b35000 	/usr/lib/libpam.2.dylib
0x00000001a1233000 	/usr/lib/libsqlite3.dylib
0x00000001a61a9000 	/usr/lib/libxar.1.dylib
0x00000001a5583000 	/usr/lib/libbz2.1.0.dylib
0x00000001a58a2000 	/usr/lib/libpcap.A.dylib
0x00000001a1613000 	/usr/lib/libdns_services.dylib
0x00000001a5b08000 	/usr/lib/libapple_nghttp2.dylib
0x00000001a58df000 	/usr/lib/libiconv.2.dylib
0x00000001a582d000 	/usr/lib/libcharset.1.dylib
0x00000001a2270000 	/System/Library/Frameworks/CoreServices.framework/Versions/A/Frameworks/FSEvents.framework/Versions/A/FSEvents
0x000000019d48f000 	/System/Library/Frameworks/CoreServices.framework/Versions/A/Frameworks/CarbonCore.framework/Versions/A/CarbonCore
0x00000001a1854000 	/System/Library/Frameworks/CoreServices.framework/Versions/A/Frameworks/Metadata.framework/Versions/A/Metadata
0x00000001a5596000 	/System/Library/Frameworks/CoreServices.framework/Versions/A/Frameworks/OSServices.framework/Versions/A/OSServices
0x00000001a5a69000 	/System/Library/Frameworks/CoreServices.framework/Versions/A/Frameworks/SearchKit.framework/Versions/A/SearchKit
0x00000001a15a2000 	/System/Library/Frameworks/CoreServices.framework/Versions/A/Frameworks/AE.framework/Versions/A/AE
0x000000019b2e4000 	/System/Library/Frameworks/CoreServices.framework/Versions/A/Frameworks/LaunchServices.framework/Versions/A/LaunchServices
0x00000001a60d0000 	/System/Library/Frameworks/CoreServices.framework/Versions/A/Frameworks/DictionaryServices.framework/Versions/A/DictionaryServices
0x00000001a227d000 	/System/Library/Frameworks/CoreServices.framework/Versions/A/Frameworks/SharedFileList.framework/Versions/A/SharedFileList
0x00000001a4f26000 	/usr/lib/libCheckFix.dylib
0x000000019fedc000 	/System/Library/PrivateFrameworks/TCC.framework/Versions/A/TCC
0x00000001a43c3000 	/System/Library/PrivateFrameworks/CoreNLP.framework/Versions/A/CoreNLP
0x00000001a1802000 	/System/Library/PrivateFrameworks/MetadataUtilities.framework/Versions/A/MetadataUtilities
0x000000019ba46000 	/usr/lib/libmecabra.dylib
0x00000001a4f5f000 	/usr/lib/libmecab.dylib
0x000000019ba12000 	/usr/lib/libCRFSuite.dylib
0x00000001a4fbc000 	/usr/lib/libgermantok.dylib
0x00000001a5ae1000 	/usr/lib/libThaiTokenizer.dylib
0x00000001a18fc000 	/System/Library/Frameworks/Accelerate.framework/Versions/A/Frameworks/vImage.framework/Versions/A/vImage
0x00000001abcd9000 	/System/Library/Frameworks/Accelerate.framework/Versions/A/Frameworks/vecLib.framework/Versions/A/vecLib
0x00000001a61ee000 	/System/Library/Frameworks/Accelerate.framework/Versions/A/Frameworks/vecLib.framework/Versions/A/libvMisc.dylib
0x00000001a4a68000 	/System/Library/Frameworks/Accelerate.framework/Versions/A/Frameworks/vecLib.framework/Versions/A/libvDSP.dylib
0x000000019b66d000 	/System/Library/Frameworks/Accelerate.framework/Versions/A/Frameworks/vecLib.framework/Versions/A/libBLAS.dylib
0x00000001a5c0b000 	/System/Library/Frameworks/Accelerate.framework/Versions/A/Frameworks/vecLib.framework/Versions/A/libLAPACK.dylib
0x00000001a4fbf000 	/System/Library/Frameworks/Accelerate.framework/Versions/A/Frameworks/vecLib.framework/Versions/A/libLinearAlgebra.dylib
0x00000001a5b20000 	/System/Library/Frameworks/Accelerate.framework/Versions/A/Frameworks/vecLib.framework/Versions/A/libSparseBLAS.dylib
0x00000001a5c06000 	/System/Library/Frameworks/Accelerate.framework/Versions/A/Frameworks/vecLib.framework/Versions/A/libQuadrature.dylib
0x00000001a44bc000 	/System/Library/Frameworks/Accelerate.framework/Versions/A/Frameworks/vecLib.framework/Versions/A/libBNNS.dylib
0x000000019b92b000 	/System/Library/Frameworks/Accelerate.framework/Versions/A/Frameworks/vecLib.framework/Versions/A/libSparse.dylib
0x00000001a44b4000 	/System/Library/PrivateFrameworks/LinguisticData.framework/Versions/A/LinguisticData
0x000000019b8e3000 	/System/Library/PrivateFrameworks/Lexicon.framework/Versions/A/Lexicon
0x00000001a61e6000 	/usr/lib/libChineseTokenizer.dylib
0x000000019c08a000 	/System/Library/PrivateFrameworks/LanguageModeling.framework/Versions/A/LanguageModeling
0x00000001a5ae3000 	/System/Library/PrivateFrameworks/AppleSauce.framework/Versions/A/AppleSauce
0x00000001a4b4e000 	/System/Library/PrivateFrameworks/CoreEmoji.framework/Versions/A/CoreEmoji
0x00000001a59d1000 	/usr/lib/libcmph.dylib
0x00000001a2250000 	/System/Library/Frameworks/OpenDirectory.framework/Versions/A/Frameworks/CFOpenDirectory.framework/Versions/A/CFOpenDirectory
0x00000001a2240000 	/System/Library/Frameworks/OpenDirectory.framework/Versions/A/OpenDirectory
0x00000001a6142000 	/System/Library/PrivateFrameworks/APFS.framework/Versions/A/APFS
0x00000001a4e76000 	/System/Library/Frameworks/SecurityFoundation.framework/Versions/A/SecurityFoundation
0x00000001a61b8000 	/usr/lib/libutil.dylib
0x000000019d7c8000 	/System/Library/PrivateFrameworks/CoreServicesStore.framework/Versions/A/CoreServicesStore
0x00000001a61bc000 	/usr/lib/libxslt.1.dylib
0x00000001a4f0a000 	/System/Library/PrivateFrameworks/BackgroundTaskManagement.framework/Versions/A/BackgroundTaskManagement
0x00000001a7454000 	/System/Library/Frameworks/ImageIO.framework/Versions/A/Resources/libRadiance.dylib
0x00000001a745d000 	/System/Library/Frameworks/ImageIO.framework/Versions/A/Resources/libJPEG.dylib
0x00000001a73b0000 	/System/Library/Frameworks/ImageIO.framework/Versions/A/Resources/libPng.dylib
0x00000001a73d2000 	/System/Library/Frameworks/ImageIO.framework/Versions/A/Resources/libTIFF.dylib
0x00000001a74b8000 	/System/Library/Frameworks/ImageIO.framework/Versions/A/Resources/libGIF.dylib
0x00000001a6dec000 	/System/Library/Frameworks/ImageIO.framework/Versions/A/Resources/libJP2.dylib
0x00000001a650e000 	/usr/lib/libexpat.1.dylib
0x00000001a6da7000 	/System/Library/PrivateFrameworks/AppleJPEG.framework/Versions/A/AppleJPEG
0x00000001a38c9000 	/System/Library/PrivateFrameworks/FontServices.framework/libFontParser.dylib
0x00000001a1547000 	/System/Library/PrivateFrameworks/RunningBoardServices.framework/Versions/A/RunningBoardServices
0x00000001b1dc5000 	/System/Library/PrivateFrameworks/IOSurfaceAccelerator.framework/Versions/A/IOSurfaceAccelerator
0x00000001a6ed8000 	/System/Library/PrivateFrameworks/WatchdogClient.framework/Versions/A/WatchdogClient
0x000000019c18e000 	/System/Library/Frameworks/CoreDisplay.framework/Versions/A/CoreDisplay
0x00000001a37b3000 	/System/Library/Frameworks/CoreMedia.framework/Versions/A/CoreMedia
0x00000001a3640000 	/System/Library/PrivateFrameworks/IOAccelerator.framework/Versions/A/IOAccelerator
0x00000001a23e0000 	/System/Library/Frameworks/CoreVideo.framework/Versions/A/CoreVideo
0x00000001a5b33000 	/System/Library/Frameworks/MetalPerformanceShaders.framework/Versions/A/MetalPerformanceShaders
0x00000001a6f17000 	/System/Library/Frameworks/VideoToolbox.framework/Versions/A/VideoToolbox
0x00000001a148b000 	/System/Library/PrivateFrameworks/BaseBoard.framework/Versions/A/BaseBoard
0x00000001a1219000 	/System/Library/PrivateFrameworks/ProtocolBuffer.framework/Versions/A/ProtocolBuffer
0x00000001a744f000 	/System/Library/PrivateFrameworks/GPUWrangler.framework/Versions/A/GPUWrangler
0x00000001a742f000 	/System/Library/PrivateFrameworks/IOPresentment.framework/Versions/A/IOPresentment
0x00000001a7457000 	/System/Library/PrivateFrameworks/DSExternalDisplay.framework/Versions/A/DSExternalDisplay
0x00000001fc1fe000 	/System/Library/Frameworks/OpenGL.framework/Versions/A/Libraries/libCoreFSCache.dylib
0x00000002066bd000 	/System/Library/PrivateFrameworks/GPUCompiler.framework/Versions/31001/Libraries/libGPUCompilerUtils.dylib
0x00000001a74bd000 	/System/Library/PrivateFrameworks/CMCaptureCore.framework/Versions/A/CMCaptureCore
0x00000001a6abf000 	/System/Library/PrivateFrameworks/AppServerSupport.framework/Versions/A/AppServerSupport
0x00000001a8d40000 	/System/Library/PrivateFrameworks/perfdata.framework/Versions/A/perfdata
0x000000019c2ae000 	/System/Library/PrivateFrameworks/AudioToolboxCore.framework/Versions/A/AudioToolboxCore
0x00000001a378c000 	/System/Library/PrivateFrameworks/caulk.framework/Versions/A/caulk
0x00000001a8635000 	/usr/lib/libAudioStatistics.dylib
0x00000001ba58a000 	/System/Library/PrivateFrameworks/SystemPolicy.framework/Versions/A/SystemPolicy
0x00000001a88a1000 	/usr/lib/libSMC.dylib
0x00000001b15d4000 	/System/Library/Frameworks/CoreMIDI.framework/Versions/A/CoreMIDI
0x00000001a737e000 	/usr/lib/libAudioToolboxUtility.dylib
0x00000001b6657000 	/System/Library/PrivateFrameworks/OSAServicesClient.framework/Versions/A/OSAServicesClient
0x00000001a8d4d000 	/usr/lib/libperfcheck.dylib
0x00000001bb0a2000 	/usr/lib/libmis.dylib
0x00000001fc260000 	/System/Library/Frameworks/OpenGL.framework/Versions/A/Libraries/libGLU.dylib
0x00000001fc21f000 	/System/Library/Frameworks/OpenGL.framework/Versions/A/Libraries/libGFXShared.dylib
0x00000001fc40c000 	/System/Library/Frameworks/OpenGL.framework/Versions/A/Libraries/libGL.dylib
0x00000001fc228000 	/System/Library/Frameworks/OpenGL.framework/Versions/A/Libraries/libGLImage.dylib
0x00000001fc21c000 	/System/Library/Frameworks/OpenGL.framework/Versions/A/Libraries/libCVMSPluginSupport.dylib
0x00000001fc205000 	/System/Library/Frameworks/OpenGL.framework/Versions/A/Libraries/libCoreVMClient.dylib
0x00000001a433d000 	/System/Library/Frameworks/MetalPerformanceShaders.framework/Versions/A/Frameworks/MPSCore.framework/Versions/A/MPSCore
0x00000001a54e5000 	/System/Library/Frameworks/MetalPerformanceShaders.framework/Versions/A/Frameworks/MPSImage.framework/Versions/A/MPSImage
0x00000001a4fd4000 	/System/Library/Frameworks/MetalPerformanceShaders.framework/Versions/A/Frameworks/MPSNeuralNetwork.framework/Versions/A/MPSNeuralNetwork
0x00000001a540d000 	/System/Library/Frameworks/MetalPerformanceShaders.framework/Versions/A/Frameworks/MPSMatrix.framework/Versions/A/MPSMatrix
0x00000001a51e6000 	/System/Library/Frameworks/MetalPerformanceShaders.framework/Versions/A/Frameworks/MPSRayIntersector.framework/Versions/A/MPSRayIntersector
0x00000001a543e000 	/System/Library/Frameworks/MetalPerformanceShaders.framework/Versions/A/Frameworks/MPSNDArray.framework/Versions/A/MPSNDArray
0x00000001fe377000 	/System/Library/Frameworks/MetalPerformanceShaders.framework/Versions/A/Frameworks/MPSFunctions.framework/Versions/A/MPSFunctions
0x000000019b544000 	/System/Library/PrivateFrameworks/MetalTools.framework/Versions/A/MetalTools
0x00000001a43bb000 	/System/Library/PrivateFrameworks/AggregateDictionary.framework/Versions/A/AggregateDictionary
0x00000001a62f3000 	/usr/lib/libIOReport.dylib
0x00000001b05f2000 	/System/Library/PrivateFrameworks/ASEProcessing.framework/Versions/A/ASEProcessing
0x00000001a6668000 	/System/Library/PrivateFrameworks/FaceCore.framework/Versions/A/FaceCore
0x00000001a665a000 	/System/Library/PrivateFrameworks/GraphVisualizer.framework/Versions/A/GraphVisualizer
0x00000002065d4000 	/System/Library/PrivateFrameworks/FontServices.framework/Versions/A/FontServices
0x00000001a6a7b000 	/System/Library/PrivateFrameworks/OTSVG.framework/Versions/A/OTSVG
0x00000001a1faa000 	/System/Library/Frameworks/ApplicationServices.framework/Versions/A/Frameworks/ATS.framework/Versions/A/Resources/libFontRegistry.dylib
0x00000001a6ac8000 	/System/Library/PrivateFrameworks/FontServices.framework/libhvf.dylib
0x00000002065d5000 	/System/Library/PrivateFrameworks/FontServices.framework/libXTFontStaticRegistryData.dylib
0x00000001fc5ad000 	/System/Library/Frameworks/OpenCL.framework/Versions/A/OpenCL
0x00000001a64c2000 	/System/Library/PrivateFrameworks/AppleVA.framework/Versions/A/AppleVA
0x00000001a865d000 	/System/Library/Frameworks/ApplicationServices.framework/Versions/A/Frameworks/ATS.framework/Versions/A/ATS
0x00000001a09d7000 	/System/Library/Frameworks/ApplicationServices.framework/Versions/A/Frameworks/HIServices.framework/Versions/A/HIServices
0x00000001a74c7000 	/System/Library/Frameworks/ApplicationServices.framework/Versions/A/Frameworks/PrintCore.framework/Versions/A/PrintCore
0x00000001a89f4000 	/System/Library/Frameworks/ApplicationServices.framework/Versions/A/Frameworks/QD.framework/Versions/A/QD
0x00000001a89ec000 	/System/Library/Frameworks/ApplicationServices.framework/Versions/A/Frameworks/ColorSyncLegacy.framework/Versions/A/ColorSyncLegacy
0x00000001a8649000 	/System/Library/Frameworks/ApplicationServices.framework/Versions/A/Frameworks/SpeechSynthesis.framework/Versions/A/SpeechSynthesis
0x00000001a7488000 	/System/Library/Frameworks/ApplicationServices.framework/Versions/A/Frameworks/ATSUI.framework/Versions/A/ATSUI
0x00000001a8981000 	/usr/lib/libcups.2.dylib
0x00000001a8d5b000 	/System/Library/Frameworks/Kerberos.framework/Versions/A/Kerberos
0x00000001a8d6c000 	/System/Library/Frameworks/GSS.framework/Versions/A/GSS
0x00000001a86cd000 	/usr/lib/libresolv.9.dylib
0x00000001a6ad7000 	/System/Library/PrivateFrameworks/Heimdal.framework/Versions/A/Heimdal
0x00000001af827000 	/System/Library/Frameworks/Kerberos.framework/Versions/A/Libraries/libHeimdalProxy.dylib
0x00000001a1625000 	/System/Library/Frameworks/Network.framework/Versions/A/Network
0x00000001a6529000 	/usr/lib/libheimdal-asn1.dylib
0x00000001a8dbc000 	/System/Library/PrivateFrameworks/CommonAuth.framework/Versions/A/CommonAuth
0x00000001a85c3000 	/System/Library/PrivateFrameworks/AudioSession.framework/Versions/A/AudioSession
0x00000001a65bb000 	/System/Library/PrivateFrameworks/MediaExperience.framework/Versions/A/MediaExperience
0x00000001a8449000 	/System/Library/PrivateFrameworks/AudioSession.framework/libSessionUtility.dylib
0x00000001a8a00000 	/System/Library/PrivateFrameworks/AudioResourceArbitration.framework/Versions/A/AudioResourceArbitration
0x00000001acbb6000 	/System/Library/PrivateFrameworks/PowerLog.framework/Versions/A/PowerLog
0x00000001a6533000 	/System/Library/PrivateFrameworks/IconFoundation.framework/Versions/A/IconFoundation
0x00000001ab8ff000 	/System/Library/PrivateFrameworks/SpeechRecognitionCore.framework/Versions/A/SpeechRecognitionCore
0x000000010353c000 	/Users/pranjulsingh/Library/Java/JavaVirtualMachines/openjdk-17.0.2/Contents/Home/lib/server/libjvm.dylib
0x0000000102548000 	/Users/pranjulsingh/Library/Java/JavaVirtualMachines/openjdk-17.0.2/Contents/Home/lib/libjimage.dylib
0x0000000102630000 	/Users/pranjulsingh/Library/Java/JavaVirtualMachines/openjdk-17.0.2/Contents/Home/lib/libinstrument.dylib
0x000000010267c000 	/Users/pranjulsingh/Library/Java/JavaVirtualMachines/openjdk-17.0.2/Contents/Home/lib/libjava.dylib
0x000000010fc2c000 	/Users/pranjulsingh/Library/Java/JavaVirtualMachines/openjdk-17.0.2/Contents/Home/lib/libnio.dylib
0x000000010fc4c000 	/Users/pranjulsingh/Library/Java/JavaVirtualMachines/openjdk-17.0.2/Contents/Home/lib/libnet.dylib
0x0000000102660000 	/Users/pranjulsingh/Library/Java/JavaVirtualMachines/openjdk-17.0.2/Contents/Home/lib/libzip.dylib
0x000000010fc70000 	/Users/pranjulsingh/.openjfx/cache/17.0.1/libprism_es2.dylib
0x000000019d78b000 	/System/Library/PrivateFrameworks/CoreServicesInternal.framework/Versions/A/CoreServicesInternal
0x00000001fc416000 	/System/Library/Frameworks/OpenGL.framework/Versions/A/Resources/GLEngine.bundle/GLEngine
0x00000001fc29e000 	/System/Library/Frameworks/OpenGL.framework/Versions/A/Libraries/libGLProgrammability.dylib
0x0000000126a3c000 	/System/Library/Extensions/AppleMetalOpenGLRenderer.bundle/Contents/MacOS/AppleMetalOpenGLRenderer
0x00000001fc585000 	/System/Library/Frameworks/OpenGL.framework/Versions/A/Resources/GLRendererFloat.bundle/GLRendererFloat
0x00000001fc685000 	/System/Library/Extensions/AGXMetal13_3.bundle/Contents/MacOS/AGXMetal13_3
0x00000001bb0be000 	/System/Library/PrivateFrameworks/GPURawCounter.framework/Versions/A/GPURawCounter
0x00000001b57c8000 	/System/Library/PrivateFrameworks/IOGPU.framework/Versions/A/IOGPU
0x00000001269b4000 	/Users/pranjulsingh/.openjfx/cache/17.0.1/libglass.dylib
0x00000001ace0e000 	/System/Library/Frameworks/FileProvider.framework/Versions/A/FileProvider
0x00000001a13f3000 	/System/Library/Frameworks/Accounts.framework/Versions/A/Accounts
0x00000001acf92000 	/System/Library/PrivateFrameworks/GenerationalStorage.framework/Versions/A/GenerationalStorage
0x00000001adb55000 	/System/Library/PrivateFrameworks/CoreSymbolication.framework/Versions/A/CoreSymbolication
0x00000001acbaa000 	/System/Library/PrivateFrameworks/SymptomDiagnosticReporter.framework/Versions/A/SymptomDiagnosticReporter
0x000000019ea7b000 	/System/Library/PrivateFrameworks/DesktopServicesPriv.framework/Versions/A/DesktopServicesPriv
0x000000019d8ed000 	/usr/lib/libsandbox.1.dylib
0x00000001a246e000 	/System/Library/PrivateFrameworks/UserManagement.framework/Versions/A/UserManagement
0x00000001adb12000 	/System/Library/PrivateFrameworks/DebugSymbols.framework/Versions/A/DebugSymbols
0x00000001a89df000 	/System/Library/PrivateFrameworks/NetAuth.framework/Versions/A/NetAuth
0x00000001a98fd000 	/System/Library/PrivateFrameworks/Sharing.framework/Versions/A/Sharing
0x00000001a243e000 	/System/Library/PrivateFrameworks/login.framework/Versions/A/Frameworks/loginsupport.framework/Versions/A/loginsupport
0x00000001aed47000 	/System/Library/PrivateFrameworks/Apple80211.framework/Versions/A/Apple80211
0x00000001a55c9000 	/System/Library/PrivateFrameworks/AuthKit.framework/Versions/A/AuthKit
0x00000001a4c4a000 	/System/Library/PrivateFrameworks/CoreUtils.framework/Versions/A/CoreUtils
0x00000001a4b6d000 	/System/Library/Frameworks/CoreWLAN.framework/Versions/A/CoreWLAN
0x00000001a9a6d000 	/System/Library/Frameworks/IOBluetooth.framework/Versions/A/IOBluetooth
0x00000001aeda7000 	/System/Library/PrivateFrameworks/CoreWiFi.framework/Versions/A/CoreWiFi
0x00000001ad6f2000 	/System/Library/PrivateFrameworks/FrontBoardServices.framework/Versions/A/FrontBoardServices
0x00000001ad78a000 	/System/Library/PrivateFrameworks/BoardServices.framework/Versions/A/BoardServices
0x00000001a4e64000 	/System/Library/PrivateFrameworks/AssertionServices.framework/Versions/A/AssertionServices
0x00000001aef24000 	/System/Library/PrivateFrameworks/BackBoardServices.framework/Versions/A/BackBoardServices
0x00000001a8e53000 	/System/Library/PrivateFrameworks/CorePhoneNumbers.framework/Versions/A/CorePhoneNumbers
0x00000001accda000 	/System/Library/PrivateFrameworks/DiskManagement.framework/Versions/A/DiskManagement
0x00000001acbdd000 	/System/Library/PrivateFrameworks/AppleIDAuthSupport.framework/Versions/A/AppleIDAuthSupport
0x0000000200b9e000 	/System/Library/PrivateFrameworks/AAAFoundation.framework/Versions/A/AAAFoundation
0x00000001a8e32000 	/System/Library/PrivateFrameworks/KeychainCircle.framework/Versions/A/KeychainCircle
0x00000001acca6000 	/System/Library/PrivateFrameworks/MediaKit.framework/Versions/A/MediaKit
0x00000001acbea000 	/System/Library/Frameworks/DiscRecording.framework/Versions/A/DiscRecording
0x00000001a643e000 	/usr/lib/libCoreStorage.dylib
0x00000001af221000 	/usr/lib/libcsfde.dylib
0x00000001a9b42000 	/System/Library/PrivateFrameworks/ProtectedCloudStorage.framework/Versions/A/ProtectedCloudStorage
0x00000001af219000 	/System/Library/PrivateFrameworks/EFILogin.framework/Versions/A/EFILogin
0x00000001acfb9000 	/System/Library/PrivateFrameworks/OctagonTrust.framework/Versions/A/OctagonTrust
0x000000020576f000 	/System/Library/PrivateFrameworks/CoreUtilsExtras.framework/Versions/A/CoreUtilsExtras
0x00000001acb0f000 	/System/Library/Frameworks/CoreBluetooth.framework/Versions/A/CoreBluetooth
0x00000001af8ac000 	/System/Library/Frameworks/AudioUnit.framework/Versions/A/AudioUnit
0x00000001a6436000 	/usr/lib/libMatch.1.dylib
0x00000001bf56a000 	/System/Library/Frameworks/Accelerate.framework/Versions/A/Frameworks/vImage.framework/Versions/A/Libraries/libCGInterfaces.dylib
0x0000000150f70000 	/usr/lib/libobjc-trampolines.dylib
0x00000001a2138000 	/System/Library/PrivateFrameworks/ViewBridge.framework/Versions/A/ViewBridge
0x00000001a6b9a000 	/System/Library/PrivateFrameworks/login.framework/Versions/A/login
0x00000001a62fc000 	/System/Library/PrivateFrameworks/CrashReporterSupport.framework/Versions/A/CrashReporterSupport
0x00000001c6fe3000 	/System/Library/PrivateFrameworks/OSAnalytics.framework/Versions/A/OSAnalytics
0x00000001d22e1000 	/System/Library/PrivateFrameworks/Symbolication.framework/Versions/A/Symbolication
0x00000001bb07f000 	/System/Library/PrivateFrameworks/MallocStackLogging.framework/Versions/A/MallocStackLogging
0x000000015401c000 	/Users/pranjulsingh/.openjfx/cache/17.0.1/libjavafx_font.dylib
0x0000000219cb5000 	/usr/lib/libRosetta.dylib
0x00000001ac028000 	/System/Library/PrivateFrameworks/SystemAdministration.framework/Versions/A/SystemAdministration
0x00000001a76ce000 	/System/Library/Frameworks/MediaToolbox.framework/Versions/A/MediaToolbox
0x00000001ab8c7000 	/System/Library/Frameworks/DirectoryService.framework/Versions/A/DirectoryService
0x00000001af0ae000 	/System/Library/PrivateFrameworks/DiskImages.framework/Versions/A/DiskImages
0x00000001a4f15000 	/System/Library/Frameworks/ServiceManagement.framework/Versions/A/ServiceManagement
0x00000001af297000 	/System/Library/PrivateFrameworks/LoginUIKit.framework/Versions/A/Frameworks/LoginUICore.framework/Versions/A/LoginUICore
0x00000001a6d50000 	/usr/lib/libodfde.dylib
0x00000001acdda000 	/System/Library/PrivateFrameworks/CoreAVCHD.framework/Versions/A/CoreAVCHD
0x00000001abfea000 	/System/Library/Frameworks/MediaAccessibility.framework/Versions/A/MediaAccessibility
0x00000001acdd6000 	/System/Library/PrivateFrameworks/Mangrove.framework/Versions/A/Mangrove
0x00000001abff7000 	/System/Library/PrivateFrameworks/AlgosScoreFramework.framework/Versions/A/AlgosScoreFramework
0x000000020285a000 	/System/Library/PrivateFrameworks/CMPhoto.framework/Versions/A/CMPhoto
0x00000001acdca000 	/System/Library/PrivateFrameworks/CoreAUC.framework/Versions/A/CoreAUC
0x00000001af22d000 	/usr/lib/libcurl.4.dylib
0x000000021a05d000 	/usr/lib/libcrypto.46.dylib
0x000000021a502000 	/usr/lib/libssl.48.dylib
0x00000001aef44000 	/System/Library/Frameworks/LDAP.framework/Versions/A/LDAP
0x00000001aef80000 	/System/Library/PrivateFrameworks/TrustEvaluationAgent.framework/Versions/A/TrustEvaluationAgent
0x00000001a86e6000 	/usr/lib/libsasl2.2.dylib
0x00000001ac01d000 	/System/Library/PrivateFrameworks/CoreDaemon.framework/Versions/B/CoreDaemon
0x00000001ac017000 	/System/Library/PrivateFrameworks/AppleSRP.framework/Versions/A/AppleSRP


VM Arguments:
jvm_args: -javaagent:/Applications/IntelliJ IDEA.app/Contents/lib/idea_rt.jar=55034:/Applications/IntelliJ IDEA.app/Contents/bin -Dfile.encoding=UTF-8 --module-path=/Users/pranjulsingh/.m2/repository/org/openjfx/javafx-base/17.0.1/javafx-base-17.0.1-mac-aarch64.jar:/Users/pranjulsingh/.m2/repository/org/openjfx/javafx-controls/17.0.1/javafx-controls-17.0.1-mac-aarch64.jar:/Users/pranjulsingh/.m2/repository/org/openjfx/javafx-graphics/17.0.1/javafx-graphics-17.0.1-mac-aarch64.jar:/Users/pranjulsingh/IdeaProjects/OOP-Assignment2-Final/target/classes:/Users/pranjulsingh/.m2/repository/org/openjfx/javafx-fxml/17.0.1/javafx-fxml-17.0.1-mac-aarch64.jar -Djdk.module.main=com.example.oopassignment2final 
java_command: com.example.oopassignment2final/com.example.oopassignment2final.Main
java_class_path (initial): /Users/pranjulsingh/.m2/repository/org/openjfx/javafx-controls/17.0.1/javafx-controls-17.0.1.jar:/Users/pranjulsingh/.m2/repository/org/openjfx/javafx-graphics/17.0.1/javafx-graphics-17.0.1.jar:/Users/pranjulsingh/.m2/repository/org/openjfx/javafx-base/17.0.1/javafx-base-17.0.1.jar:/Users/pranjulsingh/.m2/repository/org/openjfx/javafx-fxml/17.0.1/javafx-fxml-17.0.1.jar
Launcher Type: SUN_STANDARD

[Global flags]
     intx CICompilerCount                          = 4                                         {product} {ergonomic}
     uint ConcGCThreads                            = 2                                         {product} {ergonomic}
     uint G1ConcRefinementThreads                  = 8                                         {product} {ergonomic}
   size_t G1HeapRegionSize                         = 1048576                                   {product} {ergonomic}
    uintx GCDrainStackTargetSize                   = 64                                        {product} {ergonomic}
   size_t InitialHeapSize                          = 134217728                                 {product} {ergonomic}
   size_t MarkStackSize                            = 4194304                                   {product} {ergonomic}
   size_t MaxHeapSize                              = 2147483648                                {product} {ergonomic}
   size_t MaxNewSize                               = 1287651328                                {product} {ergonomic}
   size_t MinHeapDeltaBytes                        = 1048576                                   {product} {ergonomic}
   size_t MinHeapSize                              = 8388608                                   {product} {ergonomic}
    uintx NonNMethodCodeHeapSize                   = 5839564                                {pd product} {ergonomic}
    uintx NonProfiledCodeHeapSize                  = 122909338                              {pd product} {ergonomic}
    uintx ProfiledCodeHeapSize                     = 122909338                              {pd product} {ergonomic}
    uintx ReservedCodeCacheSize                    = 251658240                              {pd product} {ergonomic}
     bool SegmentedCodeCache                       = true                                      {product} {ergonomic}
   size_t SoftMaxHeapSize                          = 2147483648                             {manageable} {ergonomic}
     bool UseCompressedClassPointers               = true                           {product lp64_product} {ergonomic}
     bool UseCompressedOops                        = true                           {product lp64_product} {ergonomic}
     bool UseG1GC                                  = true                                      {product} {ergonomic}
     bool UseNUMA                                  = false                                     {product} {ergonomic}
     bool UseNUMAInterleaving                      = false                                     {product} {ergonomic}

Logging:
Log output configuration:
 #0: stdout all=warning uptime,level,tags
 #1: stderr all=off uptime,level,tags

Environment Variables:
PATH=/opt/homebrew/bin:/opt/homebrew/sbin:/usr/local/bin:/usr/bin:/bin:/usr/sbin:/sbin
SHELL=/bin/zsh
LC_CTYPE=en_CA.UTF-8

Signal Handlers:
   SIGSEGV: _ZL13crash_handleriP9__siginfoPv in libjvm.dylib, mask=11100110000111110111111111111111, flags=SA_RESTART|SA_SIGINFO
    SIGBUS: _ZL13crash_handleriP9__siginfoPv in libjvm.dylib, mask=11100110000111110111111111111111, flags=SA_RESTART|SA_SIGINFO
    SIGFPE: _ZL13crash_handleriP9__siginfoPv in libjvm.dylib, mask=11100110000111110111111111111111, flags=SA_RESTART|SA_SIGINFO
   SIGPIPE: _ZL17javaSignalHandleriP9__siginfoPv in libjvm.dylib, mask=11100110000111110111111111111111, flags=SA_RESTART|SA_SIGINFO
   SIGXFSZ: _ZL17javaSignalHandleriP9__siginfoPv in libjvm.dylib, mask=11100110000111110111111111111111, flags=SA_RESTART|SA_SIGINFO
    SIGILL: _ZL13crash_handleriP9__siginfoPv in libjvm.dylib, mask=11100110000111110111111111111111, flags=SA_RESTART|SA_SIGINFO
   SIGUSR2: _ZL10SR_handleriP9__siginfoP17__darwin_ucontext in libjvm.dylib, mask=00100000000000000000000000000000, flags=SA_RESTART|SA_SIGINFO
    SIGHUP: _ZL11UserHandleriPvS_ in libjvm.dylib, mask=11100110000111110111111111111111, flags=SA_RESTART|SA_SIGINFO
    SIGINT: _ZL11UserHandleriPvS_ in libjvm.dylib, mask=11100110000111110111111111111111, flags=SA_RESTART|SA_SIGINFO
   SIGTERM: _ZL11UserHandleriPvS_ in libjvm.dylib, mask=11100110000111110111111111111111, flags=SA_RESTART|SA_SIGINFO
   SIGQUIT: _ZL11UserHandleriPvS_ in libjvm.dylib, mask=11100110000111110111111111111111, flags=SA_RESTART|SA_SIGINFO
   SIGTRAP: _ZL13crash_handleriP9__siginfoPv in libjvm.dylib, mask=11100110000111110111111111111111, flags=SA_RESTART|SA_SIGINFO


---------------  S Y S T E M  ---------------

OS:
uname: Darwin 21.4.0 Darwin Kernel Version 21.4.0: Fri Mar 18 00:47:26 PDT 2022; root:xnu-8020.101.4~15/RELEASE_ARM64_T8101 arm64
OS uptime: 1 days 0:19 hours
rlimit (soft/hard): STACK 8176k/65520k , CORE 0k/infinity , NPROC 1333/2000 , NOFILE 10240/infinity , AS infinity/infinity , CPU infinity/infinity , DATA infinity/infinity , FSIZE infinity/infinity , MEMLOCK infinity/infinity , RSS infinity/infinity
load average: 3.70 2.67 2.18

CPU: total 8 (initial active 8) 0x61:0x0:0x1b588bb3:0, fp, simd, crc, lse

Memory: 16k page, physical 8388608k(87360k free), swap 1048576k(955648k free)

vm_info: OpenJDK 64-Bit Server VM (17.0.2+8-86) for bsd-aarch64 JRE (17.0.2+8-86), built on Dec  7 2021 21:45:06 by "mach5one" with clang Apple LLVM 12.0.0 (clang-1200.0.32.29)

END.
