#
# A fatal error has been detected by the Java Runtime Environment:
#
#  SIGBUS (0xa) at pc=0x00000001380014f0, pid=23956, tid=32779
#
# JRE version: OpenJDK Runtime Environment (17.0.2+8) (build 17.0.2+8-86)
# Java VM: OpenJDK 64-Bit Server VM (17.0.2+8-86, mixed mode, sharing, tiered, compressed oops, compressed class ptrs, g1 gc, bsd-aarch64)
# Problematic frame:
# v  ~StubRoutines::SafeFetchN
#
# No core dump will be written. Core dumps have been disabled. To enable core dumping, try "ulimit -c unlimited" before starting Java again
#
# If you would like to submit a bug report, please visit:
#   https://bugreport.java.com/bugreport/crash.jsp
# The crash happened outside the Java Virtual Machine in native code.
# See problematic frame for where to report the bug.
#

---------------  S U M M A R Y ------------

Command Line: -javaagent:/Applications/IntelliJ IDEA.app/Contents/lib/idea_rt.jar=54566:/Applications/IntelliJ IDEA.app/Contents/bin -Dfile.encoding=UTF-8 --module-path=/Users/pranjulsingh/IdeaProjects/OOP-Assignment2-Final/target/classes:/Users/pranjulsingh/.m2/repository/org/openjfx/javafx-fxml/17.0.1/javafx-fxml-17.0.1-mac-aarch64.jar:/Users/pranjulsingh/.m2/repository/org/openjfx/javafx-base/17.0.1/javafx-base-17.0.1-mac-aarch64.jar:/Users/pranjulsingh/.m2/repository/org/openjfx/javafx-controls/17.0.1/javafx-controls-17.0.1-mac-aarch64.jar:/Users/pranjulsingh/.m2/repository/org/openjfx/javafx-graphics/17.0.1/javafx-graphics-17.0.1-mac-aarch64.jar -Djdk.module.main=com.example.oopassignment2final com.example.oopassignment2final/com.example.oopassignment2final.Main

Host: "MacBookPro17,1" arm64 1 MHz, 8 cores, 8G, Darwin 21.4.0, macOS 12.3.1 (21E258)
Time: Wed Apr 13 19:56:30 2022 EDT elapsed time: 1.649796 seconds (0d 0h 0m 1s)

---------------  T H R E A D  ---------------

Current thread (0x000000012c91d800):  JavaThread "InvokeLaterDispatcher" daemon [_thread_in_native, id=32779, stack(0x000000016dc48000,0x000000016de4b000)]

Stack: [0x000000016dc48000,0x000000016de4b000],  sp=0x000000016de4a780,  free space=2057k
Native frames: (J=compiled Java code, j=interpreted, Vv=VM code, C=native code)
v  ~StubRoutines::SafeFetchN
V  [libjvm.dylib+0x7a6bcc]  OopStorage::release(oopDesc* const*)+0x20
V  [libjvm.dylib+0x4ba824]  jni_DeleteGlobalRef+0xd8
C  [libglass.dylib+0xab08]  -[GlassRunnable dealloc]+0x34
C  [Foundation+0x85618]  -[_NSThreadPerformInfo dealloc]+0x30
C  [Foundation+0x5198c]  -[NSObject(NSThreadPerformAdditions) performSelectorOnMainThread:withObject:waitUntilDone:]+0x88
C  0x67538001380098ac
j  com.sun.glass.ui.mac.MacApplication.submitForLaterInvocation(Ljava/lang/Runnable;)V+2 javafx.graphics
j  com.sun.glass.ui.InvokeLaterDispatcher.run()V+82 javafx.graphics
v  ~StubRoutines::call_stub
V  [libjvm.dylib+0x461d08]  JavaCalls::call_helper(JavaValue*, methodHandle const&, JavaCallArguments*, JavaThread*)+0x38c
V  [libjvm.dylib+0x460d24]  JavaCalls::call_virtual(JavaValue*, Klass*, Symbol*, Symbol*, JavaCallArguments*, JavaThread*)+0x11c
V  [libjvm.dylib+0x460df0]  JavaCalls::call_virtual(JavaValue*, Handle, Klass*, Symbol*, Symbol*, JavaThread*)+0x64
V  [libjvm.dylib+0x515f04]  thread_entry(JavaThread*, JavaThread*)+0xc4
V  [libjvm.dylib+0x9071ac]  JavaThread::thread_main_inner()+0x13c
V  [libjvm.dylib+0x9058c0]  Thread::call_run()+0x128
V  [libjvm.dylib+0x7ad7c8]  thread_native_entry(Thread*)+0x158
C  [libsystem_pthread.dylib+0x726c]  _pthread_start+0x94

Java frames: (J=compiled Java code, j=interpreted, Vv=VM code)
j  com.sun.glass.ui.mac.MacApplication._submitForLaterInvocation(Ljava/lang/Runnable;)V+0 javafx.graphics
j  com.sun.glass.ui.mac.MacApplication.submitForLaterInvocation(Ljava/lang/Runnable;)V+2 javafx.graphics
j  com.sun.glass.ui.InvokeLaterDispatcher.run()V+82 javafx.graphics
v  ~StubRoutines::call_stub

siginfo: si_signo: 10 (SIGBUS), si_code: 1 (BUS_ADRALN), si_addr: 0x00000001380014f0

Register to memory mapping:

 x0=0x000000012d808dc8 is a global jni handle
 x1=0x0 is NULL
 x2=0x00000007862e3e00 is an oop: com.sun.glass.ui.InvokeLaterDispatcher$Future 
{0x00000007862e3e00} - klass: 'com/sun/glass/ui/InvokeLaterDispatcher$Future'
 - ---- fields (total size 3 words):
 - private 'done' 'Z' @12  true
 - private final 'runnable' 'Ljava/lang/Runnable;' @16  a 'com/sun/javafx/application/PlatformImpl$$Lambda$92+0x0000000800c85910'{0x0000000785c61980} (f0b8c330)
 - final synthetic 'this$0' 'Lcom/sun/glass/ui/InvokeLaterDispatcher;' @20  a 'com/sun/glass/ui/InvokeLaterDispatcher'{0x00000007868156c0} (f0d02ad8)
 x3=0x0 is NULL
 x4=0x00000000000130a8 is an unknown value
 x5=0x0 is NULL
 x6=0x0 is NULL
 x7=0x0 is NULL
 x8=0x00000001380014ec is at begin+0 in a stub
StubRoutines::SafeFetchN [0x00000001380014ec, 0x00000001380014f8] (12 bytes)
 x9=0x0 is NULL
x10=0x2010000030300000 is an unknown value
x11=0x0000000000000007 is an unknown value
x12=0x0000000000000004 is an unknown value
x13=0x00006000011c8c90 points into unknown readable memory: 0xf87280019abe7c40 | 40 7c be 9a 01 80 72 f8
x14=0x0000040000000000 is an unknown value
x15=0x0000000117de9f98: OBJC_CLASS_$_GlassRunnable+0 in /Users/pranjulsingh/.openjfx/cache/17.0.1/libglass.dylib at 0x0000000117da4000
x16=0x000000019ad510fc: pthread_getspecific+0 in /usr/lib/system/libsystem_pthread.dylib at 0x000000019ad4f000
x17=0x0000600001bde940 points into unknown readable memory: 0xfffffffffffffffe | fe ff ff ff ff ff ff ff
x18=0x0 is NULL
x19=0x00006000014c41c0 points into unknown readable memory: 0x0000600003ddc160 | 60 c1 dd 03 00 60 00 00
x20=0x000000012d808bc0 points into unknown readable memory: 0x00000001f4174608 | 08 46 17 f4 01 00 00 00
x21=0x000000012d808dc8 is a global jni handle
x22=0x000000012c91d800 is a thread
x23=0x0000000000000001 is an unknown value
x24=0x000000012d808d80 is a global jni handle
x25=0x0000000106c4d5e8: _ZN12StubRoutines17_safefetchN_entryE+0 in /Users/pranjulsingh/Library/Java/JavaVirtualMachines/openjdk-17.0.2/Contents/Home/lib/server/libjvm.dylib at 0x000000010609c000
x26=0x0000000114d18230 is pointing into metadata
x27=0x0 is NULL
x28=0x000000012c91d800 is a thread


Registers:
 x0=0x000000012d808dc8  x1=0x0000000000000000  x2=0x00000007862e3e00  x3=0x0000000000000000
 x4=0x00000000000130a8  x5=0x0000000000000000  x6=0x0000000000000000  x7=0x0000000000000000
 x8=0x00000001380014ec  x9=0x0000000000000000 x10=0x2010000030300000 x11=0x0000000000000007
x12=0x0000000000000004 x13=0x00006000011c8c90 x14=0x0000040000000000 x15=0x0000000117de9f98
x16=0x000000019ad510fc x17=0x0000600001bde940 x18=0x0000000000000000 x19=0x00006000014c41c0
x20=0x000000012d808bc0 x21=0x000000012d808dc8 x22=0x000000012c91d800 x23=0x0000000000000001
x24=0x000000012d808d80 x25=0x0000000106c4d5e8 x26=0x0000000114d18230 x27=0x0000000000000000
x28=0x000000012c91d800  fp=0x000000016de4a7c0  lr=0x000000010684199c  sp=0x000000016de4a780
pc=0x00000001380014f0 cpsr=0x0000000060001000
Top of Stack: (sp=0x000000016de4a780)
0x000000016de4a780:   0000000114d18230 0000000000000001
0x000000016de4a790:   000000016de4a988 0000000000000000
0x000000016de4a7a0:   000000011c93dea8 000000012d808db0
0x000000016de4a7b0:   000000012d808db0 00006000014c41c0
0x000000016de4a7c0:   000000016de4a800 0000000106842bcc
0x000000016de4a7d0:   0000000000000001 000000012d808db0
0x000000016de4a7e0:   000000011c93dea8 000000012d808db0
0x000000016de4a7f0:   0000000000000001 000000011c93dc00
0x000000016de4a800:   000000016de4a840 0000000106556824
0x000000016de4a810:   000000016de4a988 0000600003dc0400
0x000000016de4a820:   0000600003dc03f0 00000001e4e16be0
0x000000016de4a830:   0000000000000000 0000600003dc03f0
0x000000016de4a840:   000000016de4a870 0000000117daeb08
0x000000016de4a850:   889b8d544151005f 0000000000000000
0x000000016de4a860:   0000000000000000 0000600002ae1a80
0x000000016de4a870:   000000016de4a8b0 000000019bd1e618
0x000000016de4a880:   000000016de4a988 0000600003dc0400
0x000000016de4a890:   0000600003dc03f0 889b8d544151005f
0x000000016de4a8a0:   0000000000000000 0000000000000000
0x000000016de4a8b0:   000000016de4a8f0 f23d00019bcea98c
0x000000016de4a8c0:   000000016de4a988 00000001380087c0
0x000000016de4a8d0:   0000000000000000 0000000106c54fa8
0x000000016de4a8e0:   000000016de4a900 0000000138007730
0x000000016de4a8f0:   000000016de4a960 67538001380098ac
0x000000016de4a900:   000000016de4a900 000000080098b325
0x000000016de4a910:   000000016de4a910 0000000000000000
0x000000016de4a920:   000000016de4a988 0000000114d18230
0x000000016de4a930:   0000000786831d78 0000000000000000
0x000000016de4a940:   0000000000000000 0000000114cf7818
0x000000016de4a950:   0000000000000000 000000016de4a960
0x000000016de4a960:   000000016de4a9e0 0000000138005fc8
0x000000016de4a970:   0000000000000000 0000000000000000 

Instructions: (pc=0x00000001380014f0)
0x00000001380013f0:   f2a0d829 f2c00029 6d425935 1e640886
0x0000000138001400:   0c402d31 1e6408c7 1f5654d0 1e6c1017
0x0000000138001410:   1f5050d0 1f504cd0 1f5048d0 1e650af6
0x0000000138001420:   1f50d8f6 1f5694d6 1f5158f6 1e762880
0x0000000138001430:   36000501 1e614000 14000026 2e251ca5
0x0000000138001440:   d2943009 f2a0d829 f2c00029 6d425d36
0x0000000138001450:   1e600806 0c402d32 1f5758c7 1e6c101a
0x0000000138001460:   1f4754c7 1e650805 1f4750c7 d2866668
0x0000000138001470:   f2a7fa68 1f474cc7 1e6608c0 1f4748c7
0x0000000138001480:   1e6e1019 eb08007f 540000ac 1f479400
0x0000000138001490:   1f460340 1e603b20 1400000e d2a7fd29
0x00000001380014a0:   eb09007f 540000ac 51480069 d3607d29
0x00000001380014b0:   9e670121 14000002 1e6a5001 1f679417
0x00000001380014c0:   1f668742 1e613b23 1e773857 1e773860
0x00000001380014d0:   a8c17ff3 910003bf a8c17bfd d65f03c0
0x00000001380014e0:   b9400001 aa0103e0 d65f03c0 f9400001
0x00000001380014f0:   aa0103e0 d65f03c0 00000000 00000000
0x0000000138001500:   00000000 00000000 00000000 00000000
0x0000000138001510:   00000000 00000000 00000000 00000000
0x0000000138001520:   00000000 00000000 00000000 00000000
0x0000000138001530:   00000000 00000000 00000000 00000000
0x0000000138001540:   00000000 00000000 00000000 00000000
0x0000000138001550:   00000000 00000000 00000000 00000000
0x0000000138001560:   00000000 00000000 00000000 00000000
0x0000000138001570:   00000000 00000000 00000000 00000000
0x0000000138001580:   00000000 00000000 00000000 00000000
0x0000000138001590:   00000000 00000000 00000000 00000000
0x00000001380015a0:   00000000 00000000 00000000 00000000
0x00000001380015b0:   00000000 00000000 00000000 00000000
0x00000001380015c0:   00000000 00000000 00000000 00000000
0x00000001380015d0:   00000000 00000000 00000000 00000000
0x00000001380015e0:   00000000 00000000 00000000 00000000 


Stack slot to memory mapping:
stack at sp + 0 slots: 0x0000000114d18230 is pointing into metadata
stack at sp + 1 slots: 0x0000000000000001 is an unknown value
stack at sp + 2 slots: 0x000000016de4a988 is pointing into the stack for thread: 0x000000012c91d800
stack at sp + 3 slots: 0x0 is NULL
stack at sp + 4 slots: 0x000000011c93dea8 points into unknown readable memory: 0x0000000106c0a738 | 38 a7 c0 06 01 00 00 00
stack at sp + 5 slots: 0x000000012d808db0 is a global jni handle
stack at sp + 6 slots: 0x000000012d808db0 is a global jni handle
stack at sp + 7 slots: 0x00006000014c41c0 points into unknown readable memory: 0x0000600003ddc160 | 60 c1 dd 03 00 60 00 00

StubRoutines::SafeFetchN [0x00000001380014ec, 0x00000001380014f8] (12 bytes)
[MachCode]
  0x00000001380014ec: 0100 40f9 | e003 01aa | c003 5fd6 
[/MachCode]

---------------  P R O C E S S  ---------------

Threads class SMR info:
_java_thread_list=0x0000600003f2c000, length=20, elements={
0x000000012d008600, 0x000000011c875000, 0x000000011c875600, 0x000000012d052e00,
0x000000012d053400, 0x000000012d053a00, 0x000000012d056c00, 0x000000012d057200,
0x000000012d05f800, 0x000000012e019e00, 0x000000012c80de00, 0x000000012c80d600,
0x000000012d055400, 0x000000012c91d800, 0x000000011c93dc00, 0x000000012d162000,
0x000000011c989c00, 0x000000012c946000, 0x000000012d17b600, 0x000000012e284800
}

Java Threads: ( => current thread )
  0x000000012d008600 JavaThread "main" [_thread_blocked, id=6403, stack(0x000000016b1b4000,0x000000016b3b7000)]
  0x000000011c875000 JavaThread "Reference Handler" daemon [_thread_blocked, id=15875, stack(0x000000016c008000,0x000000016c20b000)]
  0x000000011c875600 JavaThread "Finalizer" daemon [_thread_blocked, id=16131, stack(0x000000016c214000,0x000000016c417000)]
  0x000000012d052e00 JavaThread "Signal Dispatcher" daemon [_thread_blocked, id=41731, stack(0x000000016c5c4000,0x000000016c7c7000)]
  0x000000012d053400 JavaThread "Service Thread" daemon [_thread_blocked, id=41219, stack(0x000000016c7d0000,0x000000016c9d3000)]
  0x000000012d053a00 JavaThread "Monitor Deflation Thread" daemon [_thread_blocked, id=40707, stack(0x000000016c9dc000,0x000000016cbdf000)]
  0x000000012d056c00 JavaThread "C2 CompilerThread0" daemon [_thread_in_native, id=40451, stack(0x000000016cbe8000,0x000000016cdeb000)]
  0x000000012d057200 JavaThread "C1 CompilerThread0" daemon [_thread_blocked, id=40195, stack(0x000000016cdf4000,0x000000016cff7000)]
  0x000000012d05f800 JavaThread "Sweeper thread" daemon [_thread_blocked, id=39683, stack(0x000000016d000000,0x000000016d203000)]
  0x000000012e019e00 JavaThread "Common-Cleaner" daemon [_thread_blocked, id=39171, stack(0x000000016d20c000,0x000000016d40f000)]
  0x000000012c80de00 JavaThread "Monitor Ctrl-Break" daemon [_thread_in_native, id=38915, stack(0x000000016d418000,0x000000016d61b000)]
  0x000000012c80d600 JavaThread "Notification Thread" daemon [_thread_blocked, id=38659, stack(0x000000016d624000,0x000000016d827000)]
  0x000000012d055400 JavaThread "QuantumRenderer-0" daemon [_thread_blocked, id=24067, stack(0x000000016da3c000,0x000000016dc3f000)]
=>0x000000012c91d800 JavaThread "InvokeLaterDispatcher" daemon [_thread_in_native, id=32779, stack(0x000000016dc48000,0x000000016de4b000)]
  0x000000011c93dc00 JavaThread "JavaFX Application Thread" [_thread_in_native, id=259, stack(0x000000016a92c000,0x000000016b128000)]
  0x000000012d162000 JavaThread "JavaFX-Launcher" [_thread_blocked, id=53767, stack(0x000000016df6c000,0x000000016e16f000)]
  0x000000011c989c00 JavaThread "PulseTimer-CVDisplayLink thread" daemon [_thread_in_native, id=78851, stack(0x000000016de54000,0x000000016ded7000)]
  0x000000012c946000 JavaThread "Prism Font Disposer" daemon [_thread_blocked, id=59403, stack(0x000000016ec40000,0x000000016ee43000)]
  0x000000012d17b600 JavaThread "Cleaner-0" daemon [_thread_blocked, id=173067, stack(0x000000016eff0000,0x000000016f1f3000)]
  0x000000012e284800 JavaThread "Attach Listener" daemon [_thread_blocked, id=1335, stack(0x000000016f1fc000,0x000000016f3ff000)]

Other Threads:
  0x000000011c709020 VMThread "VM Thread" [stack: 0x000000016bdfc000,0x000000016bfff000] [id=15363]
  0x000000012c608930 WatcherThread [stack: 0x000000016d830000,0x000000016da33000] [id=23811]
  0x000000012d806740 GCTaskThread "GC Thread#0" [stack: 0x000000016b3c0000,0x000000016b5c3000] [id=12291]
  0x000000012d944780 GCTaskThread "GC Thread#1" [stack: 0x000000016e204000,0x000000016e407000] [id=73219]
  0x000000012d944c80 GCTaskThread "GC Thread#2" [stack: 0x000000016e410000,0x000000016e613000] [id=58371]
  0x000000012d9454f0 GCTaskThread "GC Thread#3" [stack: 0x000000016e61c000,0x000000016e81f000] [id=58627]
  0x000000012d945d60 GCTaskThread "GC Thread#4" [stack: 0x000000016e828000,0x000000016ea2b000] [id=72451]
  0x000000012d9465d0 GCTaskThread "GC Thread#5" [stack: 0x000000016ea34000,0x000000016ec37000] [id=71939]
  0x000000011c7042b0 ConcurrentGCThread "G1 Main Marker" [stack: 0x000000016b5cc000,0x000000016b7cf000] [id=19459]
  0x000000012d806bc0 ConcurrentGCThread "G1 Conc#0" [stack: 0x000000016b7d8000,0x000000016b9db000] [id=18691]
  0x000000011c704b30 ConcurrentGCThread "G1 Refine#0" [stack: 0x000000016b9e4000,0x000000016bbe7000] [id=13315]
  0x000000011c7053d0 ConcurrentGCThread "G1 Service" [stack: 0x000000016bbf0000,0x000000016bdf3000] [id=13827]

Threads with active compile tasks:
C2 CompilerThread0     1663 1956       4       com.sun.marlin.MaskMarlinAlphaConsumer::setAndClearRelativeAlphas (641 bytes)

VM state: not at safepoint (normal execution)

VM Mutex/Monitor currently owned by a thread: None

Heap address: 0x0000000780000000, size: 2048 MB, Compressed Oops mode: Zero based, Oop shift amount: 3

CDS archive(s) mapped at: [0x0000000800000000-0x0000000800bd4000-0x0000000800bd4000), size 12402688, SharedBaseAddress: 0x0000000800000000, ArchiveRelocationMode: 0.
Compressed class space mapped at: 0x0000000800c00000-0x0000000840c00000, reserved size: 1073741824
Narrow klass base: 0x0000000800000000, Narrow klass shift: 0, Narrow klass range: 0x100000000

GC Precious Log:
 CPUs: 8 total, 8 available
 Memory: 8192M
 Large Page Support: Disabled
 NUMA Support: Disabled
 Compressed Oops: Enabled (Zero based)
 Heap Region Size: 1M
 Heap Min Capacity: 8M
 Heap Initial Capacity: 128M
 Heap Max Capacity: 2G
 Pre-touch: Disabled
 Parallel Workers: 8
 Concurrent Workers: 2
 Concurrent Refinement Workers: 8
 Periodic GC: Disabled

Heap:
 garbage-first heap   total 133120K, used 39374K [0x0000000780000000, 0x0000000800000000)
  region size 1024K, 36 young (36864K), 3 survivors (3072K)
 Metaspace       used 15554K, committed 15808K, reserved 1064960K
  class space    used 2369K, committed 2496K, reserved 1048576K

Heap Regions: E=young(eden), S=young(survivor), O=old, HS=humongous(starts), HC=humongous(continues), CS=collection set, F=free, OA=open archive, CA=closed archive, TAMS=top-at-mark-start (previous, next)
|   0|0x0000000780000000, 0x000000078007ba00, 0x0000000780100000| 48%| O|  |TAMS 0x0000000780000000, 0x0000000780000000| Untracked 
|   1|0x0000000780100000, 0x0000000780200000, 0x0000000780200000|100%|HS|  |TAMS 0x0000000780100000, 0x0000000780100000| Complete 
|   2|0x0000000780200000, 0x0000000780300000, 0x0000000780300000|100%|HC|  |TAMS 0x0000000780200000, 0x0000000780200000| Complete 
|   3|0x0000000780300000, 0x0000000780300000, 0x0000000780400000|  0%| F|  |TAMS 0x0000000780300000, 0x0000000780300000| Untracked 
|   4|0x0000000780400000, 0x0000000780400000, 0x0000000780500000|  0%| F|  |TAMS 0x0000000780400000, 0x0000000780400000| Untracked 
|   5|0x0000000780500000, 0x0000000780500000, 0x0000000780600000|  0%| F|  |TAMS 0x0000000780500000, 0x0000000780500000| Untracked 
|   6|0x0000000780600000, 0x0000000780600000, 0x0000000780700000|  0%| F|  |TAMS 0x0000000780600000, 0x0000000780600000| Untracked 
|   7|0x0000000780700000, 0x0000000780700000, 0x0000000780800000|  0%| F|  |TAMS 0x0000000780700000, 0x0000000780700000| Untracked 
|   8|0x0000000780800000, 0x0000000780800000, 0x0000000780900000|  0%| F|  |TAMS 0x0000000780800000, 0x0000000780800000| Untracked 
|   9|0x0000000780900000, 0x0000000780900000, 0x0000000780a00000|  0%| F|  |TAMS 0x0000000780900000, 0x0000000780900000| Untracked 
|  10|0x0000000780a00000, 0x0000000780a00000, 0x0000000780b00000|  0%| F|  |TAMS 0x0000000780a00000, 0x0000000780a00000| Untracked 
|  11|0x0000000780b00000, 0x0000000780b00000, 0x0000000780c00000|  0%| F|  |TAMS 0x0000000780b00000, 0x0000000780b00000| Untracked 
|  12|0x0000000780c00000, 0x0000000780c00000, 0x0000000780d00000|  0%| F|  |TAMS 0x0000000780c00000, 0x0000000780c00000| Untracked 
|  13|0x0000000780d00000, 0x0000000780d00000, 0x0000000780e00000|  0%| F|  |TAMS 0x0000000780d00000, 0x0000000780d00000| Untracked 
|  14|0x0000000780e00000, 0x0000000780e00000, 0x0000000780f00000|  0%| F|  |TAMS 0x0000000780e00000, 0x0000000780e00000| Untracked 
|  15|0x0000000780f00000, 0x0000000780f00000, 0x0000000781000000|  0%| F|  |TAMS 0x0000000780f00000, 0x0000000780f00000| Untracked 
|  16|0x0000000781000000, 0x0000000781000000, 0x0000000781100000|  0%| F|  |TAMS 0x0000000781000000, 0x0000000781000000| Untracked 
|  17|0x0000000781100000, 0x0000000781100000, 0x0000000781200000|  0%| F|  |TAMS 0x0000000781100000, 0x0000000781100000| Untracked 
|  18|0x0000000781200000, 0x0000000781200000, 0x0000000781300000|  0%| F|  |TAMS 0x0000000781200000, 0x0000000781200000| Untracked 
|  19|0x0000000781300000, 0x0000000781300000, 0x0000000781400000|  0%| F|  |TAMS 0x0000000781300000, 0x0000000781300000| Untracked 
|  20|0x0000000781400000, 0x0000000781400000, 0x0000000781500000|  0%| F|  |TAMS 0x0000000781400000, 0x0000000781400000| Untracked 
|  21|0x0000000781500000, 0x0000000781500000, 0x0000000781600000|  0%| F|  |TAMS 0x0000000781500000, 0x0000000781500000| Untracked 
|  22|0x0000000781600000, 0x0000000781600000, 0x0000000781700000|  0%| F|  |TAMS 0x0000000781600000, 0x0000000781600000| Untracked 
|  23|0x0000000781700000, 0x0000000781700000, 0x0000000781800000|  0%| F|  |TAMS 0x0000000781700000, 0x0000000781700000| Untracked 
|  24|0x0000000781800000, 0x0000000781800000, 0x0000000781900000|  0%| F|  |TAMS 0x0000000781800000, 0x0000000781800000| Untracked 
|  25|0x0000000781900000, 0x0000000781900000, 0x0000000781a00000|  0%| F|  |TAMS 0x0000000781900000, 0x0000000781900000| Untracked 
|  26|0x0000000781a00000, 0x0000000781a00000, 0x0000000781b00000|  0%| F|  |TAMS 0x0000000781a00000, 0x0000000781a00000| Untracked 
|  27|0x0000000781b00000, 0x0000000781b00000, 0x0000000781c00000|  0%| F|  |TAMS 0x0000000781b00000, 0x0000000781b00000| Untracked 
|  28|0x0000000781c00000, 0x0000000781c00000, 0x0000000781d00000|  0%| F|  |TAMS 0x0000000781c00000, 0x0000000781c00000| Untracked 
|  29|0x0000000781d00000, 0x0000000781d00000, 0x0000000781e00000|  0%| F|  |TAMS 0x0000000781d00000, 0x0000000781d00000| Untracked 
|  30|0x0000000781e00000, 0x0000000781e00000, 0x0000000781f00000|  0%| F|  |TAMS 0x0000000781e00000, 0x0000000781e00000| Untracked 
|  31|0x0000000781f00000, 0x0000000781f00000, 0x0000000782000000|  0%| F|  |TAMS 0x0000000781f00000, 0x0000000781f00000| Untracked 
|  32|0x0000000782000000, 0x0000000782000000, 0x0000000782100000|  0%| F|  |TAMS 0x0000000782000000, 0x0000000782000000| Untracked 
|  33|0x0000000782100000, 0x0000000782100000, 0x0000000782200000|  0%| F|  |TAMS 0x0000000782100000, 0x0000000782100000| Untracked 
|  34|0x0000000782200000, 0x0000000782200000, 0x0000000782300000|  0%| F|  |TAMS 0x0000000782200000, 0x0000000782200000| Untracked 
|  35|0x0000000782300000, 0x0000000782300000, 0x0000000782400000|  0%| F|  |TAMS 0x0000000782300000, 0x0000000782300000| Untracked 
|  36|0x0000000782400000, 0x0000000782400000, 0x0000000782500000|  0%| F|  |TAMS 0x0000000782400000, 0x0000000782400000| Untracked 
|  37|0x0000000782500000, 0x0000000782500000, 0x0000000782600000|  0%| F|  |TAMS 0x0000000782500000, 0x0000000782500000| Untracked 
|  38|0x0000000782600000, 0x0000000782600000, 0x0000000782700000|  0%| F|  |TAMS 0x0000000782600000, 0x0000000782600000| Untracked 
|  39|0x0000000782700000, 0x0000000782700000, 0x0000000782800000|  0%| F|  |TAMS 0x0000000782700000, 0x0000000782700000| Untracked 
|  40|0x0000000782800000, 0x0000000782800000, 0x0000000782900000|  0%| F|  |TAMS 0x0000000782800000, 0x0000000782800000| Untracked 
|  41|0x0000000782900000, 0x0000000782900000, 0x0000000782a00000|  0%| F|  |TAMS 0x0000000782900000, 0x0000000782900000| Untracked 
|  42|0x0000000782a00000, 0x0000000782a00000, 0x0000000782b00000|  0%| F|  |TAMS 0x0000000782a00000, 0x0000000782a00000| Untracked 
|  43|0x0000000782b00000, 0x0000000782b00000, 0x0000000782c00000|  0%| F|  |TAMS 0x0000000782b00000, 0x0000000782b00000| Untracked 
|  44|0x0000000782c00000, 0x0000000782c00000, 0x0000000782d00000|  0%| F|  |TAMS 0x0000000782c00000, 0x0000000782c00000| Untracked 
|  45|0x0000000782d00000, 0x0000000782d00000, 0x0000000782e00000|  0%| F|  |TAMS 0x0000000782d00000, 0x0000000782d00000| Untracked 
|  46|0x0000000782e00000, 0x0000000782e00000, 0x0000000782f00000|  0%| F|  |TAMS 0x0000000782e00000, 0x0000000782e00000| Untracked 
|  47|0x0000000782f00000, 0x0000000782f00000, 0x0000000783000000|  0%| F|  |TAMS 0x0000000782f00000, 0x0000000782f00000| Untracked 
|  48|0x0000000783000000, 0x0000000783000000, 0x0000000783100000|  0%| F|  |TAMS 0x0000000783000000, 0x0000000783000000| Untracked 
|  49|0x0000000783100000, 0x0000000783100000, 0x0000000783200000|  0%| F|  |TAMS 0x0000000783100000, 0x0000000783100000| Untracked 
|  50|0x0000000783200000, 0x0000000783200000, 0x0000000783300000|  0%| F|  |TAMS 0x0000000783200000, 0x0000000783200000| Untracked 
|  51|0x0000000783300000, 0x0000000783300000, 0x0000000783400000|  0%| F|  |TAMS 0x0000000783300000, 0x0000000783300000| Untracked 
|  52|0x0000000783400000, 0x0000000783400000, 0x0000000783500000|  0%| F|  |TAMS 0x0000000783400000, 0x0000000783400000| Untracked 
|  53|0x0000000783500000, 0x0000000783500000, 0x0000000783600000|  0%| F|  |TAMS 0x0000000783500000, 0x0000000783500000| Untracked 
|  54|0x0000000783600000, 0x0000000783600000, 0x0000000783700000|  0%| F|  |TAMS 0x0000000783600000, 0x0000000783600000| Untracked 
|  55|0x0000000783700000, 0x0000000783700000, 0x0000000783800000|  0%| F|  |TAMS 0x0000000783700000, 0x0000000783700000| Untracked 
|  56|0x0000000783800000, 0x0000000783800000, 0x0000000783900000|  0%| F|  |TAMS 0x0000000783800000, 0x0000000783800000| Untracked 
|  57|0x0000000783900000, 0x0000000783900000, 0x0000000783a00000|  0%| F|  |TAMS 0x0000000783900000, 0x0000000783900000| Untracked 
|  58|0x0000000783a00000, 0x0000000783a00000, 0x0000000783b00000|  0%| F|  |TAMS 0x0000000783a00000, 0x0000000783a00000| Untracked 
|  59|0x0000000783b00000, 0x0000000783b00000, 0x0000000783c00000|  0%| F|  |TAMS 0x0000000783b00000, 0x0000000783b00000| Untracked 
|  60|0x0000000783c00000, 0x0000000783c00000, 0x0000000783d00000|  0%| F|  |TAMS 0x0000000783c00000, 0x0000000783c00000| Untracked 
|  61|0x0000000783d00000, 0x0000000783d00000, 0x0000000783e00000|  0%| F|  |TAMS 0x0000000783d00000, 0x0000000783d00000| Untracked 
|  62|0x0000000783e00000, 0x0000000783e00000, 0x0000000783f00000|  0%| F|  |TAMS 0x0000000783e00000, 0x0000000783e00000| Untracked 
|  63|0x0000000783f00000, 0x0000000783f00000, 0x0000000784000000|  0%| F|  |TAMS 0x0000000783f00000, 0x0000000783f00000| Untracked 
|  64|0x0000000784000000, 0x0000000784000000, 0x0000000784100000|  0%| F|  |TAMS 0x0000000784000000, 0x0000000784000000| Untracked 
|  65|0x0000000784100000, 0x0000000784100000, 0x0000000784200000|  0%| F|  |TAMS 0x0000000784100000, 0x0000000784100000| Untracked 
|  66|0x0000000784200000, 0x0000000784200000, 0x0000000784300000|  0%| F|  |TAMS 0x0000000784200000, 0x0000000784200000| Untracked 
|  67|0x0000000784300000, 0x0000000784300000, 0x0000000784400000|  0%| F|  |TAMS 0x0000000784300000, 0x0000000784300000| Untracked 
|  68|0x0000000784400000, 0x0000000784400000, 0x0000000784500000|  0%| F|  |TAMS 0x0000000784400000, 0x0000000784400000| Untracked 
|  69|0x0000000784500000, 0x0000000784500000, 0x0000000784600000|  0%| F|  |TAMS 0x0000000784500000, 0x0000000784500000| Untracked 
|  70|0x0000000784600000, 0x0000000784600000, 0x0000000784700000|  0%| F|  |TAMS 0x0000000784600000, 0x0000000784600000| Untracked 
|  71|0x0000000784700000, 0x0000000784700000, 0x0000000784800000|  0%| F|  |TAMS 0x0000000784700000, 0x0000000784700000| Untracked 
|  72|0x0000000784800000, 0x0000000784800000, 0x0000000784900000|  0%| F|  |TAMS 0x0000000784800000, 0x0000000784800000| Untracked 
|  73|0x0000000784900000, 0x0000000784900000, 0x0000000784a00000|  0%| F|  |TAMS 0x0000000784900000, 0x0000000784900000| Untracked 
|  74|0x0000000784a00000, 0x0000000784a00000, 0x0000000784b00000|  0%| F|  |TAMS 0x0000000784a00000, 0x0000000784a00000| Untracked 
|  75|0x0000000784b00000, 0x0000000784b00000, 0x0000000784c00000|  0%| F|  |TAMS 0x0000000784b00000, 0x0000000784b00000| Untracked 
|  76|0x0000000784c00000, 0x0000000784c00000, 0x0000000784d00000|  0%| F|  |TAMS 0x0000000784c00000, 0x0000000784c00000| Untracked 
|  77|0x0000000784d00000, 0x0000000784d00000, 0x0000000784e00000|  0%| F|  |TAMS 0x0000000784d00000, 0x0000000784d00000| Untracked 
|  78|0x0000000784e00000, 0x0000000784e00000, 0x0000000784f00000|  0%| F|  |TAMS 0x0000000784e00000, 0x0000000784e00000| Untracked 
|  79|0x0000000784f00000, 0x0000000784f00000, 0x0000000785000000|  0%| F|  |TAMS 0x0000000784f00000, 0x0000000784f00000| Untracked 
|  80|0x0000000785000000, 0x0000000785000000, 0x0000000785100000|  0%| F|  |TAMS 0x0000000785000000, 0x0000000785000000| Untracked 
|  81|0x0000000785100000, 0x0000000785100000, 0x0000000785200000|  0%| F|  |TAMS 0x0000000785100000, 0x0000000785100000| Untracked 
|  82|0x0000000785200000, 0x0000000785200000, 0x0000000785300000|  0%| F|  |TAMS 0x0000000785200000, 0x0000000785200000| Untracked 
|  83|0x0000000785300000, 0x0000000785300000, 0x0000000785400000|  0%| F|  |TAMS 0x0000000785300000, 0x0000000785300000| Untracked 
|  84|0x0000000785400000, 0x0000000785400000, 0x0000000785500000|  0%| F|  |TAMS 0x0000000785400000, 0x0000000785400000| Untracked 
|  85|0x0000000785500000, 0x0000000785500000, 0x0000000785600000|  0%| F|  |TAMS 0x0000000785500000, 0x0000000785500000| Untracked 
|  86|0x0000000785600000, 0x0000000785600000, 0x0000000785700000|  0%| F|  |TAMS 0x0000000785600000, 0x0000000785600000| Untracked 
|  87|0x0000000785700000, 0x0000000785700000, 0x0000000785800000|  0%| F|  |TAMS 0x0000000785700000, 0x0000000785700000| Untracked 
|  88|0x0000000785800000, 0x0000000785800000, 0x0000000785900000|  0%| F|  |TAMS 0x0000000785800000, 0x0000000785800000| Untracked 
|  89|0x0000000785900000, 0x0000000785900000, 0x0000000785a00000|  0%| F|  |TAMS 0x0000000785900000, 0x0000000785900000| Untracked 
|  90|0x0000000785a00000, 0x0000000785a00000, 0x0000000785b00000|  0%| F|  |TAMS 0x0000000785a00000, 0x0000000785a00000| Untracked 
|  91|0x0000000785b00000, 0x0000000785b00000, 0x0000000785c00000|  0%| F|  |TAMS 0x0000000785b00000, 0x0000000785b00000| Untracked 
|  92|0x0000000785c00000, 0x0000000785d00000, 0x0000000785d00000|100%| E|  |TAMS 0x0000000785c00000, 0x0000000785c00000| Complete 
|  93|0x0000000785d00000, 0x0000000785e00000, 0x0000000785e00000|100%| E|CS|TAMS 0x0000000785d00000, 0x0000000785d00000| Complete 
|  94|0x0000000785e00000, 0x0000000785f00000, 0x0000000785f00000|100%| E|CS|TAMS 0x0000000785e00000, 0x0000000785e00000| Complete 
|  95|0x0000000785f00000, 0x0000000786000000, 0x0000000786000000|100%| E|CS|TAMS 0x0000000785f00000, 0x0000000785f00000| Complete 
|  96|0x0000000786000000, 0x0000000786100000, 0x0000000786100000|100%| E|CS|TAMS 0x0000000786000000, 0x0000000786000000| Complete 
|  97|0x0000000786100000, 0x0000000786200000, 0x0000000786200000|100%| E|CS|TAMS 0x0000000786100000, 0x0000000786100000| Complete 
|  98|0x0000000786200000, 0x0000000786300000, 0x0000000786300000|100%| E|CS|TAMS 0x0000000786200000, 0x0000000786200000| Complete 
|  99|0x0000000786300000, 0x0000000786400000, 0x0000000786400000|100%| E|CS|TAMS 0x0000000786300000, 0x0000000786300000| Complete 
| 100|0x0000000786400000, 0x0000000786500000, 0x0000000786500000|100%| E|CS|TAMS 0x0000000786400000, 0x0000000786400000| Complete 
| 101|0x0000000786500000, 0x0000000786600000, 0x0000000786600000|100%| E|CS|TAMS 0x0000000786500000, 0x0000000786500000| Complete 
| 102|0x0000000786600000, 0x0000000786700000, 0x0000000786700000|100%| S|CS|TAMS 0x0000000786600000, 0x0000000786600000| Complete 
| 103|0x0000000786700000, 0x0000000786800000, 0x0000000786800000|100%| S|CS|TAMS 0x0000000786700000, 0x0000000786700000| Complete 
| 104|0x0000000786800000, 0x0000000786900000, 0x0000000786900000|100%| S|CS|TAMS 0x0000000786800000, 0x0000000786800000| Complete 
| 105|0x0000000786900000, 0x0000000786a00000, 0x0000000786a00000|100%| E|CS|TAMS 0x0000000786900000, 0x0000000786900000| Complete 
| 106|0x0000000786a00000, 0x0000000786b00000, 0x0000000786b00000|100%| E|CS|TAMS 0x0000000786a00000, 0x0000000786a00000| Complete 
| 107|0x0000000786b00000, 0x0000000786c00000, 0x0000000786c00000|100%| E|CS|TAMS 0x0000000786b00000, 0x0000000786b00000| Complete 
| 108|0x0000000786c00000, 0x0000000786d00000, 0x0000000786d00000|100%| E|CS|TAMS 0x0000000786c00000, 0x0000000786c00000| Complete 
| 109|0x0000000786d00000, 0x0000000786e00000, 0x0000000786e00000|100%| E|CS|TAMS 0x0000000786d00000, 0x0000000786d00000| Complete 
| 110|0x0000000786e00000, 0x0000000786f00000, 0x0000000786f00000|100%| E|CS|TAMS 0x0000000786e00000, 0x0000000786e00000| Complete 
| 111|0x0000000786f00000, 0x0000000787000000, 0x0000000787000000|100%| E|CS|TAMS 0x0000000786f00000, 0x0000000786f00000| Complete 
| 112|0x0000000787000000, 0x0000000787100000, 0x0000000787100000|100%| E|CS|TAMS 0x0000000787000000, 0x0000000787000000| Complete 
| 113|0x0000000787100000, 0x0000000787200000, 0x0000000787200000|100%| E|CS|TAMS 0x0000000787100000, 0x0000000787100000| Complete 
| 114|0x0000000787200000, 0x0000000787300000, 0x0000000787300000|100%| E|CS|TAMS 0x0000000787200000, 0x0000000787200000| Complete 
| 115|0x0000000787300000, 0x0000000787400000, 0x0000000787400000|100%| E|CS|TAMS 0x0000000787300000, 0x0000000787300000| Complete 
| 116|0x0000000787400000, 0x0000000787500000, 0x0000000787500000|100%| E|CS|TAMS 0x0000000787400000, 0x0000000787400000| Complete 
| 117|0x0000000787500000, 0x0000000787600000, 0x0000000787600000|100%| E|CS|TAMS 0x0000000787500000, 0x0000000787500000| Complete 
| 118|0x0000000787600000, 0x0000000787700000, 0x0000000787700000|100%| E|CS|TAMS 0x0000000787600000, 0x0000000787600000| Complete 
| 119|0x0000000787700000, 0x0000000787800000, 0x0000000787800000|100%| E|CS|TAMS 0x0000000787700000, 0x0000000787700000| Complete 
| 120|0x0000000787800000, 0x0000000787900000, 0x0000000787900000|100%| E|CS|TAMS 0x0000000787800000, 0x0000000787800000| Complete 
| 121|0x0000000787900000, 0x0000000787a00000, 0x0000000787a00000|100%| E|CS|TAMS 0x0000000787900000, 0x0000000787900000| Complete 
| 122|0x0000000787a00000, 0x0000000787b00000, 0x0000000787b00000|100%| E|CS|TAMS 0x0000000787a00000, 0x0000000787a00000| Complete 
| 123|0x0000000787b00000, 0x0000000787c00000, 0x0000000787c00000|100%| E|CS|TAMS 0x0000000787b00000, 0x0000000787b00000| Complete 
| 124|0x0000000787c00000, 0x0000000787d00000, 0x0000000787d00000|100%| E|CS|TAMS 0x0000000787c00000, 0x0000000787c00000| Complete 
| 125|0x0000000787d00000, 0x0000000787e00000, 0x0000000787e00000|100%| E|CS|TAMS 0x0000000787d00000, 0x0000000787d00000| Complete 
| 126|0x0000000787e00000, 0x0000000787f00000, 0x0000000787f00000|100%| E|CS|TAMS 0x0000000787e00000, 0x0000000787e00000| Complete 
| 127|0x0000000787f00000, 0x0000000788000000, 0x0000000788000000|100%| E|CS|TAMS 0x0000000787f00000, 0x0000000787f00000| Complete 
|2046|0x00000007ffe00000, 0x00000007ffe78000, 0x00000007fff00000| 46%|OA|  |TAMS 0x00000007ffe00000, 0x00000007ffe00000| Untracked 
|2047|0x00000007fff00000, 0x00000007fff80000, 0x0000000800000000| 50%|CA|  |TAMS 0x00000007fff00000, 0x00000007fff00000| Untracked 

Card table byte_map: [0x000000010567c000,0x0000000105a7c000] _byte_map_base: 0x0000000101a7c000

Marking Bits (Prev, Next): (CMBitMap*) 0x000000011c808210, (CMBitMap*) 0x000000011c808250
 Prev Bits: [0x000000010e78c000, 0x000000011078c000)
 Next Bits: [0x000000011078c000, 0x000000011278c000)

Polling page: 0x0000000104e5c000

Metaspace:

Usage:
  Non-class:     12.88 MB used.
      Class:      2.31 MB used.
       Both:     15.19 MB used.

Virtual space:
  Non-class space:       16.00 MB reserved,      13.00 MB ( 81%) committed,  2 nodes.
      Class space:        1.00 GB reserved,       2.44 MB ( <1%) committed,  1 nodes.
             Both:        1.02 GB reserved,      15.44 MB (  1%) committed. 

Chunk freelists:
   Non-Class:  2.27 MB
       Class:  1.58 MB
        Both:  3.84 MB

MaxMetaspaceSize: unlimited
CompressedClassSpaceSize: 1.00 GB
Initial GC threshold: 21.00 MB
Current GC threshold: 21.00 MB
CDS: on
MetaspaceReclaimPolicy: balanced
 - commit_granule_bytes: 65536.
 - commit_granule_words: 8192.
 - virtual_space_node_default_size: 1048576.
 - enlarge_chunks_in_place: 1.
 - new_chunks_are_fully_committed: 0.
 - uncommit_free_chunks: 1.
 - use_allocation_guard: 0.
 - handle_deallocations: 1.


Internal statistics:

num_allocs_failed_limit: 0.
num_arena_births: 192.
num_arena_deaths: 0.
num_vsnodes_births: 3.
num_vsnodes_deaths: 0.
num_space_committed: 247.
num_space_uncommitted: 0.
num_chunks_returned_to_freelist: 0.
num_chunks_taken_from_freelist: 669.
num_chunk_merges: 0.
num_chunk_splits: 466.
num_chunks_enlarged: 376.
num_purges: 0.
num_inconsistent_stats: 0.

CodeHeap 'non-profiled nmethods': size=120032Kb used=622Kb max_used=622Kb free=119409Kb
 bounds [0x000000013fac8000, 0x000000013fd38000, 0x0000000147000000]
CodeHeap 'profiled nmethods': size=120016Kb used=3818Kb max_used=3818Kb free=116197Kb
 bounds [0x0000000138594000, 0x0000000138954000, 0x000000013fac8000]
CodeHeap 'non-nmethods': size=5712Kb used=1387Kb max_used=1417Kb free=4325Kb
 bounds [0x0000000138000000, 0x0000000138270000, 0x0000000138594000]
 total_blobs=2678 nmethods=1901 adapters=693
 compilation: enabled
              stopped_count=0, restarted_count=0
 full_count=0

Compilation events (20 events):
Event: 1.645 Thread 0x000000012d057200 nmethod 1938 0x000000013894a310 code [0x000000013894a4c0, 0x000000013894a728]
Event: 1.645 Thread 0x000000012d057200 1942       3       java.util.HashSet::clear (8 bytes)
Event: 1.646 Thread 0x000000012d057200 nmethod 1942 0x000000013894a890 code [0x000000013894aa40, 0x000000013894ac58]
Event: 1.646 Thread 0x000000012d057200 1943       3       java.util.HashSet::remove (20 bytes)
Event: 1.646 Thread 0x000000012d057200 nmethod 1943 0x000000013894ad10 code [0x000000013894aec0, 0x000000013894b158]
Event: 1.646 Thread 0x000000012d057200 1939       3       javafx.scene.paint.Color::getRed (6 bytes)
Event: 1.646 Thread 0x000000012d057200 nmethod 1939 0x000000013894b290 code [0x000000013894b440, 0x000000013894b568]
Event: 1.646 Thread 0x000000012d057200 1940       3       javafx.scene.paint.Color::getGreen (6 bytes)
Event: 1.646 Thread 0x000000012d057200 nmethod 1940 0x000000013894b610 code [0x000000013894b7c0, 0x000000013894b8e8]
Event: 1.646 Thread 0x000000012d057200 1941       3       javafx.scene.paint.Color::getBlue (6 bytes)
Event: 1.646 Thread 0x000000012d057200 nmethod 1941 0x000000013894b990 code [0x000000013894bb40, 0x000000013894bc68]
Event: 1.646 Thread 0x000000012d057200 1946       3       javafx.css.SizeUnits$1::pixels (8 bytes)
Event: 1.646 Thread 0x000000012d057200 nmethod 1946 0x000000013894bd10 code [0x000000013894bf00, 0x000000013894c068]
Event: 1.646 Thread 0x000000012d057200 1947       3       javafx.scene.paint.Color::getOpacity (6 bytes)
Event: 1.646 Thread 0x000000012d057200 nmethod 1947 0x000000013894c110 code [0x000000013894c2c0, 0x000000013894c3e8]
Event: 1.647 Thread 0x000000012d057200 1944       3       javafx.scene.paint.Color::hsb (41 bytes)
Event: 1.647 Thread 0x000000012d057200 nmethod 1944 0x000000013894c490 code [0x000000013894c680, 0x000000013894c978]
Event: 1.647 Thread 0x000000012d057200 1945       3       javafx.scene.paint.Color::checkSB (53 bytes)
Event: 1.648 Thread 0x000000012d057200 nmethod 1945 0x000000013894cb90 code [0x000000013894cd80, 0x000000013894d1a8]
Event: 1.648 Thread 0x000000012d057200 1948       3       com.sun.javafx.util.Utils::HSBtoRGB (257 bytes)

GC Heap History (2 events):
Event: 0.492 GC heap before
{Heap before GC invocations=0 (full 0):
 garbage-first heap   total 133120K, used 23520K [0x0000000780000000, 0x0000000800000000)
  region size 1024K, 23 young (23552K), 0 survivors (0K)
 Metaspace       used 7876K, committed 8064K, reserved 1056768K
  class space    used 1012K, committed 1088K, reserved 1048576K
}
Event: 0.495 GC heap after
{Heap after GC invocations=1 (full 0):
 garbage-first heap   total 133120K, used 4558K [0x0000000780000000, 0x0000000800000000)
  region size 1024K, 3 young (3072K), 3 survivors (3072K)
 Metaspace       used 7876K, committed 8064K, reserved 1056768K
  class space    used 1012K, committed 1088K, reserved 1048576K
}

Deoptimization events (20 events):
Event: 0.791 Thread 0x000000011c93dc00 DEOPT PACKING pc=0x000000013fb319b0 sp=0x000000016b11e610
Event: 0.791 Thread 0x000000011c93dc00 DEOPT UNPACKING pc=0x000000013803ed1c sp=0x000000016b11e5a0 mode 2
Event: 0.791 Thread 0x000000011c93dc00 Uncommon trap: trap_request=0xffffffde fr.pc=0x000000013fb319b0 relative=0x00000000000000f0
Event: 0.791 Thread 0x000000011c93dc00 Uncommon trap: reason=class_check action=maybe_recompile pc=0x000000013fb319b0 method=jdk.internal.misc.Unsafe.allocateUninitializedArray(Ljava/lang/Class;I)Ljava/lang/Object; @ 51 c2
Event: 0.791 Thread 0x000000011c93dc00 DEOPT PACKING pc=0x000000013fb319b0 sp=0x000000016b11e610
Event: 0.791 Thread 0x000000011c93dc00 DEOPT UNPACKING pc=0x000000013803ed1c sp=0x000000016b11e5a0 mode 2
Event: 0.841 Thread 0x000000011c93dc00 DEOPT PACKING pc=0x0000000138807b08 sp=0x000000016b121360
Event: 0.841 Thread 0x000000011c93dc00 DEOPT UNPACKING pc=0x000000013803eb7c sp=0x000000016b121080 mode 3
Event: 0.853 Thread 0x000000011c93dc00 Uncommon trap: trap_request=0xffffff45 fr.pc=0x000000013fb1845c relative=0x000000000000019c
Event: 0.853 Thread 0x000000011c93dc00 Uncommon trap: reason=unstable_if action=reinterpret pc=0x000000013fb1845c method=java.io.ByteArrayInputStream.read()I @ 8 c2
Event: 0.853 Thread 0x000000011c93dc00 DEOPT PACKING pc=0x000000013fb1845c sp=0x000000016b1210d0
Event: 0.853 Thread 0x000000011c93dc00 DEOPT UNPACKING pc=0x000000013803ed1c sp=0x000000016b121050 mode 2
Event: 1.157 Thread 0x000000012e284800 Uncommon trap: trap_request=0xffffff45 fr.pc=0x000000013fb28f38 relative=0x0000000000000f78
Event: 1.157 Thread 0x000000012e284800 Uncommon trap: reason=unstable_if action=reinterpret pc=0x000000013fb28f38 method=java.util.concurrent.ConcurrentHashMap.putVal(Ljava/lang/Object;Ljava/lang/Object;Z)Ljava/lang/Object; @ 148 c2
Event: 1.157 Thread 0x000000012e284800 DEOPT PACKING pc=0x000000013fb28f38 sp=0x000000016f3fd8c0
Event: 1.157 Thread 0x000000012e284800 DEOPT UNPACKING pc=0x000000013803ed1c sp=0x000000016f3fd7d0 mode 2
Event: 1.158 Thread 0x000000012e284800 Uncommon trap: trap_request=0xffffff45 fr.pc=0x000000013fad8638 relative=0x00000000000000f8
Event: 1.158 Thread 0x000000012e284800 Uncommon trap: reason=unstable_if action=reinterpret pc=0x000000013fad8638 method=java.lang.StringLatin1.lastIndexOf([BI[BII)I @ 86 c2
Event: 1.158 Thread 0x000000012e284800 DEOPT PACKING pc=0x000000013fad8638 sp=0x000000016f3fd8b0
Event: 1.158 Thread 0x000000012e284800 DEOPT UNPACKING pc=0x000000013803ed1c sp=0x000000016f3fd810 mode 2

Classes unloaded (0 events):
No events

Classes redefined (0 events):
No events

Internal exceptions (20 events):
Event: 0.476 Thread 0x000000011c93dc00 Exception <a 'java/lang/ClassNotFoundException'{0x0000000786bf6aa8}: sun/util/logging/resources/spi/loggingProvider> (0x0000000786bf6aa8) 
thrown [open/src/hotspot/share/classfile/systemDictionary.cpp, line 256]
Event: 0.488 Thread 0x000000011c93dc00 Exception <a 'java/lang/NoSuchMethodError'{0x00000007869793e0}: 'java.lang.Object java.lang.invoke.DirectMethodHandle$Holder.invokeSpecial(java.lang.Object, java.lang.Object, java.lang.Object, int, java.lang.Object)'> (0x00000007869793e0) 
thrown [open/src/hotspot/share/interpreter/linkResolver.cpp, line 766]
Event: 0.538 Thread 0x000000011c93dc00 Exception <a 'java/lang/NoSuchMethodError'{0x0000000787abda28}: 'void java.lang.invoke.DirectMethodHandle$Holder.invokeStaticInit(java.lang.Object, java.lang.Object)'> (0x0000000787abda28) 
thrown [open/src/hotspot/share/interpreter/linkResolver.cpp, line 766]
Event: 0.539 Thread 0x000000011c93dc00 Exception <a 'java/lang/NoSuchMethodError'{0x0000000787af2ec8}: 'void java.lang.invoke.DirectMethodHandle$Holder.invokeSpecial(java.lang.Object, java.lang.Object, java.lang.Object, java.lang.Object, java.lang.Object)'> (0x0000000787af2ec8) 
thrown [open/src/hotspot/share/interpreter/linkResolver.cpp, line 766]
Event: 0.570 Thread 0x000000011c93dc00 Implicit null exception at 0x000000013fb10378 to 0x000000013fb10408
Event: 0.576 Thread 0x000000011c93dc00 Implicit null exception at 0x000000013fb19c10 to 0x000000013fb1a0cc
Event: 0.576 Thread 0x000000011c93dc00 Implicit null exception at 0x000000013fb177d0 to 0x000000013fb17c4c
Event: 0.775 Thread 0x000000011c93dc00 Exception <a 'java/lang/NoSuchMethodError'{0x0000000787027260}: 'java.lang.Object java.lang.invoke.DirectMethodHandle$Holder.invokeInterface(java.lang.Object, java.lang.Object, java.lang.Object)'> (0x0000000787027260) 
thrown [open/src/hotspot/share/interpreter/linkResolver.cpp, line 766]
Event: 0.775 Thread 0x000000011c93dc00 Exception <a 'java/lang/IncompatibleClassChangeError'{0x000000078702abe8}: Found class java.lang.Object, but interface was expected> (0x000000078702abe8) 
thrown [open/src/hotspot/share/interpreter/linkResolver.cpp, line 833]
Event: 0.794 Thread 0x000000011c93dc00 Exception <a 'java/lang/ClassNotFoundException'{0x0000000786e2f860}: com/sun/javafx/scene/control/skin/resources/controls> (0x0000000786e2f860) 
thrown [open/src/hotspot/share/prims/jni.cpp, line 535]
Event: 0.794 Thread 0x000000011c93dc00 Exception <a 'java/lang/ClassNotFoundException'{0x0000000786e3d800}: com/sun/javafx/scene/control/skin/resources/controls_en> (0x0000000786e3d800) 
thrown [open/src/hotspot/share/prims/jni.cpp, line 535]
Event: 0.794 Thread 0x000000011c93dc00 Exception <a 'java/lang/ClassNotFoundException'{0x0000000786e3e798}: com/sun/javafx/scene/control/skin/resources/controls_en_CA> (0x0000000786e3e798) 
thrown [open/src/hotspot/share/prims/jni.cpp, line 535]
Event: 0.806 Thread 0x000000011c93dc00 Exception <a 'java/lang/NoSuchMethodError'{0x0000000786c5cbf8}: 'void java.lang.invoke.DirectMethodHandle$Holder.invokeSpecial(java.lang.Object, java.lang.Object, java.lang.Object, java.lang.Object, java.lang.Object, java.lang.Object)'> (0x0000000786c5cbf8) 
thrown [open/src/hotspot/share/interpreter/linkResolver.cpp, line 766]
Event: 0.841 Thread 0x000000011c93dc00 Exception <a 'java/lang/NoSuchMethodError'{0x000000078647ab80}: 'int java.lang.invoke.DirectMethodHandle$Holder.invokeSpecial(java.lang.Object, java.lang.Object, int)'> (0x000000078647ab80) 
thrown [open/src/hotspot/share/interpreter/linkResolver.cpp, line 766]
Event: 0.862 Thread 0x000000011c93dc00 Exception <a 'java/lang/NoSuchMethodError'{0x00000007863f6cc8}: 'java.lang.Object java.lang.invoke.DirectMethodHandle$Holder.newInvokeSpecial(java.lang.Object, java.lang.Object, int)'> (0x00000007863f6cc8) 
thrown [open/src/hotspot/share/interpreter/linkResolver.cpp, line 766]
Event: 0.917 Thread 0x000000012d055400 Exception <a 'java/lang/NoSuchMethodError'{0x00000007861e88b0}: 'int java.lang.invoke.DirectMethodHandle$Holder.invokeStaticInit(java.lang.Object, java.lang.Object)'> (0x00000007861e88b0) 
thrown [open/src/hotspot/share/interpreter/linkResolver.cpp, line 766]
Event: 0.929 Thread 0x000000011c93dc00 Exception <a 'java/lang/NoSuchMethodError'{0x000000078613e138}: 'long java.lang.invoke.DirectMethodHandle$Holder.invokeStatic(java.lang.Object, java.lang.Object, java.lang.Object)'> (0x000000078613e138) 
thrown [open/src/hotspot/share/interpreter/linkResolver.cpp, line 766]
Event: 0.929 Thread 0x000000011c93dc00 Exception <a 'java/lang/NoSuchMethodError'{0x00000007861418e0}: 'long java.lang.invoke.DirectMethodHandle$Holder.invokeStaticInit(java.lang.Object, java.lang.Object, java.lang.Object)'> (0x00000007861418e0) 
thrown [open/src/hotspot/share/interpreter/linkResolver.cpp, line 766]
Event: 0.930 Thread 0x000000011c93dc00 Exception <a 'java/lang/NoSuchMethodError'{0x00000007861594e8}: 'java.lang.Object java.lang.invoke.DirectMethodHandle$Holder.newInvokeSpecial(java.lang.Object, java.lang.Object, long)'> (0x00000007861594e8) 
thrown [open/src/hotspot/share/interpreter/linkResolver.cpp, line 766]
Event: 0.930 Thread 0x000000011c93dc00 Exception <a 'java/lang/NoSuchMethodError'{0x000000078615cdb0}: 'java.lang.Object java.lang.invoke.Invokers$Holder.linkToTargetMethod(java.lang.Object, long, java.lang.Object)'> (0x000000078615cdb0) 
thrown [open/src/hotspot/share/interpreter/linkResolver.cpp, line 766]

VM Operations (20 events):
Event: 0.050 Executing VM operation: HandshakeAllThreads
Event: 0.050 Executing VM operation: HandshakeAllThreads done
Event: 0.062 Executing VM operation: HandshakeAllThreads
Event: 0.062 Executing VM operation: HandshakeAllThreads done
Event: 0.390 Executing VM operation: ICBufferFull
Event: 0.390 Executing VM operation: ICBufferFull done
Event: 0.481 Executing VM operation: HandshakeAllThreads
Event: 0.481 Executing VM operation: HandshakeAllThreads done
Event: 0.492 Executing VM operation: G1CollectForAllocation
Event: 0.495 Executing VM operation: G1CollectForAllocation done
Event: 0.517 Executing VM operation: HandshakeAllThreads
Event: 0.517 Executing VM operation: HandshakeAllThreads done
Event: 0.548 Executing VM operation: ICBufferFull
Event: 0.548 Executing VM operation: ICBufferFull done
Event: 0.560 Executing VM operation: HandshakeAllThreads
Event: 0.560 Executing VM operation: HandshakeAllThreads done
Event: 0.816 Executing VM operation: ICBufferFull
Event: 0.816 Executing VM operation: ICBufferFull done
Event: 0.858 Executing VM operation: ICBufferFull
Event: 0.858 Executing VM operation: ICBufferFull done

Events (20 events):
Event: 1.155 loading class sun/util/locale/provider/TimeZoneNameUtility
Event: 1.155 loading class sun/util/locale/provider/TimeZoneNameUtility done
Event: 1.155 loading class sun/util/locale/provider/TimeZoneNameUtility$TimeZoneNameGetter
Event: 1.155 loading class sun/util/locale/provider/TimeZoneNameUtility$TimeZoneNameGetter done
Event: 1.156 loading class sun/util/cldr/CLDRTimeZoneNameProviderImpl
Event: 1.156 loading class sun/util/locale/provider/TimeZoneNameProviderImpl
Event: 1.156 loading class sun/util/locale/provider/TimeZoneNameProviderImpl done
Event: 1.156 loading class sun/util/cldr/CLDRTimeZoneNameProviderImpl done
Event: 1.156 loading class sun/util/locale/provider/BaseLocaleDataMetaInfo
Event: 1.157 loading class sun/util/locale/provider/BaseLocaleDataMetaInfo done
Event: 1.157 loading class sun/util/resources/cldr/TimeZoneNames
Event: 1.157 loading class sun/util/resources/TimeZoneNamesBundle
Event: 1.158 loading class sun/util/resources/OpenListResourceBundle
Event: 1.158 loading class sun/util/resources/OpenListResourceBundle done
Event: 1.158 loading class sun/util/resources/TimeZoneNamesBundle done
Event: 1.158 loading class sun/util/resources/cldr/TimeZoneNames done
Event: 1.158 loading class sun/util/resources/cldr/TimeZoneNames_en
Event: 1.158 loading class sun/util/resources/cldr/TimeZoneNames_en done
Event: 1.158 loading class sun/util/resources/cldr/TimeZoneNames_en_US
Event: 1.158 loading class sun/util/resources/cldr/TimeZoneNames_en_US done


Dynamic libraries:
0x0000000104e0c000 	/Users/pranjulsingh/Library/Java/JavaVirtualMachines/openjdk-17.0.2/Contents/Home/lib/libjli.dylib
0x00000001a57e4000 	/usr/lib/libz.1.dylib
0x00000001a589b000 	/usr/lib/libSystem.B.dylib
0x00000001a5895000 	/usr/lib/system/libcache.dylib
0x00000001a5853000 	/usr/lib/system/libcommonCrypto.dylib
0x00000001a587c000 	/usr/lib/system/libcompiler_rt.dylib
0x00000001a5873000 	/usr/lib/system/libcopyfile.dylib
0x000000019aadb000 	/usr/lib/system/libcorecrypto.dylib
0x000000019ab8e000 	/usr/lib/system/libdispatch.dylib
0x000000019ad5c000 	/usr/lib/system/libdyld.dylib
0x00000001a588b000 	/usr/lib/system/libkeymgr.dylib
0x00000001a582e000 	/usr/lib/system/libmacho.dylib
0x00000001a4f23000 	/usr/lib/system/libquarantine.dylib
0x00000001a5888000 	/usr/lib/system/libremovefile.dylib
0x000000019fec4000 	/usr/lib/system/libsystem_asl.dylib
0x000000019aa7d000 	/usr/lib/system/libsystem_blocks.dylib
0x000000019ac16000 	/usr/lib/system/libsystem_c.dylib
0x00000001a5880000 	/usr/lib/system/libsystem_collections.dylib
0x00000001a43b1000 	/usr/lib/system/libsystem_configuration.dylib
0x00000001a360d000 	/usr/lib/system/libsystem_containermanager.dylib
0x00000001a5590000 	/usr/lib/system/libsystem_coreservices.dylib
0x000000019d484000 	/usr/lib/system/libsystem_darwin.dylib
0x00000001a588c000 	/usr/lib/system/libsystem_dnssd.dylib
0x000000019ac13000 	/usr/lib/system/libsystem_featureflags.dylib
0x000000019ad71000 	/usr/lib/system/libsystem_info.dylib
0x00000001a57f6000 	/usr/lib/system/libsystem_m.dylib
0x000000019ab63000 	/usr/lib/system/libsystem_malloc.dylib
0x000000019fe53000 	/usr/lib/system/libsystem_networkextension.dylib
0x000000019d8dd000 	/usr/lib/system/libsystem_notify.dylib
0x00000001abbd9000 	/usr/lib/system/libsystem_product_info_filter.dylib
0x00000001a43b6000 	/usr/lib/system/libsystem_sandbox.dylib
0x00000001a5885000 	/usr/lib/system/libsystem_secinit.dylib
0x000000019ad17000 	/usr/lib/system/libsystem_kernel.dylib
0x000000019ad69000 	/usr/lib/system/libsystem_platform.dylib
0x000000019ad4f000 	/usr/lib/system/libsystem_pthread.dylib
0x00000001a161c000 	/usr/lib/system/libsystem_symptoms.dylib
0x000000019aac1000 	/usr/lib/system/libsystem_trace.dylib
0x00000001a5860000 	/usr/lib/system/libunwind.dylib
0x000000019aa7f000 	/usr/lib/system/libxpc.dylib
0x000000019acff000 	/usr/lib/libc++abi.dylib
0x000000019abd5000 	/usr/lib/libobjc.A.dylib
0x00000001a586b000 	/usr/lib/liboah.dylib
0x000000019ac98000 	/usr/lib/libc++.1.dylib
0x00000001b16f2000 	/System/Library/Frameworks/Cocoa.framework/Versions/A/Cocoa
0x000000019d93e000 	/System/Library/Frameworks/AppKit.framework/Versions/C/AppKit
0x00000001a0e44000 	/System/Library/Frameworks/CoreData.framework/Versions/A/CoreData
0x000000019bc99000 	/System/Library/Frameworks/Foundation.framework/Versions/C/Foundation
0x000000019e7f6000 	/System/Library/PrivateFrameworks/UIFoundation.framework/Versions/A/UIFoundation
0x00000001ab8d3000 	/System/Library/PrivateFrameworks/RemoteViewServices.framework/Versions/A/RemoteViewServices
0x00000001a3d59000 	/System/Library/PrivateFrameworks/XCTTargetBootstrap.framework/Versions/A/XCTTargetBootstrap
0x00000001a75d7000 	/System/Library/PrivateFrameworks/InternationalSupport.framework/Versions/A/InternationalSupport
0x00000001a7660000 	/System/Library/PrivateFrameworks/UserActivity.framework/Versions/A/UserActivity
0x00000001a6ad2000 	/usr/lib/libspindump.dylib
0x000000019ea67000 	/System/Library/Frameworks/UniformTypeIdentifiers.framework/Versions/A/UniformTypeIdentifiers
0x00000001a22a4000 	/usr/lib/libapp_launch_measurement.dylib
0x00000001a17ce000 	/System/Library/PrivateFrameworks/CoreAnalytics.framework/Versions/A/CoreAnalytics
0x00000001a22a7000 	/System/Library/PrivateFrameworks/CoreAutoLayout.framework/Versions/A/CoreAutoLayout
0x00000001a364a000 	/System/Library/Frameworks/Metal.framework/Versions/A/Metal
0x00000001a43c1000 	/usr/lib/liblangid.dylib
0x00000001a3d5e000 	/System/Library/PrivateFrameworks/CoreSVG.framework/Versions/A/CoreSVG
0x000000019fef8000 	/System/Library/PrivateFrameworks/SkyLight.framework/Versions/A/SkyLight
0x00000001a02cd000 	/System/Library/Frameworks/CoreGraphics.framework/Versions/A/CoreGraphics
0x00000001abf9f000 	/System/Library/Frameworks/Accelerate.framework/Versions/A/Accelerate
0x00000001a6549000 	/System/Library/PrivateFrameworks/IconServices.framework/Versions/A/IconServices
0x00000001a362c000 	/System/Library/Frameworks/IOSurface.framework/Versions/A/IOSurface
0x00000001a17ff000 	/usr/lib/libDiagnosticMessagesClient.dylib
0x00000001af4a0000 	/System/Library/Frameworks/ApplicationServices.framework/Versions/A/ApplicationServices
0x00000001a3d41000 	/System/Library/PrivateFrameworks/DFRFoundation.framework/Versions/A/DFRFoundation
0x000000019d1ce000 	/usr/lib/libicucore.A.dylib
0x00000001a8483000 	/System/Library/Frameworks/AudioToolbox.framework/Versions/A/AudioToolbox
0x00000001a75e3000 	/System/Library/PrivateFrameworks/DataDetectorsCore.framework/Versions/A/DataDetectorsCore
0x00000001bdf23000 	/System/Library/PrivateFrameworks/TextInput.framework/Versions/A/TextInput
0x000000019fe6d000 	/usr/lib/libMobileGestalt.dylib
0x00000001a3a0d000 	/System/Library/Frameworks/Carbon.framework/Versions/A/Frameworks/HIToolbox.framework/Versions/A/HIToolbox
0x00000001a1c80000 	/System/Library/Frameworks/QuartzCore.framework/Versions/A/QuartzCore
0x000000019ce51000 	/System/Library/Frameworks/Security.framework/Versions/A/Security
0x00000001ab913000 	/System/Library/Frameworks/Carbon.framework/Versions/A/Frameworks/SpeechRecognition.framework/Versions/A/SpeechRecognition
0x00000001a1ffa000 	/System/Library/PrivateFrameworks/CoreUI.framework/Versions/A/CoreUI
0x000000019c72e000 	/System/Library/Frameworks/CoreAudio.framework/Versions/A/CoreAudio
0x00000001a18f4000 	/System/Library/Frameworks/DiskArbitration.framework/Versions/A/DiskArbitration
0x00000001a6edc000 	/System/Library/PrivateFrameworks/MultitouchSupport.framework/Versions/A/MultitouchSupport
0x000000019fe6b000 	/usr/lib/libenergytrace.dylib
0x000000019d806000 	/System/Library/Frameworks/IOKit.framework/Versions/A/IOKit
0x00000001abd02000 	/System/Library/Frameworks/CoreServices.framework/Versions/A/CoreServices
0x00000001a2234000 	/System/Library/PrivateFrameworks/PerformanceAnalysis.framework/Versions/A/PerformanceAnalysis
0x00000001fc20b000 	/System/Library/Frameworks/OpenGL.framework/Versions/A/OpenGL
0x00000001a4e3b000 	/System/Library/PrivateFrameworks/MobileKeyBag.framework/Versions/A/MobileKeyBag
0x00000001a08da000 	/System/Library/Frameworks/ColorSync.framework/Versions/A/ColorSync
0x000000019ad9e000 	/System/Library/Frameworks/CoreFoundation.framework/Versions/A/CoreFoundation
0x00000001a3fdd000 	/System/Library/Frameworks/CoreImage.framework/Versions/A/CoreImage
0x000000019c552000 	/System/Library/Frameworks/CoreText.framework/Versions/A/CoreText
0x00000001a3d8e000 	/System/Library/Frameworks/ImageIO.framework/Versions/A/ImageIO
0x00000001a58a1000 	/System/Library/PrivateFrameworks/SoftLinking.framework/Versions/A/SoftLinking
0x00000001a22f2000 	/usr/lib/libxml2.2.dylib
0x00000001a5b3a000 	/usr/lib/libcompression.dylib
0x00000001a7533000 	/System/Library/PrivateFrameworks/TextureIO.framework/Versions/A/TextureIO
0x00000001a6262000 	/usr/lib/libate.dylib
0x00000001a6127000 	/usr/lib/liblzma.5.dylib
0x000000019b98d000 	/System/Library/Frameworks/SystemConfiguration.framework/Versions/A/SystemConfiguration
0x00000001a589d000 	/usr/lib/libfakelink.dylib
0x000000019f99f000 	/System/Library/Frameworks/CFNetwork.framework/Versions/A/CFNetwork
0x00000001a59e3000 	/usr/lib/libarchive.2.dylib
0x00000001a43bd000 	/System/Library/PrivateFrameworks/AppleSystemInfo.framework/Versions/A/AppleSystemInfo
0x00000001a4f4e000 	/usr/lib/libbsm.0.dylib
0x000000019ef10000 	/usr/lib/libnetwork.dylib
0x00000001a5837000 	/usr/lib/system/libkxld.dylib
0x00000001a4b61000 	/System/Library/PrivateFrameworks/IOMobileFramebuffer.framework/Versions/A/IOMobileFramebuffer
0x0000000219b37000 	/usr/lib/libCoreEntitlements.dylib
0x00000001a5572000 	/System/Library/PrivateFrameworks/AppleFSCompression.framework/Versions/A/AppleFSCompression
0x00000001a4f36000 	/usr/lib/libcoretls.dylib
0x00000001a6140000 	/usr/lib/libcoretls_cfhelpers.dylib
0x00000001a5b35000 	/usr/lib/libpam.2.dylib
0x00000001a1233000 	/usr/lib/libsqlite3.dylib
0x00000001a61a9000 	/usr/lib/libxar.1.dylib
0x00000001a5583000 	/usr/lib/libbz2.1.0.dylib
0x00000001a58a2000 	/usr/lib/libpcap.A.dylib
0x00000001a1613000 	/usr/lib/libdns_services.dylib
0x00000001a5b08000 	/usr/lib/libapple_nghttp2.dylib
0x00000001a58df000 	/usr/lib/libiconv.2.dylib
0x00000001a582d000 	/usr/lib/libcharset.1.dylib
0x00000001a2270000 	/System/Library/Frameworks/CoreServices.framework/Versions/A/Frameworks/FSEvents.framework/Versions/A/FSEvents
0x000000019d48f000 	/System/Library/Frameworks/CoreServices.framework/Versions/A/Frameworks/CarbonCore.framework/Versions/A/CarbonCore
0x00000001a1854000 	/System/Library/Frameworks/CoreServices.framework/Versions/A/Frameworks/Metadata.framework/Versions/A/Metadata
0x00000001a5596000 	/System/Library/Frameworks/CoreServices.framework/Versions/A/Frameworks/OSServices.framework/Versions/A/OSServices
0x00000001a5a69000 	/System/Library/Frameworks/CoreServices.framework/Versions/A/Frameworks/SearchKit.framework/Versions/A/SearchKit
0x00000001a15a2000 	/System/Library/Frameworks/CoreServices.framework/Versions/A/Frameworks/AE.framework/Versions/A/AE
0x000000019b2e4000 	/System/Library/Frameworks/CoreServices.framework/Versions/A/Frameworks/LaunchServices.framework/Versions/A/LaunchServices
0x00000001a60d0000 	/System/Library/Frameworks/CoreServices.framework/Versions/A/Frameworks/DictionaryServices.framework/Versions/A/DictionaryServices
0x00000001a227d000 	/System/Library/Frameworks/CoreServices.framework/Versions/A/Frameworks/SharedFileList.framework/Versions/A/SharedFileList
0x00000001a4f26000 	/usr/lib/libCheckFix.dylib
0x000000019fedc000 	/System/Library/PrivateFrameworks/TCC.framework/Versions/A/TCC
0x00000001a43c3000 	/System/Library/PrivateFrameworks/CoreNLP.framework/Versions/A/CoreNLP
0x00000001a1802000 	/System/Library/PrivateFrameworks/MetadataUtilities.framework/Versions/A/MetadataUtilities
0x000000019ba46000 	/usr/lib/libmecabra.dylib
0x00000001a4f5f000 	/usr/lib/libmecab.dylib
0x000000019ba12000 	/usr/lib/libCRFSuite.dylib
0x00000001a4fbc000 	/usr/lib/libgermantok.dylib
0x00000001a5ae1000 	/usr/lib/libThaiTokenizer.dylib
0x00000001a18fc000 	/System/Library/Frameworks/Accelerate.framework/Versions/A/Frameworks/vImage.framework/Versions/A/vImage
0x00000001abcd9000 	/System/Library/Frameworks/Accelerate.framework/Versions/A/Frameworks/vecLib.framework/Versions/A/vecLib
0x00000001a61ee000 	/System/Library/Frameworks/Accelerate.framework/Versions/A/Frameworks/vecLib.framework/Versions/A/libvMisc.dylib
0x00000001a4a68000 	/System/Library/Frameworks/Accelerate.framework/Versions/A/Frameworks/vecLib.framework/Versions/A/libvDSP.dylib
0x000000019b66d000 	/System/Library/Frameworks/Accelerate.framework/Versions/A/Frameworks/vecLib.framework/Versions/A/libBLAS.dylib
0x00000001a5c0b000 	/System/Library/Frameworks/Accelerate.framework/Versions/A/Frameworks/vecLib.framework/Versions/A/libLAPACK.dylib
0x00000001a4fbf000 	/System/Library/Frameworks/Accelerate.framework/Versions/A/Frameworks/vecLib.framework/Versions/A/libLinearAlgebra.dylib
0x00000001a5b20000 	/System/Library/Frameworks/Accelerate.framework/Versions/A/Frameworks/vecLib.framework/Versions/A/libSparseBLAS.dylib
0x00000001a5c06000 	/System/Library/Frameworks/Accelerate.framework/Versions/A/Frameworks/vecLib.framework/Versions/A/libQuadrature.dylib
0x00000001a44bc000 	/System/Library/Frameworks/Accelerate.framework/Versions/A/Frameworks/vecLib.framework/Versions/A/libBNNS.dylib
0x000000019b92b000 	/System/Library/Frameworks/Accelerate.framework/Versions/A/Frameworks/vecLib.framework/Versions/A/libSparse.dylib
0x00000001a44b4000 	/System/Library/PrivateFrameworks/LinguisticData.framework/Versions/A/LinguisticData
0x000000019b8e3000 	/System/Library/PrivateFrameworks/Lexicon.framework/Versions/A/Lexicon
0x00000001a61e6000 	/usr/lib/libChineseTokenizer.dylib
0x000000019c08a000 	/System/Library/PrivateFrameworks/LanguageModeling.framework/Versions/A/LanguageModeling
0x00000001a5ae3000 	/System/Library/PrivateFrameworks/AppleSauce.framework/Versions/A/AppleSauce
0x00000001a4b4e000 	/System/Library/PrivateFrameworks/CoreEmoji.framework/Versions/A/CoreEmoji
0x00000001a59d1000 	/usr/lib/libcmph.dylib
0x00000001a2250000 	/System/Library/Frameworks/OpenDirectory.framework/Versions/A/Frameworks/CFOpenDirectory.framework/Versions/A/CFOpenDirectory
0x00000001a2240000 	/System/Library/Frameworks/OpenDirectory.framework/Versions/A/OpenDirectory
0x00000001a6142000 	/System/Library/PrivateFrameworks/APFS.framework/Versions/A/APFS
0x00000001a4e76000 	/System/Library/Frameworks/SecurityFoundation.framework/Versions/A/SecurityFoundation
0x00000001a61b8000 	/usr/lib/libutil.dylib
0x000000019d7c8000 	/System/Library/PrivateFrameworks/CoreServicesStore.framework/Versions/A/CoreServicesStore
0x00000001a61bc000 	/usr/lib/libxslt.1.dylib
0x00000001a4f0a000 	/System/Library/PrivateFrameworks/BackgroundTaskManagement.framework/Versions/A/BackgroundTaskManagement
0x00000001a7454000 	/System/Library/Frameworks/ImageIO.framework/Versions/A/Resources/libRadiance.dylib
0x00000001a745d000 	/System/Library/Frameworks/ImageIO.framework/Versions/A/Resources/libJPEG.dylib
0x00000001a73b0000 	/System/Library/Frameworks/ImageIO.framework/Versions/A/Resources/libPng.dylib
0x00000001a73d2000 	/System/Library/Frameworks/ImageIO.framework/Versions/A/Resources/libTIFF.dylib
0x00000001a74b8000 	/System/Library/Frameworks/ImageIO.framework/Versions/A/Resources/libGIF.dylib
0x00000001a6dec000 	/System/Library/Frameworks/ImageIO.framework/Versions/A/Resources/libJP2.dylib
0x00000001a650e000 	/usr/lib/libexpat.1.dylib
0x00000001a6da7000 	/System/Library/PrivateFrameworks/AppleJPEG.framework/Versions/A/AppleJPEG
0x00000001a38c9000 	/System/Library/PrivateFrameworks/FontServices.framework/libFontParser.dylib
0x00000001a1547000 	/System/Library/PrivateFrameworks/RunningBoardServices.framework/Versions/A/RunningBoardServices
0x00000001b1dc5000 	/System/Library/PrivateFrameworks/IOSurfaceAccelerator.framework/Versions/A/IOSurfaceAccelerator
0x00000001a6ed8000 	/System/Library/PrivateFrameworks/WatchdogClient.framework/Versions/A/WatchdogClient
0x000000019c18e000 	/System/Library/Frameworks/CoreDisplay.framework/Versions/A/CoreDisplay
0x00000001a37b3000 	/System/Library/Frameworks/CoreMedia.framework/Versions/A/CoreMedia
0x00000001a3640000 	/System/Library/PrivateFrameworks/IOAccelerator.framework/Versions/A/IOAccelerator
0x00000001a23e0000 	/System/Library/Frameworks/CoreVideo.framework/Versions/A/CoreVideo
0x00000001a5b33000 	/System/Library/Frameworks/MetalPerformanceShaders.framework/Versions/A/MetalPerformanceShaders
0x00000001a6f17000 	/System/Library/Frameworks/VideoToolbox.framework/Versions/A/VideoToolbox
0x00000001a148b000 	/System/Library/PrivateFrameworks/BaseBoard.framework/Versions/A/BaseBoard
0x00000001a1219000 	/System/Library/PrivateFrameworks/ProtocolBuffer.framework/Versions/A/ProtocolBuffer
0x00000001a744f000 	/System/Library/PrivateFrameworks/GPUWrangler.framework/Versions/A/GPUWrangler
0x00000001a742f000 	/System/Library/PrivateFrameworks/IOPresentment.framework/Versions/A/IOPresentment
0x00000001a7457000 	/System/Library/PrivateFrameworks/DSExternalDisplay.framework/Versions/A/DSExternalDisplay
0x00000001fc1fe000 	/System/Library/Frameworks/OpenGL.framework/Versions/A/Libraries/libCoreFSCache.dylib
0x00000002066bd000 	/System/Library/PrivateFrameworks/GPUCompiler.framework/Versions/31001/Libraries/libGPUCompilerUtils.dylib
0x00000001a74bd000 	/System/Library/PrivateFrameworks/CMCaptureCore.framework/Versions/A/CMCaptureCore
0x00000001a6abf000 	/System/Library/PrivateFrameworks/AppServerSupport.framework/Versions/A/AppServerSupport
0x00000001a8d40000 	/System/Library/PrivateFrameworks/perfdata.framework/Versions/A/perfdata
0x000000019c2ae000 	/System/Library/PrivateFrameworks/AudioToolboxCore.framework/Versions/A/AudioToolboxCore
0x00000001a378c000 	/System/Library/PrivateFrameworks/caulk.framework/Versions/A/caulk
0x00000001a8635000 	/usr/lib/libAudioStatistics.dylib
0x00000001ba58a000 	/System/Library/PrivateFrameworks/SystemPolicy.framework/Versions/A/SystemPolicy
0x00000001a88a1000 	/usr/lib/libSMC.dylib
0x00000001b15d4000 	/System/Library/Frameworks/CoreMIDI.framework/Versions/A/CoreMIDI
0x00000001a737e000 	/usr/lib/libAudioToolboxUtility.dylib
0x00000001b6657000 	/System/Library/PrivateFrameworks/OSAServicesClient.framework/Versions/A/OSAServicesClient
0x00000001a8d4d000 	/usr/lib/libperfcheck.dylib
0x00000001bb0a2000 	/usr/lib/libmis.dylib
0x00000001fc260000 	/System/Library/Frameworks/OpenGL.framework/Versions/A/Libraries/libGLU.dylib
0x00000001fc21f000 	/System/Library/Frameworks/OpenGL.framework/Versions/A/Libraries/libGFXShared.dylib
0x00000001fc40c000 	/System/Library/Frameworks/OpenGL.framework/Versions/A/Libraries/libGL.dylib
0x00000001fc228000 	/System/Library/Frameworks/OpenGL.framework/Versions/A/Libraries/libGLImage.dylib
0x00000001fc21c000 	/System/Library/Frameworks/OpenGL.framework/Versions/A/Libraries/libCVMSPluginSupport.dylib
0x00000001fc205000 	/System/Library/Frameworks/OpenGL.framework/Versions/A/Libraries/libCoreVMClient.dylib
0x00000001a433d000 	/System/Library/Frameworks/MetalPerformanceShaders.framework/Versions/A/Frameworks/MPSCore.framework/Versions/A/MPSCore
0x00000001a54e5000 	/System/Library/Frameworks/MetalPerformanceShaders.framework/Versions/A/Frameworks/MPSImage.framework/Versions/A/MPSImage
0x00000001a4fd4000 	/System/Library/Frameworks/MetalPerformanceShaders.framework/Versions/A/Frameworks/MPSNeuralNetwork.framework/Versions/A/MPSNeuralNetwork
0x00000001a540d000 	/System/Library/Frameworks/MetalPerformanceShaders.framework/Versions/A/Frameworks/MPSMatrix.framework/Versions/A/MPSMatrix
0x00000001a51e6000 	/System/Library/Frameworks/MetalPerformanceShaders.framework/Versions/A/Frameworks/MPSRayIntersector.framework/Versions/A/MPSRayIntersector
0x00000001a543e000 	/System/Library/Frameworks/MetalPerformanceShaders.framework/Versions/A/Frameworks/MPSNDArray.framework/Versions/A/MPSNDArray
0x00000001fe377000 	/System/Library/Frameworks/MetalPerformanceShaders.framework/Versions/A/Frameworks/MPSFunctions.framework/Versions/A/MPSFunctions
0x000000019b544000 	/System/Library/PrivateFrameworks/MetalTools.framework/Versions/A/MetalTools
0x00000001a43bb000 	/System/Library/PrivateFrameworks/AggregateDictionary.framework/Versions/A/AggregateDictionary
0x00000001a62f3000 	/usr/lib/libIOReport.dylib
0x00000001b05f2000 	/System/Library/PrivateFrameworks/ASEProcessing.framework/Versions/A/ASEProcessing
0x00000001a6668000 	/System/Library/PrivateFrameworks/FaceCore.framework/Versions/A/FaceCore
0x00000001a665a000 	/System/Library/PrivateFrameworks/GraphVisualizer.framework/Versions/A/GraphVisualizer
0x00000002065d4000 	/System/Library/PrivateFrameworks/FontServices.framework/Versions/A/FontServices
0x00000001a6a7b000 	/System/Library/PrivateFrameworks/OTSVG.framework/Versions/A/OTSVG
0x00000001a1faa000 	/System/Library/Frameworks/ApplicationServices.framework/Versions/A/Frameworks/ATS.framework/Versions/A/Resources/libFontRegistry.dylib
0x00000001a6ac8000 	/System/Library/PrivateFrameworks/FontServices.framework/libhvf.dylib
0x00000002065d5000 	/System/Library/PrivateFrameworks/FontServices.framework/libXTFontStaticRegistryData.dylib
0x00000001fc5ad000 	/System/Library/Frameworks/OpenCL.framework/Versions/A/OpenCL
0x00000001a64c2000 	/System/Library/PrivateFrameworks/AppleVA.framework/Versions/A/AppleVA
0x00000001a865d000 	/System/Library/Frameworks/ApplicationServices.framework/Versions/A/Frameworks/ATS.framework/Versions/A/ATS
0x00000001a09d7000 	/System/Library/Frameworks/ApplicationServices.framework/Versions/A/Frameworks/HIServices.framework/Versions/A/HIServices
0x00000001a74c7000 	/System/Library/Frameworks/ApplicationServices.framework/Versions/A/Frameworks/PrintCore.framework/Versions/A/PrintCore
0x00000001a89f4000 	/System/Library/Frameworks/ApplicationServices.framework/Versions/A/Frameworks/QD.framework/Versions/A/QD
0x00000001a89ec000 	/System/Library/Frameworks/ApplicationServices.framework/Versions/A/Frameworks/ColorSyncLegacy.framework/Versions/A/ColorSyncLegacy
0x00000001a8649000 	/System/Library/Frameworks/ApplicationServices.framework/Versions/A/Frameworks/SpeechSynthesis.framework/Versions/A/SpeechSynthesis
0x00000001a7488000 	/System/Library/Frameworks/ApplicationServices.framework/Versions/A/Frameworks/ATSUI.framework/Versions/A/ATSUI
0x00000001a8981000 	/usr/lib/libcups.2.dylib
0x00000001a8d5b000 	/System/Library/Frameworks/Kerberos.framework/Versions/A/Kerberos
0x00000001a8d6c000 	/System/Library/Frameworks/GSS.framework/Versions/A/GSS
0x00000001a86cd000 	/usr/lib/libresolv.9.dylib
0x00000001a6ad7000 	/System/Library/PrivateFrameworks/Heimdal.framework/Versions/A/Heimdal
0x00000001af827000 	/System/Library/Frameworks/Kerberos.framework/Versions/A/Libraries/libHeimdalProxy.dylib
0x00000001a1625000 	/System/Library/Frameworks/Network.framework/Versions/A/Network
0x00000001a6529000 	/usr/lib/libheimdal-asn1.dylib
0x00000001a8dbc000 	/System/Library/PrivateFrameworks/CommonAuth.framework/Versions/A/CommonAuth
0x00000001a85c3000 	/System/Library/PrivateFrameworks/AudioSession.framework/Versions/A/AudioSession
0x00000001a65bb000 	/System/Library/PrivateFrameworks/MediaExperience.framework/Versions/A/MediaExperience
0x00000001a8449000 	/System/Library/PrivateFrameworks/AudioSession.framework/libSessionUtility.dylib
0x00000001a8a00000 	/System/Library/PrivateFrameworks/AudioResourceArbitration.framework/Versions/A/AudioResourceArbitration
0x00000001acbb6000 	/System/Library/PrivateFrameworks/PowerLog.framework/Versions/A/PowerLog
0x00000001a6533000 	/System/Library/PrivateFrameworks/IconFoundation.framework/Versions/A/IconFoundation
0x00000001ab8ff000 	/System/Library/PrivateFrameworks/SpeechRecognitionCore.framework/Versions/A/SpeechRecognitionCore
0x000000010609c000 	/Users/pranjulsingh/Library/Java/JavaVirtualMachines/openjdk-17.0.2/Contents/Home/lib/server/libjvm.dylib
0x0000000104e70000 	/Users/pranjulsingh/Library/Java/JavaVirtualMachines/openjdk-17.0.2/Contents/Home/lib/libjimage.dylib
0x0000000104e9c000 	/Users/pranjulsingh/Library/Java/JavaVirtualMachines/openjdk-17.0.2/Contents/Home/lib/libinstrument.dylib
0x0000000104ee8000 	/Users/pranjulsingh/Library/Java/JavaVirtualMachines/openjdk-17.0.2/Contents/Home/lib/libjava.dylib
0x00000001050b0000 	/Users/pranjulsingh/Library/Java/JavaVirtualMachines/openjdk-17.0.2/Contents/Home/lib/libnio.dylib
0x0000000105e7c000 	/Users/pranjulsingh/Library/Java/JavaVirtualMachines/openjdk-17.0.2/Contents/Home/lib/libnet.dylib
0x0000000104ed0000 	/Users/pranjulsingh/Library/Java/JavaVirtualMachines/openjdk-17.0.2/Contents/Home/lib/libzip.dylib
0x0000000105ea0000 	/Users/pranjulsingh/.openjfx/cache/17.0.1/libprism_es2.dylib
0x000000019d78b000 	/System/Library/PrivateFrameworks/CoreServicesInternal.framework/Versions/A/CoreServicesInternal
0x00000001fc416000 	/System/Library/Frameworks/OpenGL.framework/Versions/A/Resources/GLEngine.bundle/GLEngine
0x00000001fc29e000 	/System/Library/Frameworks/OpenGL.framework/Versions/A/Libraries/libGLProgrammability.dylib
0x0000000117e3c000 	/System/Library/Extensions/AppleMetalOpenGLRenderer.bundle/Contents/MacOS/AppleMetalOpenGLRenderer
0x00000001fc585000 	/System/Library/Frameworks/OpenGL.framework/Versions/A/Resources/GLRendererFloat.bundle/GLRendererFloat
0x00000001fc685000 	/System/Library/Extensions/AGXMetal13_3.bundle/Contents/MacOS/AGXMetal13_3
0x00000001bb0be000 	/System/Library/PrivateFrameworks/GPURawCounter.framework/Versions/A/GPURawCounter
0x00000001b57c8000 	/System/Library/PrivateFrameworks/IOGPU.framework/Versions/A/IOGPU
0x0000000117da4000 	/Users/pranjulsingh/.openjfx/cache/17.0.1/libglass.dylib
0x00000001ace0e000 	/System/Library/Frameworks/FileProvider.framework/Versions/A/FileProvider
0x00000001a13f3000 	/System/Library/Frameworks/Accounts.framework/Versions/A/Accounts
0x00000001acf92000 	/System/Library/PrivateFrameworks/GenerationalStorage.framework/Versions/A/GenerationalStorage
0x00000001adb55000 	/System/Library/PrivateFrameworks/CoreSymbolication.framework/Versions/A/CoreSymbolication
0x00000001acbaa000 	/System/Library/PrivateFrameworks/SymptomDiagnosticReporter.framework/Versions/A/SymptomDiagnosticReporter
0x000000019ea7b000 	/System/Library/PrivateFrameworks/DesktopServicesPriv.framework/Versions/A/DesktopServicesPriv
0x000000019d8ed000 	/usr/lib/libsandbox.1.dylib
0x00000001a246e000 	/System/Library/PrivateFrameworks/UserManagement.framework/Versions/A/UserManagement
0x00000001adb12000 	/System/Library/PrivateFrameworks/DebugSymbols.framework/Versions/A/DebugSymbols
0x00000001a89df000 	/System/Library/PrivateFrameworks/NetAuth.framework/Versions/A/NetAuth
0x00000001a98fd000 	/System/Library/PrivateFrameworks/Sharing.framework/Versions/A/Sharing
0x00000001a243e000 	/System/Library/PrivateFrameworks/login.framework/Versions/A/Frameworks/loginsupport.framework/Versions/A/loginsupport
0x00000001aed47000 	/System/Library/PrivateFrameworks/Apple80211.framework/Versions/A/Apple80211
0x00000001a55c9000 	/System/Library/PrivateFrameworks/AuthKit.framework/Versions/A/AuthKit
0x00000001a4c4a000 	/System/Library/PrivateFrameworks/CoreUtils.framework/Versions/A/CoreUtils
0x00000001a4b6d000 	/System/Library/Frameworks/CoreWLAN.framework/Versions/A/CoreWLAN
0x00000001a9a6d000 	/System/Library/Frameworks/IOBluetooth.framework/Versions/A/IOBluetooth
0x00000001aeda7000 	/System/Library/PrivateFrameworks/CoreWiFi.framework/Versions/A/CoreWiFi
0x00000001ad6f2000 	/System/Library/PrivateFrameworks/FrontBoardServices.framework/Versions/A/FrontBoardServices
0x00000001ad78a000 	/System/Library/PrivateFrameworks/BoardServices.framework/Versions/A/BoardServices
0x00000001a4e64000 	/System/Library/PrivateFrameworks/AssertionServices.framework/Versions/A/AssertionServices
0x00000001aef24000 	/System/Library/PrivateFrameworks/BackBoardServices.framework/Versions/A/BackBoardServices
0x00000001a8e53000 	/System/Library/PrivateFrameworks/CorePhoneNumbers.framework/Versions/A/CorePhoneNumbers
0x00000001accda000 	/System/Library/PrivateFrameworks/DiskManagement.framework/Versions/A/DiskManagement
0x00000001acbdd000 	/System/Library/PrivateFrameworks/AppleIDAuthSupport.framework/Versions/A/AppleIDAuthSupport
0x0000000200b9e000 	/System/Library/PrivateFrameworks/AAAFoundation.framework/Versions/A/AAAFoundation
0x00000001a8e32000 	/System/Library/PrivateFrameworks/KeychainCircle.framework/Versions/A/KeychainCircle
0x00000001acca6000 	/System/Library/PrivateFrameworks/MediaKit.framework/Versions/A/MediaKit
0x00000001acbea000 	/System/Library/Frameworks/DiscRecording.framework/Versions/A/DiscRecording
0x00000001a643e000 	/usr/lib/libCoreStorage.dylib
0x00000001af221000 	/usr/lib/libcsfde.dylib
0x00000001a9b42000 	/System/Library/PrivateFrameworks/ProtectedCloudStorage.framework/Versions/A/ProtectedCloudStorage
0x00000001af219000 	/System/Library/PrivateFrameworks/EFILogin.framework/Versions/A/EFILogin
0x00000001acfb9000 	/System/Library/PrivateFrameworks/OctagonTrust.framework/Versions/A/OctagonTrust
0x000000020576f000 	/System/Library/PrivateFrameworks/CoreUtilsExtras.framework/Versions/A/CoreUtilsExtras
0x00000001acb0f000 	/System/Library/Frameworks/CoreBluetooth.framework/Versions/A/CoreBluetooth
0x00000001af8ac000 	/System/Library/Frameworks/AudioUnit.framework/Versions/A/AudioUnit
0x00000001a6436000 	/usr/lib/libMatch.1.dylib
0x00000001bf56a000 	/System/Library/Frameworks/Accelerate.framework/Versions/A/Frameworks/vImage.framework/Versions/A/Libraries/libCGInterfaces.dylib
0x0000000117fec000 	/usr/lib/libobjc-trampolines.dylib
0x00000001a2138000 	/System/Library/PrivateFrameworks/ViewBridge.framework/Versions/A/ViewBridge
0x00000001a6b9a000 	/System/Library/PrivateFrameworks/login.framework/Versions/A/login
0x000000011c1cc000 	/Users/pranjulsingh/.openjfx/cache/17.0.1/libjavafx_font.dylib
0x0000000219cb5000 	/usr/lib/libRosetta.dylib


VM Arguments:
jvm_args: -javaagent:/Applications/IntelliJ IDEA.app/Contents/lib/idea_rt.jar=54566:/Applications/IntelliJ IDEA.app/Contents/bin -Dfile.encoding=UTF-8 --module-path=/Users/pranjulsingh/IdeaProjects/OOP-Assignment2-Final/target/classes:/Users/pranjulsingh/.m2/repository/org/openjfx/javafx-fxml/17.0.1/javafx-fxml-17.0.1-mac-aarch64.jar:/Users/pranjulsingh/.m2/repository/org/openjfx/javafx-base/17.0.1/javafx-base-17.0.1-mac-aarch64.jar:/Users/pranjulsingh/.m2/repository/org/openjfx/javafx-controls/17.0.1/javafx-controls-17.0.1-mac-aarch64.jar:/Users/pranjulsingh/.m2/repository/org/openjfx/javafx-graphics/17.0.1/javafx-graphics-17.0.1-mac-aarch64.jar -Djdk.module.main=com.example.oopassignment2final 
java_command: com.example.oopassignment2final/com.example.oopassignment2final.Main
java_class_path (initial): /Users/pranjulsingh/.m2/repository/org/openjfx/javafx-controls/17.0.1/javafx-controls-17.0.1.jar:/Users/pranjulsingh/.m2/repository/org/openjfx/javafx-graphics/17.0.1/javafx-graphics-17.0.1.jar:/Users/pranjulsingh/.m2/repository/org/openjfx/javafx-base/17.0.1/javafx-base-17.0.1.jar:/Users/pranjulsingh/.m2/repository/org/openjfx/javafx-fxml/17.0.1/javafx-fxml-17.0.1.jar
Launcher Type: SUN_STANDARD

[Global flags]
     intx CICompilerCount                          = 4                                         {product} {ergonomic}
     uint ConcGCThreads                            = 2                                         {product} {ergonomic}
     uint G1ConcRefinementThreads                  = 8                                         {product} {ergonomic}
   size_t G1HeapRegionSize                         = 1048576                                   {product} {ergonomic}
    uintx GCDrainStackTargetSize                   = 64                                        {product} {ergonomic}
   size_t InitialHeapSize                          = 134217728                                 {product} {ergonomic}
   size_t MarkStackSize                            = 4194304                                   {product} {ergonomic}
   size_t MaxHeapSize                              = 2147483648                                {product} {ergonomic}
   size_t MaxNewSize                               = 1287651328                                {product} {ergonomic}
   size_t MinHeapDeltaBytes                        = 1048576                                   {product} {ergonomic}
   size_t MinHeapSize                              = 8388608                                   {product} {ergonomic}
    uintx NonNMethodCodeHeapSize                   = 5839564                                {pd product} {ergonomic}
    uintx NonProfiledCodeHeapSize                  = 122909338                              {pd product} {ergonomic}
    uintx ProfiledCodeHeapSize                     = 122909338                              {pd product} {ergonomic}
    uintx ReservedCodeCacheSize                    = 251658240                              {pd product} {ergonomic}
     bool SegmentedCodeCache                       = true                                      {product} {ergonomic}
   size_t SoftMaxHeapSize                          = 2147483648                             {manageable} {ergonomic}
     bool UseCompressedClassPointers               = true                           {product lp64_product} {ergonomic}
     bool UseCompressedOops                        = true                           {product lp64_product} {ergonomic}
     bool UseG1GC                                  = true                                      {product} {ergonomic}
     bool UseNUMA                                  = false                                     {product} {ergonomic}
     bool UseNUMAInterleaving                      = false                                     {product} {ergonomic}

Logging:
Log output configuration:
 #0: stdout all=warning uptime,level,tags
 #1: stderr all=off uptime,level,tags

Environment Variables:
PATH=/opt/homebrew/bin:/opt/homebrew/sbin:/usr/local/bin:/usr/bin:/bin:/usr/sbin:/sbin
SHELL=/bin/zsh
LC_CTYPE=en_CA.UTF-8

Signal Handlers:
   SIGSEGV: crash_handler in libjvm.dylib, mask=11100110000111110111111111111111, flags=SA_RESTART|SA_SIGINFO
    SIGBUS: crash_handler in libjvm.dylib, mask=11100110000111110111111111111111, flags=SA_RESTART|SA_SIGINFO
    SIGFPE: crash_handler in libjvm.dylib, mask=11100110000111110111111111111111, flags=SA_RESTART|SA_SIGINFO
   SIGPIPE: javaSignalHandler in libjvm.dylib, mask=11100110000111110111111111111111, flags=SA_RESTART|SA_SIGINFO
   SIGXFSZ: javaSignalHandler in libjvm.dylib, mask=11100110000111110111111111111111, flags=SA_RESTART|SA_SIGINFO
    SIGILL: crash_handler in libjvm.dylib, mask=11100110000111110111111111111111, flags=SA_RESTART|SA_SIGINFO
   SIGUSR2: SR_handler in libjvm.dylib, mask=00100000000000000000000000000000, flags=SA_RESTART|SA_SIGINFO
    SIGHUP: UserHandler in libjvm.dylib, mask=11100110000111110111111111111111, flags=SA_RESTART|SA_SIGINFO
    SIGINT: UserHandler in libjvm.dylib, mask=11100110000111110111111111111111, flags=SA_RESTART|SA_SIGINFO
   SIGTERM: UserHandler in libjvm.dylib, mask=11100110000111110111111111111111, flags=SA_RESTART|SA_SIGINFO
   SIGQUIT: UserHandler in libjvm.dylib, mask=11100110000111110111111111111111, flags=SA_RESTART|SA_SIGINFO
   SIGTRAP: crash_handler in libjvm.dylib, mask=11100110000111110111111111111111, flags=SA_RESTART|SA_SIGINFO


---------------  S Y S T E M  ---------------

OS:
uname: Darwin 21.4.0 Darwin Kernel Version 21.4.0: Fri Mar 18 00:47:26 PDT 2022; root:xnu-8020.101.4~15/RELEASE_ARM64_T8101 arm64
OS uptime: 0 days 23:14 hours
rlimit (soft/hard): STACK 8176k/65520k , CORE 0k/infinity , NPROC 1333/2000 , NOFILE 10240/infinity , AS infinity/infinity , CPU infinity/infinity , DATA infinity/infinity , FSIZE infinity/infinity , MEMLOCK infinity/infinity , RSS infinity/infinity
load average: 1.64 1.53 1.55

CPU: total 8 (initial active 8) 0x61:0x0:0x1b588bb3:0, fp, simd, crc, lse

Memory: 16k page, physical 8388608k(88752k free), swap 1048576k(1016832k free)

vm_info: OpenJDK 64-Bit Server VM (17.0.2+8-86) for bsd-aarch64 JRE (17.0.2+8-86), built on Dec  7 2021 21:45:06 by "mach5one" with clang Apple LLVM 12.0.0 (clang-1200.0.32.29)

END.
